[0.080s] DEBUG:colcon:Command line arguments: ['/usr/bin/colcon', 'build']
[0.081s] DEBUG:colcon:Parsed command line arguments: Namespace(log_base=None, log_level=None, verb_name='build', build_base='build', install_base='install', merge_install=False, symlink_install=False, test_result_base=None, continue_on_error=False, executor='parallel', parallel_workers=8, event_handlers=None, ignore_user_meta=False, metas=['./colcon.meta'], base_paths=['.'], packages_ignore=None, packages_ignore_regex=None, paths=None, packages_up_to=None, packages_up_to_regex=None, packages_above=None, packages_above_and_dependencies=None, packages_above_depth=None, packages_select_by_dep=None, packages_skip_by_dep=None, packages_skip_up_to=None, packages_select_build_failed=False, packages_skip_build_finished=False, packages_select_test_failures=False, packages_skip_test_passed=False, packages_select=None, packages_skip=None, packages_select_regex=None, packages_skip_regex=None, packages_start=None, packages_end=None, allow_overriding=[], cmake_args=None, cmake_target=None, cmake_target_skip_unavailable=False, cmake_clean_cache=False, cmake_clean_first=False, cmake_force_configure=False, ament_cmake_args=None, catkin_cmake_args=None, catkin_skip_building_tests=False, mixin_files=None, mixin=None, verb_parser=<colcon_mixin.mixin.mixin_argument.MixinArgumentDecorator object at 0x78e9a61a85c0>, verb_extension=<colcon_core.verb.build.BuildVerb object at 0x78e9a617ba70>, main=<bound method BuildVerb.main of <colcon_core.verb.build.BuildVerb object at 0x78e9a617ba70>>, mixin_verb=('build',))
[0.110s] Level 1:colcon.colcon_core.package_discovery:discover_packages(colcon_meta) check parameters
[0.110s] Level 1:colcon.colcon_core.package_discovery:discover_packages(recursive) check parameters
[0.110s] Level 1:colcon.colcon_core.package_discovery:discover_packages(ignore) check parameters
[0.110s] Level 1:colcon.colcon_core.package_discovery:discover_packages(path) check parameters
[0.110s] Level 1:colcon.colcon_core.package_discovery:discover_packages(colcon_meta) discover
[0.110s] Level 1:colcon.colcon_core.package_discovery:discover_packages(recursive) discover
[0.110s] INFO:colcon.colcon_core.package_discovery:Crawling recursively for packages in '/home/abhiniraula/Documents/ROS2_PRACTICE/interfaces'
[0.110s] Level 1:colcon.colcon_core.package_identification:_identify(.) by extensions ['ignore', 'ignore_ament_install']
[0.111s] Level 1:colcon.colcon_core.package_identification:_identify(.) by extension 'ignore'
[0.111s] Level 1:colcon.colcon_core.package_identification:_identify(.) by extension 'ignore_ament_install'
[0.111s] Level 1:colcon.colcon_core.package_identification:_identify(.) by extensions ['colcon_pkg']
[0.111s] Level 1:colcon.colcon_core.package_identification:_identify(.) by extension 'colcon_pkg'
[0.111s] Level 1:colcon.colcon_core.package_identification:_identify(.) by extensions ['colcon_meta']
[0.111s] Level 1:colcon.colcon_core.package_identification:_identify(.) by extension 'colcon_meta'
[0.111s] Level 1:colcon.colcon_core.package_identification:_identify(.) by extensions ['ros']
[0.111s] Level 1:colcon.colcon_core.package_identification:_identify(.) by extension 'ros'
[0.130s] Level 1:colcon.colcon_core.package_identification:_identify(.) by extensions ['cmake', 'python']
[0.130s] Level 1:colcon.colcon_core.package_identification:_identify(.) by extension 'cmake'
[0.130s] Level 1:colcon.colcon_core.package_identification:_identify(.) by extension 'python'
[0.130s] Level 1:colcon.colcon_core.package_identification:_identify(.) by extensions ['python_setup_py']
[0.130s] Level 1:colcon.colcon_core.package_identification:_identify(.) by extension 'python_setup_py'
[0.131s] Level 1:colcon.colcon_core.package_identification:_identify(build) by extensions ['ignore', 'ignore_ament_install']
[0.131s] Level 1:colcon.colcon_core.package_identification:_identify(build) by extension 'ignore'
[0.131s] Level 1:colcon.colcon_core.package_identification:_identify(build) ignored
[0.131s] Level 1:colcon.colcon_core.package_identification:_identify(install) by extensions ['ignore', 'ignore_ament_install']
[0.131s] Level 1:colcon.colcon_core.package_identification:_identify(install) by extension 'ignore'
[0.131s] Level 1:colcon.colcon_core.package_identification:_identify(install) ignored
[0.131s] Level 1:colcon.colcon_core.package_identification:_identify(log) by extensions ['ignore', 'ignore_ament_install']
[0.131s] Level 1:colcon.colcon_core.package_identification:_identify(log) by extension 'ignore'
[0.131s] Level 1:colcon.colcon_core.package_identification:_identify(log) ignored
[0.131s] Level 1:colcon.colcon_core.package_identification:_identify(src) by extensions ['ignore', 'ignore_ament_install']
[0.131s] Level 1:colcon.colcon_core.package_identification:_identify(src) by extension 'ignore'
[0.131s] Level 1:colcon.colcon_core.package_identification:_identify(src) by extension 'ignore_ament_install'
[0.131s] Level 1:colcon.colcon_core.package_identification:_identify(src) by extensions ['colcon_pkg']
[0.131s] Level 1:colcon.colcon_core.package_identification:_identify(src) by extension 'colcon_pkg'
[0.131s] Level 1:colcon.colcon_core.package_identification:_identify(src) by extensions ['colcon_meta']
[0.131s] Level 1:colcon.colcon_core.package_identification:_identify(src) by extension 'colcon_meta'
[0.131s] Level 1:colcon.colcon_core.package_identification:_identify(src) by extensions ['ros']
[0.131s] Level 1:colcon.colcon_core.package_identification:_identify(src) by extension 'ros'
[0.131s] Level 1:colcon.colcon_core.package_identification:_identify(src) by extensions ['cmake', 'python']
[0.131s] Level 1:colcon.colcon_core.package_identification:_identify(src) by extension 'cmake'
[0.131s] Level 1:colcon.colcon_core.package_identification:_identify(src) by extension 'python'
[0.131s] Level 1:colcon.colcon_core.package_identification:_identify(src) by extensions ['python_setup_py']
[0.131s] Level 1:colcon.colcon_core.package_identification:_identify(src) by extension 'python_setup_py'
[0.132s] Level 1:colcon.colcon_core.package_identification:_identify(src/interfaces) by extensions ['ignore', 'ignore_ament_install']
[0.132s] Level 1:colcon.colcon_core.package_identification:_identify(src/interfaces) by extension 'ignore'
[0.132s] Level 1:colcon.colcon_core.package_identification:_identify(src/interfaces) by extension 'ignore_ament_install'
[0.132s] Level 1:colcon.colcon_core.package_identification:_identify(src/interfaces) by extensions ['colcon_pkg']
[0.132s] Level 1:colcon.colcon_core.package_identification:_identify(src/interfaces) by extension 'colcon_pkg'
[0.132s] Level 1:colcon.colcon_core.package_identification:_identify(src/interfaces) by extensions ['colcon_meta']
[0.132s] Level 1:colcon.colcon_core.package_identification:_identify(src/interfaces) by extension 'colcon_meta'
[0.132s] Level 1:colcon.colcon_core.package_identification:_identify(src/interfaces) by extensions ['ros']
[0.132s] Level 1:colcon.colcon_core.package_identification:_identify(src/interfaces) by extension 'ros'
[0.134s] DEBUG:colcon.colcon_core.package_identification:Package 'src/interfaces' with type 'ros.ament_cmake' and name 'interfaces'
[0.134s] Level 1:colcon.colcon_core.package_identification:_identify(src/temperature) by extensions ['ignore', 'ignore_ament_install']
[0.134s] Level 1:colcon.colcon_core.package_identification:_identify(src/temperature) by extension 'ignore'
[0.134s] Level 1:colcon.colcon_core.package_identification:_identify(src/temperature) by extension 'ignore_ament_install'
[0.134s] Level 1:colcon.colcon_core.package_identification:_identify(src/temperature) by extensions ['colcon_pkg']
[0.134s] Level 1:colcon.colcon_core.package_identification:_identify(src/temperature) by extension 'colcon_pkg'
[0.134s] Level 1:colcon.colcon_core.package_identification:_identify(src/temperature) by extensions ['colcon_meta']
[0.134s] Level 1:colcon.colcon_core.package_identification:_identify(src/temperature) by extension 'colcon_meta'
[0.134s] Level 1:colcon.colcon_core.package_identification:_identify(src/temperature) by extensions ['ros']
[0.134s] Level 1:colcon.colcon_core.package_identification:_identify(src/temperature) by extension 'ros'
[0.135s] DEBUG:colcon.colcon_core.package_identification:Package 'src/temperature' with type 'ros.ament_python' and name 'temperature'
[0.135s] Level 1:colcon.colcon_core.package_discovery:discover_packages(recursive) using defaults
[0.135s] Level 1:colcon.colcon_core.package_discovery:discover_packages(ignore) discover
[0.135s] Level 1:colcon.colcon_core.package_discovery:discover_packages(ignore) using defaults
[0.135s] Level 1:colcon.colcon_core.package_discovery:discover_packages(path) discover
[0.135s] Level 1:colcon.colcon_core.package_discovery:discover_packages(path) using defaults
[0.149s] Level 1:colcon.colcon_core.package_discovery:discover_packages(prefix_path) check parameters
[0.149s] Level 1:colcon.colcon_core.package_discovery:discover_packages(prefix_path) discover
[0.150s] DEBUG:colcon.colcon_installed_package_information.package_discovery:Found 2 installed packages in /home/abhiniraula/Documents/ROS2_PRACTICE/interfaces/install
[0.151s] DEBUG:colcon.colcon_installed_package_information.package_discovery:Found 285 installed packages in /opt/ros/jazzy
[0.152s] Level 1:colcon.colcon_core.package_discovery:discover_packages(prefix_path) using defaults
[0.183s] Level 5:colcon.colcon_core.verb:set package 'interfaces' build argument 'cmake_args' from command line to 'None'
[0.183s] Level 5:colcon.colcon_core.verb:set package 'interfaces' build argument 'cmake_target' from command line to 'None'
[0.183s] Level 5:colcon.colcon_core.verb:set package 'interfaces' build argument 'cmake_target_skip_unavailable' from command line to 'False'
[0.183s] Level 5:colcon.colcon_core.verb:set package 'interfaces' build argument 'cmake_clean_cache' from command line to 'False'
[0.183s] Level 5:colcon.colcon_core.verb:set package 'interfaces' build argument 'cmake_clean_first' from command line to 'False'
[0.183s] Level 5:colcon.colcon_core.verb:set package 'interfaces' build argument 'cmake_force_configure' from command line to 'False'
[0.183s] Level 5:colcon.colcon_core.verb:set package 'interfaces' build argument 'ament_cmake_args' from command line to 'None'
[0.183s] Level 5:colcon.colcon_core.verb:set package 'interfaces' build argument 'catkin_cmake_args' from command line to 'None'
[0.183s] Level 5:colcon.colcon_core.verb:set package 'interfaces' build argument 'catkin_skip_building_tests' from command line to 'False'
[0.183s] DEBUG:colcon.colcon_core.verb:Building package 'interfaces' with the following arguments: {'ament_cmake_args': None, 'build_base': '/home/abhiniraula/Documents/ROS2_PRACTICE/interfaces/build/interfaces', 'catkin_cmake_args': None, 'catkin_skip_building_tests': False, 'cmake_args': None, 'cmake_clean_cache': False, 'cmake_clean_first': False, 'cmake_force_configure': False, 'cmake_target': None, 'cmake_target_skip_unavailable': False, 'install_base': '/home/abhiniraula/Documents/ROS2_PRACTICE/interfaces/install/interfaces', 'merge_install': False, 'path': '/home/abhiniraula/Documents/ROS2_PRACTICE/interfaces/src/interfaces', 'symlink_install': False, 'test_result_base': None}
[0.183s] Level 5:colcon.colcon_core.verb:set package 'temperature' build argument 'cmake_args' from command line to 'None'
[0.183s] Level 5:colcon.colcon_core.verb:set package 'temperature' build argument 'cmake_target' from command line to 'None'
[0.183s] Level 5:colcon.colcon_core.verb:set package 'temperature' build argument 'cmake_target_skip_unavailable' from command line to 'False'
[0.183s] Level 5:colcon.colcon_core.verb:set package 'temperature' build argument 'cmake_clean_cache' from command line to 'False'
[0.183s] Level 5:colcon.colcon_core.verb:set package 'temperature' build argument 'cmake_clean_first' from command line to 'False'
[0.183s] Level 5:colcon.colcon_core.verb:set package 'temperature' build argument 'cmake_force_configure' from command line to 'False'
[0.183s] Level 5:colcon.colcon_core.verb:set package 'temperature' build argument 'ament_cmake_args' from command line to 'None'
[0.183s] Level 5:colcon.colcon_core.verb:set package 'temperature' build argument 'catkin_cmake_args' from command line to 'None'
[0.183s] Level 5:colcon.colcon_core.verb:set package 'temperature' build argument 'catkin_skip_building_tests' from command line to 'False'
[0.183s] DEBUG:colcon.colcon_core.verb:Building package 'temperature' with the following arguments: {'ament_cmake_args': None, 'build_base': '/home/abhiniraula/Documents/ROS2_PRACTICE/interfaces/build/temperature', 'catkin_cmake_args': None, 'catkin_skip_building_tests': False, 'cmake_args': None, 'cmake_clean_cache': False, 'cmake_clean_first': False, 'cmake_force_configure': False, 'cmake_target': None, 'cmake_target_skip_unavailable': False, 'install_base': '/home/abhiniraula/Documents/ROS2_PRACTICE/interfaces/install/temperature', 'merge_install': False, 'path': '/home/abhiniraula/Documents/ROS2_PRACTICE/interfaces/src/temperature', 'symlink_install': False, 'test_result_base': None}
[0.183s] INFO:colcon.colcon_core.executor:Executing jobs using 'parallel' executor
[0.184s] DEBUG:colcon.colcon_parallel_executor.executor.parallel:run_until_complete
[0.184s] INFO:colcon.colcon_ros.task.ament_cmake.build:Building ROS package in '/home/abhiniraula/Documents/ROS2_PRACTICE/interfaces/src/interfaces' with build type 'ament_cmake'
[0.184s] INFO:colcon.colcon_cmake.task.cmake.build:Building CMake package in '/home/abhiniraula/Documents/ROS2_PRACTICE/interfaces/src/interfaces'
[0.186s] INFO:colcon.colcon_core.plugin_system:Skipping extension 'colcon_core.shell.bat': Not used on non-Windows systems
[0.186s] INFO:colcon.colcon_core.shell:Skip shell extension 'powershell' for command environment: Not usable outside of PowerShell
[0.186s] DEBUG:colcon.colcon_core.shell:Skip shell extension 'dsv' for command environment
[0.195s] DEBUG:colcon.colcon_core.event_handler.log_command:Invoking command in '/home/abhiniraula/Documents/ROS2_PRACTICE/interfaces/build/interfaces': CMAKE_PREFIX_PATH=${CMAKE_PREFIX_PATH}:/home/abhiniraula/Documents/ROS2_PRACTICE/interfaces/install/temperature:/opt/ros/jazzy DEBUGINFOD_URLS=https://debuginfod.ubuntu.com /usr/bin/cmake --build /home/abhiniraula/Documents/ROS2_PRACTICE/interfaces/build/interfaces -- -j8 -l8
[3.268s] DEBUG:colcon.colcon_core.event_handler.log_command:Invoked command in '/home/abhiniraula/Documents/ROS2_PRACTICE/interfaces/build/interfaces' returned '0': CMAKE_PREFIX_PATH=${CMAKE_PREFIX_PATH}:/home/abhiniraula/Documents/ROS2_PRACTICE/interfaces/install/temperature:/opt/ros/jazzy DEBUGINFOD_URLS=https://debuginfod.ubuntu.com /usr/bin/cmake --build /home/abhiniraula/Documents/ROS2_PRACTICE/interfaces/build/interfaces -- -j8 -l8
[3.276s] DEBUG:colcon.colcon_core.event_handler.log_command:Invoking command in '/home/abhiniraula/Documents/ROS2_PRACTICE/interfaces/build/interfaces': CMAKE_PREFIX_PATH=${CMAKE_PREFIX_PATH}:/home/abhiniraula/Documents/ROS2_PRACTICE/interfaces/install/temperature:/opt/ros/jazzy DEBUGINFOD_URLS=https://debuginfod.ubuntu.com /usr/bin/cmake --install /home/abhiniraula/Documents/ROS2_PRACTICE/interfaces/build/interfaces
[3.341s] Level 1:colcon.colcon_core.environment:create_environment_scripts_only(interfaces)
[3.341s] DEBUG:colcon.colcon_core.event_handler.log_command:Invoked command in '/home/abhiniraula/Documents/ROS2_PRACTICE/interfaces/build/interfaces' returned '0': CMAKE_PREFIX_PATH=${CMAKE_PREFIX_PATH}:/home/abhiniraula/Documents/ROS2_PRACTICE/interfaces/install/temperature:/opt/ros/jazzy DEBUGINFOD_URLS=https://debuginfod.ubuntu.com /usr/bin/cmake --install /home/abhiniraula/Documents/ROS2_PRACTICE/interfaces/build/interfaces
[3.343s] Level 1:colcon.colcon_core.environment:checking '/home/abhiniraula/Documents/ROS2_PRACTICE/interfaces/install/interfaces' for CMake module files
[3.343s] Level 1:colcon.colcon_core.environment:checking '/home/abhiniraula/Documents/ROS2_PRACTICE/interfaces/install/interfaces' for CMake config files
[3.344s] Level 1:colcon.colcon_core.shell:create_environment_hook('interfaces', 'cmake_prefix_path')
[3.344s] INFO:colcon.colcon_core.shell:Creating environment hook '/home/abhiniraula/Documents/ROS2_PRACTICE/interfaces/install/interfaces/share/interfaces/hook/cmake_prefix_path.ps1'
[3.344s] INFO:colcon.colcon_core.shell:Creating environment descriptor '/home/abhiniraula/Documents/ROS2_PRACTICE/interfaces/install/interfaces/share/interfaces/hook/cmake_prefix_path.dsv'
[3.345s] INFO:colcon.colcon_core.shell:Creating environment hook '/home/abhiniraula/Documents/ROS2_PRACTICE/interfaces/install/interfaces/share/interfaces/hook/cmake_prefix_path.sh'
[3.345s] Level 1:colcon.colcon_core.environment:checking '/home/abhiniraula/Documents/ROS2_PRACTICE/interfaces/install/interfaces/lib'
[3.345s] Level 1:colcon.colcon_core.shell:create_environment_hook('interfaces', 'ld_library_path_lib')
[3.346s] INFO:colcon.colcon_core.shell:Creating environment hook '/home/abhiniraula/Documents/ROS2_PRACTICE/interfaces/install/interfaces/share/interfaces/hook/ld_library_path_lib.ps1'
[3.346s] INFO:colcon.colcon_core.shell:Creating environment descriptor '/home/abhiniraula/Documents/ROS2_PRACTICE/interfaces/install/interfaces/share/interfaces/hook/ld_library_path_lib.dsv'
[3.346s] INFO:colcon.colcon_core.shell:Creating environment hook '/home/abhiniraula/Documents/ROS2_PRACTICE/interfaces/install/interfaces/share/interfaces/hook/ld_library_path_lib.sh'
[3.346s] Level 1:colcon.colcon_core.environment:checking '/home/abhiniraula/Documents/ROS2_PRACTICE/interfaces/install/interfaces/bin'
[3.346s] Level 1:colcon.colcon_core.environment:checking '/home/abhiniraula/Documents/ROS2_PRACTICE/interfaces/install/interfaces/lib/pkgconfig/interfaces.pc'
[3.347s] Level 1:colcon.colcon_core.environment:checking '/home/abhiniraula/Documents/ROS2_PRACTICE/interfaces/install/interfaces/lib/python3.12/site-packages'
[3.347s] Level 1:colcon.colcon_core.shell:create_environment_hook('interfaces', 'pythonpath')
[3.347s] INFO:colcon.colcon_core.shell:Creating environment hook '/home/abhiniraula/Documents/ROS2_PRACTICE/interfaces/install/interfaces/share/interfaces/hook/pythonpath.ps1'
[3.347s] INFO:colcon.colcon_core.shell:Creating environment descriptor '/home/abhiniraula/Documents/ROS2_PRACTICE/interfaces/install/interfaces/share/interfaces/hook/pythonpath.dsv'
[3.347s] INFO:colcon.colcon_core.shell:Creating environment hook '/home/abhiniraula/Documents/ROS2_PRACTICE/interfaces/install/interfaces/share/interfaces/hook/pythonpath.sh'
[3.348s] Level 1:colcon.colcon_core.environment:checking '/home/abhiniraula/Documents/ROS2_PRACTICE/interfaces/install/interfaces/bin'
[3.348s] INFO:colcon.colcon_core.shell:Creating package script '/home/abhiniraula/Documents/ROS2_PRACTICE/interfaces/install/interfaces/share/interfaces/package.ps1'
[3.348s] INFO:colcon.colcon_core.shell:Creating package descriptor '/home/abhiniraula/Documents/ROS2_PRACTICE/interfaces/install/interfaces/share/interfaces/package.dsv'
[3.349s] INFO:colcon.colcon_core.shell:Creating package script '/home/abhiniraula/Documents/ROS2_PRACTICE/interfaces/install/interfaces/share/interfaces/package.sh'
[3.349s] INFO:colcon.colcon_core.shell:Creating package script '/home/abhiniraula/Documents/ROS2_PRACTICE/interfaces/install/interfaces/share/interfaces/package.bash'
[3.350s] INFO:colcon.colcon_core.shell:Creating package script '/home/abhiniraula/Documents/ROS2_PRACTICE/interfaces/install/interfaces/share/interfaces/package.zsh'
[3.350s] Level 1:colcon.colcon_core.environment:create_file_with_runtime_dependencies(/home/abhiniraula/Documents/ROS2_PRACTICE/interfaces/install/interfaces/share/colcon-core/packages/interfaces)
[3.350s] Level 1:colcon.colcon_core.environment:create_environment_scripts_only(interfaces)
[3.351s] Level 1:colcon.colcon_core.environment:checking '/home/abhiniraula/Documents/ROS2_PRACTICE/interfaces/install/interfaces' for CMake module files
[3.351s] Level 1:colcon.colcon_core.environment:checking '/home/abhiniraula/Documents/ROS2_PRACTICE/interfaces/install/interfaces' for CMake config files
[3.351s] Level 1:colcon.colcon_core.shell:create_environment_hook('interfaces', 'cmake_prefix_path')
[3.351s] INFO:colcon.colcon_core.shell:Creating environment hook '/home/abhiniraula/Documents/ROS2_PRACTICE/interfaces/install/interfaces/share/interfaces/hook/cmake_prefix_path.ps1'
[3.352s] INFO:colcon.colcon_core.shell:Creating environment descriptor '/home/abhiniraula/Documents/ROS2_PRACTICE/interfaces/install/interfaces/share/interfaces/hook/cmake_prefix_path.dsv'
[3.352s] INFO:colcon.colcon_core.shell:Creating environment hook '/home/abhiniraula/Documents/ROS2_PRACTICE/interfaces/install/interfaces/share/interfaces/hook/cmake_prefix_path.sh'
[3.352s] Level 1:colcon.colcon_core.environment:checking '/home/abhiniraula/Documents/ROS2_PRACTICE/interfaces/install/interfaces/lib'
[3.352s] Level 1:colcon.colcon_core.shell:create_environment_hook('interfaces', 'ld_library_path_lib')
[3.353s] INFO:colcon.colcon_core.shell:Creating environment hook '/home/abhiniraula/Documents/ROS2_PRACTICE/interfaces/install/interfaces/share/interfaces/hook/ld_library_path_lib.ps1'
[3.353s] INFO:colcon.colcon_core.shell:Creating environment descriptor '/home/abhiniraula/Documents/ROS2_PRACTICE/interfaces/install/interfaces/share/interfaces/hook/ld_library_path_lib.dsv'
[3.353s] INFO:colcon.colcon_core.shell:Creating environment hook '/home/abhiniraula/Documents/ROS2_PRACTICE/interfaces/install/interfaces/share/interfaces/hook/ld_library_path_lib.sh'
[3.354s] Level 1:colcon.colcon_core.environment:checking '/home/abhiniraula/Documents/ROS2_PRACTICE/interfaces/install/interfaces/bin'
[3.354s] Level 1:colcon.colcon_core.environment:checking '/home/abhiniraula/Documents/ROS2_PRACTICE/interfaces/install/interfaces/lib/pkgconfig/interfaces.pc'
[3.354s] Level 1:colcon.colcon_core.environment:checking '/home/abhiniraula/Documents/ROS2_PRACTICE/interfaces/install/interfaces/lib/python3.12/site-packages'
[3.354s] Level 1:colcon.colcon_core.shell:create_environment_hook('interfaces', 'pythonpath')
[3.354s] INFO:colcon.colcon_core.shell:Creating environment hook '/home/abhiniraula/Documents/ROS2_PRACTICE/interfaces/install/interfaces/share/interfaces/hook/pythonpath.ps1'
[3.354s] INFO:colcon.colcon_core.shell:Creating environment descriptor '/home/abhiniraula/Documents/ROS2_PRACTICE/interfaces/install/interfaces/share/interfaces/hook/pythonpath.dsv'
[3.354s] INFO:colcon.colcon_core.shell:Creating environment hook '/home/abhiniraula/Documents/ROS2_PRACTICE/interfaces/install/interfaces/share/interfaces/hook/pythonpath.sh'
[3.355s] Level 1:colcon.colcon_core.environment:checking '/home/abhiniraula/Documents/ROS2_PRACTICE/interfaces/install/interfaces/bin'
[3.355s] INFO:colcon.colcon_core.shell:Creating package script '/home/abhiniraula/Documents/ROS2_PRACTICE/interfaces/install/interfaces/share/interfaces/package.ps1'
[3.355s] INFO:colcon.colcon_core.shell:Creating package descriptor '/home/abhiniraula/Documents/ROS2_PRACTICE/interfaces/install/interfaces/share/interfaces/package.dsv'
[3.356s] INFO:colcon.colcon_core.shell:Creating package script '/home/abhiniraula/Documents/ROS2_PRACTICE/interfaces/install/interfaces/share/interfaces/package.sh'
[3.356s] INFO:colcon.colcon_core.shell:Creating package script '/home/abhiniraula/Documents/ROS2_PRACTICE/interfaces/install/interfaces/share/interfaces/package.bash'
[3.356s] INFO:colcon.colcon_core.shell:Creating package script '/home/abhiniraula/Documents/ROS2_PRACTICE/interfaces/install/interfaces/share/interfaces/package.zsh'
[3.357s] Level 1:colcon.colcon_core.environment:create_file_with_runtime_dependencies(/home/abhiniraula/Documents/ROS2_PRACTICE/interfaces/install/interfaces/share/colcon-core/packages/interfaces)
[3.357s] INFO:colcon.colcon_ros.task.ament_python.build:Building ROS package in '/home/abhiniraula/Documents/ROS2_PRACTICE/interfaces/src/temperature' with build type 'ament_python'
[3.357s] Level 1:colcon.colcon_core.shell:create_environment_hook('temperature', 'ament_prefix_path')
[3.357s] INFO:colcon.colcon_core.shell:Creating environment hook '/home/abhiniraula/Documents/ROS2_PRACTICE/interfaces/install/temperature/share/temperature/hook/ament_prefix_path.ps1'
[3.358s] INFO:colcon.colcon_core.shell:Creating environment descriptor '/home/abhiniraula/Documents/ROS2_PRACTICE/interfaces/install/temperature/share/temperature/hook/ament_prefix_path.dsv'
[3.358s] INFO:colcon.colcon_core.shell:Creating environment hook '/home/abhiniraula/Documents/ROS2_PRACTICE/interfaces/install/temperature/share/temperature/hook/ament_prefix_path.sh'
[3.358s] INFO:colcon.colcon_core.shell:Skip shell extension 'powershell' for command environment: Not usable outside of PowerShell
[3.358s] DEBUG:colcon.colcon_core.shell:Skip shell extension 'dsv' for command environment
[3.578s] INFO:colcon.colcon_core.task.python.build:Building Python package in '/home/abhiniraula/Documents/ROS2_PRACTICE/interfaces/src/temperature'
[3.578s] INFO:colcon.colcon_core.shell:Skip shell extension 'powershell' for command environment: Not usable outside of PowerShell
[3.578s] DEBUG:colcon.colcon_core.shell:Skip shell extension 'dsv' for command environment
[4.050s] DEBUG:colcon.colcon_core.event_handler.log_command:Invoking command in '/home/abhiniraula/Documents/ROS2_PRACTICE/interfaces/src/temperature': DEBUGINFOD_URLS=https://debuginfod.ubuntu.com PYTHONPATH=/home/abhiniraula/Documents/ROS2_PRACTICE/interfaces/build/temperature/prefix_override:/usr/lib/python3/dist-packages/colcon_core/task/python/colcon_distutils_commands:/home/abhiniraula/Documents/ROS2_PRACTICE/interfaces/install/temperature/lib/python3.12/site-packages:${PYTHONPATH} /usr/bin/python3 -W ignore:setup.py install is deprecated -W ignore:easy_install command is deprecated setup.py egg_info --egg-base ../../build/temperature build --build-base /home/abhiniraula/Documents/ROS2_PRACTICE/interfaces/build/temperature/build install --record /home/abhiniraula/Documents/ROS2_PRACTICE/interfaces/build/temperature/install.log --single-version-externally-managed install_data
[4.484s] Level 1:colcon.colcon_core.environment:checking '/home/abhiniraula/Documents/ROS2_PRACTICE/interfaces/install/temperature' for CMake module files
[4.485s] Level 1:colcon.colcon_core.environment:checking '/home/abhiniraula/Documents/ROS2_PRACTICE/interfaces/install/temperature' for CMake config files
[4.485s] DEBUG:colcon.colcon_core.event_handler.log_command:Invoked command in '/home/abhiniraula/Documents/ROS2_PRACTICE/interfaces/src/temperature' returned '0': DEBUGINFOD_URLS=https://debuginfod.ubuntu.com PYTHONPATH=/home/abhiniraula/Documents/ROS2_PRACTICE/interfaces/build/temperature/prefix_override:/usr/lib/python3/dist-packages/colcon_core/task/python/colcon_distutils_commands:/home/abhiniraula/Documents/ROS2_PRACTICE/interfaces/install/temperature/lib/python3.12/site-packages:${PYTHONPATH} /usr/bin/python3 -W ignore:setup.py install is deprecated -W ignore:easy_install command is deprecated setup.py egg_info --egg-base ../../build/temperature build --build-base /home/abhiniraula/Documents/ROS2_PRACTICE/interfaces/build/temperature/build install --record /home/abhiniraula/Documents/ROS2_PRACTICE/interfaces/build/temperature/install.log --single-version-externally-managed install_data
[4.486s] Level 1:colcon.colcon_core.environment:checking '/home/abhiniraula/Documents/ROS2_PRACTICE/interfaces/install/temperature/lib'
[4.486s] Level 1:colcon.colcon_core.environment:checking '/home/abhiniraula/Documents/ROS2_PRACTICE/interfaces/install/temperature/bin'
[4.486s] Level 1:colcon.colcon_core.environment:checking '/home/abhiniraula/Documents/ROS2_PRACTICE/interfaces/install/temperature/lib/pkgconfig/temperature.pc'
[4.486s] Level 1:colcon.colcon_core.environment:checking '/home/abhiniraula/Documents/ROS2_PRACTICE/interfaces/install/temperature/lib/python3.12/site-packages'
[4.486s] Level 1:colcon.colcon_core.shell:create_environment_hook('temperature', 'pythonpath')
[4.487s] INFO:colcon.colcon_core.shell:Creating environment hook '/home/abhiniraula/Documents/ROS2_PRACTICE/interfaces/install/temperature/share/temperature/hook/pythonpath.ps1'
[4.487s] INFO:colcon.colcon_core.shell:Creating environment descriptor '/home/abhiniraula/Documents/ROS2_PRACTICE/interfaces/install/temperature/share/temperature/hook/pythonpath.dsv'
[4.487s] INFO:colcon.colcon_core.shell:Creating environment hook '/home/abhiniraula/Documents/ROS2_PRACTICE/interfaces/install/temperature/share/temperature/hook/pythonpath.sh'
[4.488s] Level 1:colcon.colcon_core.environment:checking '/home/abhiniraula/Documents/ROS2_PRACTICE/interfaces/install/temperature/bin'
[4.488s] Level 1:colcon.colcon_core.environment:create_environment_scripts_only(temperature)
[4.488s] INFO:colcon.colcon_core.shell:Creating package script '/home/abhiniraula/Documents/ROS2_PRACTICE/interfaces/install/temperature/share/temperature/package.ps1'
[4.489s] INFO:colcon.colcon_core.shell:Creating package descriptor '/home/abhiniraula/Documents/ROS2_PRACTICE/interfaces/install/temperature/share/temperature/package.dsv'
[4.489s] INFO:colcon.colcon_core.shell:Creating package script '/home/abhiniraula/Documents/ROS2_PRACTICE/interfaces/install/temperature/share/temperature/package.sh'
[4.490s] INFO:colcon.colcon_core.shell:Creating package script '/home/abhiniraula/Documents/ROS2_PRACTICE/interfaces/install/temperature/share/temperature/package.bash'
[4.490s] INFO:colcon.colcon_core.shell:Creating package script '/home/abhiniraula/Documents/ROS2_PRACTICE/interfaces/install/temperature/share/temperature/package.zsh'
[4.490s] Level 1:colcon.colcon_core.environment:create_file_with_runtime_dependencies(/home/abhiniraula/Documents/ROS2_PRACTICE/interfaces/install/temperature/share/colcon-core/packages/temperature)
[4.491s] DEBUG:colcon.colcon_parallel_executor.executor.parallel:closing loop
[4.491s] DEBUG:colcon.colcon_parallel_executor.executor.parallel:loop closed
[4.491s] DEBUG:colcon.colcon_parallel_executor.executor.parallel:run_until_complete finished with '0'
[4.491s] DEBUG:colcon.colcon_core.event_reactor:joining thread
[4.495s] INFO:colcon.colcon_core.plugin_system:Skipping extension 'colcon_notification.desktop_notification.terminal_notifier': Not used on non-Darwin systems
[4.495s] INFO:colcon.colcon_core.plugin_system:Skipping extension 'colcon_notification.desktop_notification.win32': Not used on non-Windows systems
[4.495s] INFO:colcon.colcon_notification.desktop_notification:Sending desktop notification using 'notify2'
[4.519s] DEBUG:colcon.colcon_core.event_reactor:joined thread
[4.519s] INFO:colcon.colcon_core.shell:Creating prefix script '/home/abhiniraula/Documents/ROS2_PRACTICE/interfaces/install/local_setup.ps1'
[4.520s] INFO:colcon.colcon_core.shell:Creating prefix util module '/home/abhiniraula/Documents/ROS2_PRACTICE/interfaces/install/_local_setup_util_ps1.py'
[4.522s] INFO:colcon.colcon_core.shell:Creating prefix chain script '/home/abhiniraula/Documents/ROS2_PRACTICE/interfaces/install/setup.ps1'
[4.523s] INFO:colcon.colcon_core.shell:Creating prefix script '/home/abhiniraula/Documents/ROS2_PRACTICE/interfaces/install/local_setup.sh'
[4.524s] INFO:colcon.colcon_core.shell:Creating prefix util module '/home/abhiniraula/Documents/ROS2_PRACTICE/interfaces/install/_local_setup_util_sh.py'
[4.524s] INFO:colcon.colcon_core.shell:Creating prefix chain script '/home/abhiniraula/Documents/ROS2_PRACTICE/interfaces/install/setup.sh'
[4.526s] INFO:colcon.colcon_core.shell:Creating prefix script '/home/abhiniraula/Documents/ROS2_PRACTICE/interfaces/install/local_setup.bash'
[4.526s] INFO:colcon.colcon_core.shell:Creating prefix chain script '/home/abhiniraula/Documents/ROS2_PRACTICE/interfaces/install/setup.bash'
[4.527s] INFO:colcon.colcon_core.shell:Creating prefix script '/home/abhiniraula/Documents/ROS2_PRACTICE/interfaces/install/local_setup.zsh'
[4.528s] INFO:colcon.colcon_core.shell:Creating prefix chain script '/home/abhiniraula/Documents/ROS2_PRACTICE/interfaces/install/setup.zsh'
