[0.691s] Invoking command in '/home/abhiniraula/Documents/ROS2_PRACTICE/interfaces/src/temperature': DEBUGINFOD_URLS=https://debuginfod.ubuntu.com PYTHONPATH=/home/abhiniraula/Documents/ROS2_PRACTICE/interfaces/build/temperature/prefix_override:/usr/lib/python3/dist-packages/colcon_core/task/python/colcon_distutils_commands:/home/abhiniraula/Documents/ROS2_PRACTICE/interfaces/install/temperature/lib/python3.12/site-packages:${PYTHONPATH} /usr/bin/python3 -W ignore:setup.py install is deprecated -W ignore:easy_install command is deprecated setup.py egg_info --egg-base ../../build/temperature build --build-base /home/abhiniraula/Documents/ROS2_PRACTICE/interfaces/build/temperature/build install --record /home/abhiniraula/Documents/ROS2_PRACTICE/interfaces/build/temperature/install.log --single-version-externally-managed install_data
[0.894s] running egg_info
[0.908s] writing ../../build/temperature/temperature.egg-info/PKG-INFO
[0.908s] writing dependency_links to ../../build/temperature/temperature.egg-info/dependency_links.txt
[0.908s] writing entry points to ../../build/temperature/temperature.egg-info/entry_points.txt
[0.908s] writing requirements to ../../build/temperature/temperature.egg-info/requires.txt
[0.908s] writing top-level names to ../../build/temperature/temperature.egg-info/top_level.txt
[0.937s] reading manifest file '../../build/temperature/temperature.egg-info/SOURCES.txt'
[0.938s] writing manifest file '../../build/temperature/temperature.egg-info/SOURCES.txt'
[0.938s] running build
[0.938s] running build_py
[0.938s] copying temperature/client.py -> /home/abhiniraula/Documents/ROS2_PRACTICE/interfaces/build/temperature/build/lib/temperature
[0.938s] copying temperature/server.py -> /home/abhiniraula/Documents/ROS2_PRACTICE/interfaces/build/temperature/build/lib/temperature
[0.938s] running install
[0.945s] running install_lib
[0.968s] copying /home/abhiniraula/Documents/ROS2_PRACTICE/interfaces/build/temperature/build/lib/temperature/client.py -> /home/abhiniraula/Documents/ROS2_PRACTICE/interfaces/install/temperature/lib/python3.12/site-packages/temperature
[0.968s] copying /home/abhiniraula/Documents/ROS2_PRACTICE/interfaces/build/temperature/build/lib/temperature/server.py -> /home/abhiniraula/Documents/ROS2_PRACTICE/interfaces/install/temperature/lib/python3.12/site-packages/temperature
[0.968s] byte-compiling /home/abhiniraula/Documents/ROS2_PRACTICE/interfaces/install/temperature/lib/python3.12/site-packages/temperature/client.py to client.cpython-312.pyc
[0.969s] byte-compiling /home/abhiniraula/Documents/ROS2_PRACTICE/interfaces/install/temperature/lib/python3.12/site-packages/temperature/server.py to server.cpython-312.pyc
[0.970s] running install_data
[0.970s] running install_egg_info
[0.986s] removing '/home/abhiniraula/Documents/ROS2_PRACTICE/interfaces/install/temperature/lib/python3.12/site-packages/temperature-0.0.0-py3.12.egg-info' (and everything under it)
[0.986s] Copying ../../build/temperature/temperature.egg-info to /home/abhiniraula/Documents/ROS2_PRACTICE/interfaces/install/temperature/lib/python3.12/site-packages/temperature-0.0.0-py3.12.egg-info
[0.986s] running install_scripts
[1.098s] Installing client script to /home/abhiniraula/Documents/ROS2_PRACTICE/interfaces/install/temperature/lib/temperature
[1.099s] Installing server script to /home/abhiniraula/Documents/ROS2_PRACTICE/interfaces/install/temperature/lib/temperature
[1.099s] writing list of installed files to '/home/abhiniraula/Documents/ROS2_PRACTICE/interfaces/build/temperature/install.log'
[1.127s] Invoked command in '/home/abhiniraula/Documents/ROS2_PRACTICE/interfaces/src/temperature' returned '0': DEBUGINFOD_URLS=https://debuginfod.ubuntu.com PYTHONPATH=/home/abhiniraula/Documents/ROS2_PRACTICE/interfaces/build/temperature/prefix_override:/usr/lib/python3/dist-packages/colcon_core/task/python/colcon_distutils_commands:/home/abhiniraula/Documents/ROS2_PRACTICE/interfaces/install/temperature/lib/python3.12/site-packages:${PYTHONPATH} /usr/bin/python3 -W ignore:setup.py install is deprecated -W ignore:easy_install command is deprecated setup.py egg_info --egg-base ../../build/temperature build --build-base /home/abhiniraula/Documents/ROS2_PRACTICE/interfaces/build/temperature/build install --record /home/abhiniraula/Documents/ROS2_PRACTICE/interfaces/build/temperature/install.log --single-version-externally-managed install_data
