[0.711s] Invoking command in '/home/abhiniraula/Documents/ROS2_PRACTICE/interfaces/src/temperature': DEBUGINFOD_URLS=https://debuginfod.ubuntu.com PYTHONPATH=/home/abhiniraula/Documents/ROS2_PRACTICE/interfaces/build/temperature/prefix_override:/usr/lib/python3/dist-packages/colcon_core/task/python/colcon_distutils_commands:/home/abhiniraula/Documents/ROS2_PRACTICE/interfaces/install/temperature/lib/python3.12/site-packages:${PYTHONPATH} /usr/bin/python3 -W ignore:setup.py install is deprecated -W ignore:easy_install command is deprecated setup.py egg_info --egg-base ../../build/temperature build --build-base /home/abhiniraula/Documents/ROS2_PRACTICE/interfaces/build/temperature/build install --record /home/abhiniraula/Documents/ROS2_PRACTICE/interfaces/build/temperature/install.log --single-version-externally-managed install_data
[0.993s] running egg_info
[0.993s] creating ../../build/temperature/temperature.egg-info
[1.011s] writing ../../build/temperature/temperature.egg-info/PKG-INFO
[1.011s] writing dependency_links to ../../build/temperature/temperature.egg-info/dependency_links.txt
[1.011s] writing entry points to ../../build/temperature/temperature.egg-info/entry_points.txt
[1.011s] writing requirements to ../../build/temperature/temperature.egg-info/requires.txt
[1.011s] writing top-level names to ../../build/temperature/temperature.egg-info/top_level.txt
[1.012s] writing manifest file '../../build/temperature/temperature.egg-info/SOURCES.txt'
[1.048s] reading manifest file '../../build/temperature/temperature.egg-info/SOURCES.txt'
[1.048s] writing manifest file '../../build/temperature/temperature.egg-info/SOURCES.txt'
[1.049s] running build
[1.049s] running build_py
[1.049s] creating /home/abhiniraula/Documents/ROS2_PRACTICE/interfaces/build/temperature/build
[1.049s] creating /home/abhiniraula/Documents/ROS2_PRACTICE/interfaces/build/temperature/build/lib
[1.049s] creating /home/abhiniraula/Documents/ROS2_PRACTICE/interfaces/build/temperature/build/lib/temperature
[1.049s] copying temperature/client.py -> /home/abhiniraula/Documents/ROS2_PRACTICE/interfaces/build/temperature/build/lib/temperature
[1.049s] copying temperature/__init__.py -> /home/abhiniraula/Documents/ROS2_PRACTICE/interfaces/build/temperature/build/lib/temperature
[1.049s] copying temperature/server.py -> /home/abhiniraula/Documents/ROS2_PRACTICE/interfaces/build/temperature/build/lib/temperature
[1.050s] running install
[1.056s] running install_lib
[1.074s] creating /home/abhiniraula/Documents/ROS2_PRACTICE/interfaces/install/temperature/lib/python3.12/site-packages/temperature
[1.075s] copying /home/abhiniraula/Documents/ROS2_PRACTICE/interfaces/build/temperature/build/lib/temperature/client.py -> /home/abhiniraula/Documents/ROS2_PRACTICE/interfaces/install/temperature/lib/python3.12/site-packages/temperature
[1.075s] copying /home/abhiniraula/Documents/ROS2_PRACTICE/interfaces/build/temperature/build/lib/temperature/__init__.py -> /home/abhiniraula/Documents/ROS2_PRACTICE/interfaces/install/temperature/lib/python3.12/site-packages/temperature
[1.075s] copying /home/abhiniraula/Documents/ROS2_PRACTICE/interfaces/build/temperature/build/lib/temperature/server.py -> /home/abhiniraula/Documents/ROS2_PRACTICE/interfaces/install/temperature/lib/python3.12/site-packages/temperature
[1.075s] byte-compiling /home/abhiniraula/Documents/ROS2_PRACTICE/interfaces/install/temperature/lib/python3.12/site-packages/temperature/client.py to client.cpython-312.pyc
[1.076s] byte-compiling /home/abhiniraula/Documents/ROS2_PRACTICE/interfaces/install/temperature/lib/python3.12/site-packages/temperature/__init__.py to __init__.cpython-312.pyc
[1.076s] byte-compiling /home/abhiniraula/Documents/ROS2_PRACTICE/interfaces/install/temperature/lib/python3.12/site-packages/temperature/server.py to server.cpython-312.pyc
[1.077s] running install_data
[1.077s] creating /home/abhiniraula/Documents/ROS2_PRACTICE/interfaces/install/temperature/share/ament_index
[1.077s] creating /home/abhiniraula/Documents/ROS2_PRACTICE/interfaces/install/temperature/share/ament_index/resource_index
[1.077s] creating /home/abhiniraula/Documents/ROS2_PRACTICE/interfaces/install/temperature/share/ament_index/resource_index/packages
[1.077s] copying resource/temperature -> /home/abhiniraula/Documents/ROS2_PRACTICE/interfaces/install/temperature/share/ament_index/resource_index/packages
[1.077s] copying package.xml -> /home/abhiniraula/Documents/ROS2_PRACTICE/interfaces/install/temperature/share/temperature
[1.077s] running install_egg_info
[1.095s] Copying ../../build/temperature/temperature.egg-info to /home/abhiniraula/Documents/ROS2_PRACTICE/interfaces/install/temperature/lib/python3.12/site-packages/temperature-0.0.0-py3.12.egg-info
[1.095s] running install_scripts
[1.201s] Installing client script to /home/abhiniraula/Documents/ROS2_PRACTICE/interfaces/install/temperature/lib/temperature
[1.201s] Installing server script to /home/abhiniraula/Documents/ROS2_PRACTICE/interfaces/install/temperature/lib/temperature
[1.201s] writing list of installed files to '/home/abhiniraula/Documents/ROS2_PRACTICE/interfaces/build/temperature/install.log'
[1.239s] Invoked command in '/home/abhiniraula/Documents/ROS2_PRACTICE/interfaces/src/temperature' returned '0': DEBUGINFOD_URLS=https://debuginfod.ubuntu.com PYTHONPATH=/home/abhiniraula/Documents/ROS2_PRACTICE/interfaces/build/temperature/prefix_override:/usr/lib/python3/dist-packages/colcon_core/task/python/colcon_distutils_commands:/home/abhiniraula/Documents/ROS2_PRACTICE/interfaces/install/temperature/lib/python3.12/site-packages:${PYTHONPATH} /usr/bin/python3 -W ignore:setup.py install is deprecated -W ignore:easy_install command is deprecated setup.py egg_info --egg-base ../../build/temperature build --build-base /home/abhiniraula/Documents/ROS2_PRACTICE/interfaces/build/temperature/build install --record /home/abhiniraula/Documents/ROS2_PRACTICE/interfaces/build/temperature/install.log --single-version-externally-managed install_data
