[0.013s] Invoking command in '/home/abhiniraula/Documents/ROS2_PRACTICE/interfaces/build/interfaces': CMAKE_PREFIX_PATH=${CMAKE_PREFIX_PATH}:/home/abhiniraula/Documents/ROS2_PRACTICE/interfaces/install/temperature:/opt/ros/jazzy DEBUGINFOD_URLS=https://debuginfod.ubuntu.com /usr/bin/cmake --build /home/abhiniraula/Documents/ROS2_PRACTICE/interfaces/build/interfaces -- -j8 -l8
[0.034s] -- Found ament_cmake: 2.5.2 (/opt/ros/jazzy/share/ament_cmake/cmake)
[0.057s] -- Found Python3: /usr/bin/python3 (found version "3.12.3") found components: Interpreter 
[0.127s] -- Found ament_lint_auto: 0.17.1 (/opt/ros/jazzy/share/ament_lint_auto/cmake)
[0.212s] -- Found rosidl_default_generators: 1.6.0 (/opt/ros/jazzy/share/rosidl_default_generators/cmake)
[0.213s] -- Using all available rosidl_typesupport_c: rosidl_typesupport_fastrtps_c;rosidl_typesupport_introspection_c
[0.242s] -- Using all available rosidl_typesupport_cpp: rosidl_typesupport_fastrtps_cpp;rosidl_typesupport_introspection_cpp
[0.266s] -- Found rosidl_adapter: 4.6.4 (/opt/ros/jazzy/share/rosidl_adapter/cmake)
[0.427s] -- Found ament_cmake_ros: 0.12.0 (/opt/ros/jazzy/share/ament_cmake_ros/cmake)
[0.509s] -- Using all available rosidl_typesupport_c: rosidl_typesupport_fastrtps_c;rosidl_typesupport_introspection_c
[0.612s] -- Using all available rosidl_typesupport_cpp: rosidl_typesupport_fastrtps_cpp;rosidl_typesupport_introspection_cpp
[0.613s] -- Found python_cmake_module: 0.11.1 (/opt/ros/jazzy/share/python_cmake_module/cmake)
[0.845s] -- Found Python3: /usr/bin/python3 (found version "3.12.3") found components: Interpreter Development NumPy Development.Module Development.Embed 
[0.864s] -- Added test 'lint_cmake' to check CMake code style
[0.865s] -- Added test 'xmllint' to check XML markup files
[0.868s] -- Found geometry_msgs: 5.3.5 (/opt/ros/jazzy/share/geometry_msgs/cmake)
[0.892s] -- Configuring done (0.9s)
[0.925s] -- Generating done (0.0s)
[0.934s] -- Build files have been written to: /home/abhiniraula/Documents/ROS2_PRACTICE/interfaces/build/interfaces
[0.961s] [  2%] [34m[1mGenerating type hashes for ROS interfaces[0m
[0.968s] [  2%] Built target ament_cmake_python_copy_interfaces
[1.172s] running egg_info
[1.189s] writing interfaces.egg-info/PKG-INFO
[1.190s] writing dependency_links to interfaces.egg-info/dependency_links.txt
[1.190s] writing top-level names to interfaces.egg-info/top_level.txt
[1.243s] reading manifest file 'interfaces.egg-info/SOURCES.txt'
[1.243s] writing manifest file 'interfaces.egg-info/SOURCES.txt'
[1.271s] [  2%] Built target ament_cmake_python_build_interfaces_egg
[2.541s] Traceback (most recent call last):
[2.541s]   File "/opt/ros/jazzy/lib/rosidl_generator_type_description/rosidl_generator_type_description", line 50, in <module>
[2.541s]     sys.exit(main())
[2.542s]              ^^^^^^
[2.542s]   File "/opt/ros/jazzy/lib/rosidl_generator_type_description/rosidl_generator_type_description", line 46, in main
[2.542s]     generate_type_hash(args.generator_arguments_file)
[2.542s]   File "/opt/ros/jazzy/lib/python3.12/site-packages/rosidl_generator_type_description/__init__.py", line 162, in generate_type_hash
[2.542s]     with include_path.open('r') as include_file:
[2.542s]          ^^^^^^^^^^^^^^^^^^^^^^
[2.542s]   File "/usr/lib/python3.12/pathlib.py", line 1015, in open
[2.542s]     return io.open(self, mode, buffering, encoding, errors, newline)
[2.542s]            ^^^^^^^^^^^^^^^^^^^^^^^^^^^^^^^^^^^^^^^^^^^^^^^^^^^^^^^^^
[2.542s] FileNotFoundError: [Errno 2] No such file or directory: '/home/abhiniraula/Documents/ROS2_PRACTICE/interfaces/build/interfaces/rosidl_generator_type_description/interfaces/msg/String.json'
[2.584s] gmake[2]: *** [CMakeFiles/interfaces_srv__rosidl_generator_type_description.dir/build.make:75: rosidl_generator_type_description/interfaces/srv/Temperature.json] Error 1
[2.584s] gmake[1]: *** [CMakeFiles/Makefile2:215: CMakeFiles/interfaces_srv__rosidl_generator_type_description.dir/all] Error 2
[2.584s] gmake: *** [Makefile:146: all] Error 2
[2.586s] Invoked command in '/home/abhiniraula/Documents/ROS2_PRACTICE/interfaces/build/interfaces' returned '2': CMAKE_PREFIX_PATH=${CMAKE_PREFIX_PATH}:/home/abhiniraula/Documents/ROS2_PRACTICE/interfaces/install/temperature:/opt/ros/jazzy DEBUGINFOD_URLS=https://debuginfod.ubuntu.com /usr/bin/cmake --build /home/abhiniraula/Documents/ROS2_PRACTICE/interfaces/build/interfaces -- -j8 -l8
