running egg_info
writing ../../build/temperature/temperature.egg-info/PKG-INFO
writing dependency_links to ../../build/temperature/temperature.egg-info/dependency_links.txt
writing entry points to ../../build/temperature/temperature.egg-info/entry_points.txt
writing requirements to ../../build/temperature/temperature.egg-info/requires.txt
writing top-level names to ../../build/temperature/temperature.egg-info/top_level.txt
reading manifest file '../../build/temperature/temperature.egg-info/SOURCES.txt'
writing manifest file '../../build/temperature/temperature.egg-info/SOURCES.txt'
running build
running build_py
running install
running install_lib
running install_data
running install_egg_info
removing '/home/abhiniraula/Documents/ROS2_PRACTICE/interfaces/install/temperature/lib/python3.12/site-packages/temperature-0.0.0-py3.12.egg-info' (and everything under it)
Copying ../../build/temperature/temperature.egg-info to /home/abhiniraula/Documents/ROS2_PRACTICE/interfaces/install/temperature/lib/python3.12/site-packages/temperature-0.0.0-py3.12.egg-info
running install_scripts
Installing client script to /home/abhiniraula/Documents/ROS2_PRACTICE/interfaces/install/temperature/lib/temperature
Installing server script to /home/abhiniraula/Documents/ROS2_PRACTICE/interfaces/install/temperature/lib/temperature
writing list of installed files to '/home/abhiniraula/Documents/ROS2_PRACTICE/interfaces/build/temperature/install.log'
