[0.751s] Invoking command in '/home/abhiniraula/Documents/ROS2_PRACTICE/interfaces/src/temperature': DEBUGINFOD_URLS=https://debuginfod.ubuntu.com LD_LIBRARY_PATH=/home/abhiniraula/Documents/ROS2_PRACTICE/interfaces/install/interfaces/lib:${LD_LIBRARY_PATH} PYTHONPATH=/home/abhiniraula/Documents/ROS2_PRACTICE/interfaces/build/temperature/prefix_override:/usr/lib/python3/dist-packages/colcon_core/task/python/colcon_distutils_commands:/home/abhiniraula/Documents/ROS2_PRACTICE/interfaces/install/temperature/lib/python3.12/site-packages:/home/abhiniraula/Documents/ROS2_PRACTICE/interfaces/install/interfaces/lib/python3.12/site-packages:${PYTHONPATH} /usr/bin/python3 -W ignore:setup.py install is deprecated -W ignore:easy_install command is deprecated setup.py egg_info --egg-base ../../build/temperature build --build-base /home/abhiniraula/Documents/ROS2_PRACTICE/interfaces/build/temperature/build install --record /home/abhiniraula/Documents/ROS2_PRACTICE/interfaces/build/temperature/install.log --single-version-externally-managed install_data
[0.984s] running egg_info
[1.002s] writing ../../build/temperature/temperature.egg-info/PKG-INFO
[1.002s] writing dependency_links to ../../build/temperature/temperature.egg-info/dependency_links.txt
[1.002s] writing entry points to ../../build/temperature/temperature.egg-info/entry_points.txt
[1.002s] writing requirements to ../../build/temperature/temperature.egg-info/requires.txt
[1.002s] writing top-level names to ../../build/temperature/temperature.egg-info/top_level.txt
[1.036s] reading manifest file '../../build/temperature/temperature.egg-info/SOURCES.txt'
[1.037s] writing manifest file '../../build/temperature/temperature.egg-info/SOURCES.txt'
[1.037s] running build
[1.037s] running build_py
[1.037s] running install
[1.043s] running install_lib
[1.061s] running install_data
[1.061s] running install_egg_info
[1.082s] removing '/home/abhiniraula/Documents/ROS2_PRACTICE/interfaces/install/temperature/lib/python3.12/site-packages/temperature-0.0.0-py3.12.egg-info' (and everything under it)
[1.082s] Copying ../../build/temperature/temperature.egg-info to /home/abhiniraula/Documents/ROS2_PRACTICE/interfaces/install/temperature/lib/python3.12/site-packages/temperature-0.0.0-py3.12.egg-info
[1.082s] running install_scripts
[1.206s] Installing client script to /home/abhiniraula/Documents/ROS2_PRACTICE/interfaces/install/temperature/lib/temperature
[1.206s] Installing server script to /home/abhiniraula/Documents/ROS2_PRACTICE/interfaces/install/temperature/lib/temperature
[1.206s] writing list of installed files to '/home/abhiniraula/Documents/ROS2_PRACTICE/interfaces/build/temperature/install.log'
[1.238s] Invoked command in '/home/abhiniraula/Documents/ROS2_PRACTICE/interfaces/src/temperature' returned '0': DEBUGINFOD_URLS=https://debuginfod.ubuntu.com LD_LIBRARY_PATH=/home/abhiniraula/Documents/ROS2_PRACTICE/interfaces/install/interfaces/lib:${LD_LIBRARY_PATH} PYTHONPATH=/home/abhiniraula/Documents/ROS2_PRACTICE/interfaces/build/temperature/prefix_override:/usr/lib/python3/dist-packages/colcon_core/task/python/colcon_distutils_commands:/home/abhiniraula/Documents/ROS2_PRACTICE/interfaces/install/temperature/lib/python3.12/site-packages:/home/abhiniraula/Documents/ROS2_PRACTICE/interfaces/install/interfaces/lib/python3.12/site-packages:${PYTHONPATH} /usr/bin/python3 -W ignore:setup.py install is deprecated -W ignore:easy_install command is deprecated setup.py egg_info --egg-base ../../build/temperature build --build-base /home/abhiniraula/Documents/ROS2_PRACTICE/interfaces/build/temperature/build install --record /home/abhiniraula/Documents/ROS2_PRACTICE/interfaces/build/temperature/install.log --single-version-externally-managed install_data
