[0.011s] Invoking command in '/home/abhiniraula/Documents/ROS2_PRACTICE/interfaces/build/interfaces': CMAKE_PREFIX_PATH=${CMAKE_PREFIX_PATH}:/home/abhiniraula/Documents/ROS2_PRACTICE/interfaces/install/temperature:/opt/ros/jazzy DEBUGINFOD_URLS=https://debuginfod.ubuntu.com /usr/bin/cmake --build /home/abhiniraula/Documents/ROS2_PRACTICE/interfaces/build/interfaces -- -j8 -l8
[0.060s] [  2%] Built target interfaces_srv__rosidl_generator_type_description
[0.071s] [  2%] Built target ament_cmake_python_copy_interfaces
[0.080s] [  5%] Built target interfaces_srv__cpp
[0.082s] [ 20%] Built target interfaces_srv__rosidl_generator_c
[0.122s] [ 29%] Built target interfaces_srv__rosidl_typesupport_cpp
[0.122s] [ 38%] Built target interfaces_srv__rosidl_typesupport_c
[0.126s] [ 47%] Built target interfaces_srv__rosidl_typesupport_introspection_cpp
[0.128s] [ 55%] Built target interfaces_srv__rosidl_typesupport_fastrtps_cpp
[0.131s] [ 64%] Built target interfaces_srv__rosidl_typesupport_introspection_c
[0.132s] [ 73%] Built target interfaces_srv__rosidl_typesupport_fastrtps_c
[0.155s] [ 73%] Built target interfaces_srv
[0.173s] [ 76%] Built target interfaces_srv__py
[0.193s] [ 82%] Built target interfaces_srv__rosidl_generator_py
[0.224s] [ 94%] Built target interfaces_s__rosidl_typesupport_introspection_c
[0.224s] [ 94%] Built target interfaces_s__rosidl_typesupport_fastrtps_c
[0.224s] [100%] Built target interfaces_s__rosidl_typesupport_c
[0.302s] running egg_info
[0.322s] writing interfaces.egg-info/PKG-INFO
[0.323s] writing dependency_links to interfaces.egg-info/dependency_links.txt
[0.323s] writing top-level names to interfaces.egg-info/top_level.txt
[0.386s] reading manifest file 'interfaces.egg-info/SOURCES.txt'
[0.387s] writing manifest file 'interfaces.egg-info/SOURCES.txt'
[0.426s] [100%] Built target ament_cmake_python_build_interfaces_egg
[0.437s] Invoked command in '/home/abhiniraula/Documents/ROS2_PRACTICE/interfaces/build/interfaces' returned '0': CMAKE_PREFIX_PATH=${CMAKE_PREFIX_PATH}:/home/abhiniraula/Documents/ROS2_PRACTICE/interfaces/install/temperature:/opt/ros/jazzy DEBUGINFOD_URLS=https://debuginfod.ubuntu.com /usr/bin/cmake --build /home/abhiniraula/Documents/ROS2_PRACTICE/interfaces/build/interfaces -- -j8 -l8
[0.446s] Invoking command in '/home/abhiniraula/Documents/ROS2_PRACTICE/interfaces/build/interfaces': CMAKE_PREFIX_PATH=${CMAKE_PREFIX_PATH}:/home/abhiniraula/Documents/ROS2_PRACTICE/interfaces/install/temperature:/opt/ros/jazzy DEBUGINFOD_URLS=https://debuginfod.ubuntu.com /usr/bin/cmake --install /home/abhiniraula/Documents/ROS2_PRACTICE/interfaces/build/interfaces
[0.454s] -- Install configuration: ""
[0.454s] -- Up-to-date: /home/abhiniraula/Documents/ROS2_PRACTICE/interfaces/install/interfaces/share/ament_index/resource_index/rosidl_interfaces/interfaces
[0.455s] -- Up-to-date: /home/abhiniraula/Documents/ROS2_PRACTICE/interfaces/install/interfaces/share/interfaces/srv/Temperature.json
[0.455s] -- Up-to-date: /home/abhiniraula/Documents/ROS2_PRACTICE/interfaces/install/interfaces/include/interfaces/interfaces
[0.455s] -- Up-to-date: /home/abhiniraula/Documents/ROS2_PRACTICE/interfaces/install/interfaces/include/interfaces/interfaces/msg
[0.455s] -- Up-to-date: /home/abhiniraula/Documents/ROS2_PRACTICE/interfaces/install/interfaces/include/interfaces/interfaces/msg/rosidl_generator_c__visibility_control.h
[0.455s] -- Up-to-date: /home/abhiniraula/Documents/ROS2_PRACTICE/interfaces/install/interfaces/include/interfaces/interfaces/srv
[0.455s] -- Up-to-date: /home/abhiniraula/Documents/ROS2_PRACTICE/interfaces/install/interfaces/include/interfaces/interfaces/srv/detail
[0.455s] -- Up-to-date: /home/abhiniraula/Documents/ROS2_PRACTICE/interfaces/install/interfaces/include/interfaces/interfaces/srv/detail/temperature__type_support.h
[0.455s] -- Up-to-date: /home/abhiniraula/Documents/ROS2_PRACTICE/interfaces/install/interfaces/include/interfaces/interfaces/srv/detail/temperature__functions.h
[0.455s] -- Up-to-date: /home/abhiniraula/Documents/ROS2_PRACTICE/interfaces/install/interfaces/include/interfaces/interfaces/srv/detail/temperature__type_support.c
[0.456s] -- Up-to-date: /home/abhiniraula/Documents/ROS2_PRACTICE/interfaces/install/interfaces/include/interfaces/interfaces/srv/detail/temperature__struct.h
[0.456s] -- Up-to-date: /home/abhiniraula/Documents/ROS2_PRACTICE/interfaces/install/interfaces/include/interfaces/interfaces/srv/detail/temperature__functions.c
[0.456s] -- Up-to-date: /home/abhiniraula/Documents/ROS2_PRACTICE/interfaces/install/interfaces/include/interfaces/interfaces/srv/detail/temperature__description.c
[0.456s] -- Up-to-date: /home/abhiniraula/Documents/ROS2_PRACTICE/interfaces/install/interfaces/include/interfaces/interfaces/srv/temperature.h
[0.456s] -- Up-to-date: /home/abhiniraula/Documents/ROS2_PRACTICE/interfaces/install/interfaces/share/interfaces/environment/library_path.sh
[0.456s] -- Up-to-date: /home/abhiniraula/Documents/ROS2_PRACTICE/interfaces/install/interfaces/share/interfaces/environment/library_path.dsv
[0.456s] -- Up-to-date: /home/abhiniraula/Documents/ROS2_PRACTICE/interfaces/install/interfaces/lib/libinterfaces__rosidl_generator_c.so
[0.456s] -- Up-to-date: /home/abhiniraula/Documents/ROS2_PRACTICE/interfaces/install/interfaces/include/interfaces/interfaces
[0.456s] -- Up-to-date: /home/abhiniraula/Documents/ROS2_PRACTICE/interfaces/install/interfaces/include/interfaces/interfaces/msg
[0.457s] -- Up-to-date: /home/abhiniraula/Documents/ROS2_PRACTICE/interfaces/install/interfaces/include/interfaces/interfaces/msg/rosidl_typesupport_fastrtps_c__visibility_control.h
[0.457s] -- Up-to-date: /home/abhiniraula/Documents/ROS2_PRACTICE/interfaces/install/interfaces/include/interfaces/interfaces/srv
[0.457s] -- Up-to-date: /home/abhiniraula/Documents/ROS2_PRACTICE/interfaces/install/interfaces/include/interfaces/interfaces/srv/detail
[0.457s] -- Up-to-date: /home/abhiniraula/Documents/ROS2_PRACTICE/interfaces/install/interfaces/include/interfaces/interfaces/srv/detail/temperature__rosidl_typesupport_fastrtps_c.h
[0.457s] -- Up-to-date: /home/abhiniraula/Documents/ROS2_PRACTICE/interfaces/install/interfaces/lib/libinterfaces__rosidl_typesupport_fastrtps_c.so
[0.457s] -- Up-to-date: /home/abhiniraula/Documents/ROS2_PRACTICE/interfaces/install/interfaces/include/interfaces/interfaces
[0.457s] -- Up-to-date: /home/abhiniraula/Documents/ROS2_PRACTICE/interfaces/install/interfaces/include/interfaces/interfaces/msg
[0.457s] -- Up-to-date: /home/abhiniraula/Documents/ROS2_PRACTICE/interfaces/install/interfaces/include/interfaces/interfaces/msg/rosidl_generator_cpp__visibility_control.hpp
[0.458s] -- Up-to-date: /home/abhiniraula/Documents/ROS2_PRACTICE/interfaces/install/interfaces/include/interfaces/interfaces/srv
[0.458s] -- Up-to-date: /home/abhiniraula/Documents/ROS2_PRACTICE/interfaces/install/interfaces/include/interfaces/interfaces/srv/temperature.hpp
[0.458s] -- Up-to-date: /home/abhiniraula/Documents/ROS2_PRACTICE/interfaces/install/interfaces/include/interfaces/interfaces/srv/detail
[0.458s] -- Up-to-date: /home/abhiniraula/Documents/ROS2_PRACTICE/interfaces/install/interfaces/include/interfaces/interfaces/srv/detail/temperature__struct.hpp
[0.458s] -- Up-to-date: /home/abhiniraula/Documents/ROS2_PRACTICE/interfaces/install/interfaces/include/interfaces/interfaces/srv/detail/temperature__type_support.hpp
[0.458s] -- Up-to-date: /home/abhiniraula/Documents/ROS2_PRACTICE/interfaces/install/interfaces/include/interfaces/interfaces/srv/detail/temperature__traits.hpp
[0.458s] -- Up-to-date: /home/abhiniraula/Documents/ROS2_PRACTICE/interfaces/install/interfaces/include/interfaces/interfaces/srv/detail/temperature__builder.hpp
[0.458s] -- Up-to-date: /home/abhiniraula/Documents/ROS2_PRACTICE/interfaces/install/interfaces/include/interfaces/interfaces
[0.458s] -- Up-to-date: /home/abhiniraula/Documents/ROS2_PRACTICE/interfaces/install/interfaces/include/interfaces/interfaces/msg
[0.458s] -- Up-to-date: /home/abhiniraula/Documents/ROS2_PRACTICE/interfaces/install/interfaces/include/interfaces/interfaces/msg/rosidl_typesupport_fastrtps_cpp__visibility_control.h
[0.459s] -- Up-to-date: /home/abhiniraula/Documents/ROS2_PRACTICE/interfaces/install/interfaces/include/interfaces/interfaces/srv
[0.459s] -- Up-to-date: /home/abhiniraula/Documents/ROS2_PRACTICE/interfaces/install/interfaces/include/interfaces/interfaces/srv/detail
[0.459s] -- Up-to-date: /home/abhiniraula/Documents/ROS2_PRACTICE/interfaces/install/interfaces/include/interfaces/interfaces/srv/detail/temperature__rosidl_typesupport_fastrtps_cpp.hpp
[0.459s] -- Up-to-date: /home/abhiniraula/Documents/ROS2_PRACTICE/interfaces/install/interfaces/include/interfaces/interfaces/srv/detail/dds_fastrtps
[0.459s] -- Up-to-date: /home/abhiniraula/Documents/ROS2_PRACTICE/interfaces/install/interfaces/lib/libinterfaces__rosidl_typesupport_fastrtps_cpp.so
[0.459s] -- Up-to-date: /home/abhiniraula/Documents/ROS2_PRACTICE/interfaces/install/interfaces/include/interfaces/interfaces
[0.459s] -- Up-to-date: /home/abhiniraula/Documents/ROS2_PRACTICE/interfaces/install/interfaces/include/interfaces/interfaces/msg
[0.459s] -- Up-to-date: /home/abhiniraula/Documents/ROS2_PRACTICE/interfaces/install/interfaces/include/interfaces/interfaces/msg/rosidl_typesupport_introspection_c__visibility_control.h
[0.459s] -- Up-to-date: /home/abhiniraula/Documents/ROS2_PRACTICE/interfaces/install/interfaces/include/interfaces/interfaces/srv
[0.459s] -- Up-to-date: /home/abhiniraula/Documents/ROS2_PRACTICE/interfaces/install/interfaces/include/interfaces/interfaces/srv/detail
[0.460s] -- Up-to-date: /home/abhiniraula/Documents/ROS2_PRACTICE/interfaces/install/interfaces/include/interfaces/interfaces/srv/detail/temperature__type_support.c
[0.460s] -- Up-to-date: /home/abhiniraula/Documents/ROS2_PRACTICE/interfaces/install/interfaces/include/interfaces/interfaces/srv/detail/temperature__rosidl_typesupport_introspection_c.h
[0.460s] -- Up-to-date: /home/abhiniraula/Documents/ROS2_PRACTICE/interfaces/install/interfaces/lib/libinterfaces__rosidl_typesupport_introspection_c.so
[0.460s] -- Up-to-date: /home/abhiniraula/Documents/ROS2_PRACTICE/interfaces/install/interfaces/lib/libinterfaces__rosidl_typesupport_c.so
[0.460s] -- Up-to-date: /home/abhiniraula/Documents/ROS2_PRACTICE/interfaces/install/interfaces/include/interfaces/interfaces
[0.460s] -- Up-to-date: /home/abhiniraula/Documents/ROS2_PRACTICE/interfaces/install/interfaces/include/interfaces/interfaces/srv
[0.460s] -- Up-to-date: /home/abhiniraula/Documents/ROS2_PRACTICE/interfaces/install/interfaces/include/interfaces/interfaces/srv/detail
[0.460s] -- Up-to-date: /home/abhiniraula/Documents/ROS2_PRACTICE/interfaces/install/interfaces/include/interfaces/interfaces/srv/detail/temperature__type_support.cpp
[0.460s] -- Up-to-date: /home/abhiniraula/Documents/ROS2_PRACTICE/interfaces/install/interfaces/include/interfaces/interfaces/srv/detail/temperature__rosidl_typesupport_introspection_cpp.hpp
[0.460s] -- Up-to-date: /home/abhiniraula/Documents/ROS2_PRACTICE/interfaces/install/interfaces/lib/libinterfaces__rosidl_typesupport_introspection_cpp.so
[0.460s] -- Up-to-date: /home/abhiniraula/Documents/ROS2_PRACTICE/interfaces/install/interfaces/lib/libinterfaces__rosidl_typesupport_cpp.so
[0.461s] -- Up-to-date: /home/abhiniraula/Documents/ROS2_PRACTICE/interfaces/install/interfaces/share/interfaces/environment/pythonpath.sh
[0.461s] -- Up-to-date: /home/abhiniraula/Documents/ROS2_PRACTICE/interfaces/install/interfaces/share/interfaces/environment/pythonpath.dsv
[0.461s] -- Up-to-date: /home/abhiniraula/Documents/ROS2_PRACTICE/interfaces/install/interfaces/lib/python3.12/site-packages/interfaces-0.0.0-py3.12.egg-info
[0.461s] -- Installing: /home/abhiniraula/Documents/ROS2_PRACTICE/interfaces/install/interfaces/lib/python3.12/site-packages/interfaces-0.0.0-py3.12.egg-info/dependency_links.txt
[0.461s] -- Installing: /home/abhiniraula/Documents/ROS2_PRACTICE/interfaces/install/interfaces/lib/python3.12/site-packages/interfaces-0.0.0-py3.12.egg-info/SOURCES.txt
[0.461s] -- Installing: /home/abhiniraula/Documents/ROS2_PRACTICE/interfaces/install/interfaces/lib/python3.12/site-packages/interfaces-0.0.0-py3.12.egg-info/top_level.txt
[0.461s] -- Installing: /home/abhiniraula/Documents/ROS2_PRACTICE/interfaces/install/interfaces/lib/python3.12/site-packages/interfaces-0.0.0-py3.12.egg-info/PKG-INFO
[0.461s] -- Up-to-date: /home/abhiniraula/Documents/ROS2_PRACTICE/interfaces/install/interfaces/lib/python3.12/site-packages/interfaces
[0.461s] -- Up-to-date: /home/abhiniraula/Documents/ROS2_PRACTICE/interfaces/install/interfaces/lib/python3.12/site-packages/interfaces/_interfaces_s.ep.rosidl_typesupport_introspection_c.c
[0.461s] -- Up-to-date: /home/abhiniraula/Documents/ROS2_PRACTICE/interfaces/install/interfaces/lib/python3.12/site-packages/interfaces/interfaces_s__rosidl_typesupport_introspection_c.so
[0.462s] -- Up-to-date: /home/abhiniraula/Documents/ROS2_PRACTICE/interfaces/install/interfaces/lib/python3.12/site-packages/interfaces/srv
[0.462s] -- Up-to-date: /home/abhiniraula/Documents/ROS2_PRACTICE/interfaces/install/interfaces/lib/python3.12/site-packages/interfaces/srv/_temperature.py
[0.462s] -- Up-to-date: /home/abhiniraula/Documents/ROS2_PRACTICE/interfaces/install/interfaces/lib/python3.12/site-packages/interfaces/srv/_temperature_s.c
[0.462s] -- Up-to-date: /home/abhiniraula/Documents/ROS2_PRACTICE/interfaces/install/interfaces/lib/python3.12/site-packages/interfaces/srv/__init__.py
[0.462s] -- Up-to-date: /home/abhiniraula/Documents/ROS2_PRACTICE/interfaces/install/interfaces/lib/python3.12/site-packages/interfaces/__init__.py
[0.462s] -- Up-to-date: /home/abhiniraula/Documents/ROS2_PRACTICE/interfaces/install/interfaces/lib/python3.12/site-packages/interfaces/_interfaces_s.ep.rosidl_typesupport_c.c
[0.462s] -- Up-to-date: /home/abhiniraula/Documents/ROS2_PRACTICE/interfaces/install/interfaces/lib/python3.12/site-packages/interfaces/interfaces_s__rosidl_typesupport_fastrtps_c.so
[0.462s] -- Up-to-date: /home/abhiniraula/Documents/ROS2_PRACTICE/interfaces/install/interfaces/lib/python3.12/site-packages/interfaces/interfaces_s__rosidl_typesupport_c.so
[0.462s] -- Up-to-date: /home/abhiniraula/Documents/ROS2_PRACTICE/interfaces/install/interfaces/lib/python3.12/site-packages/interfaces/_interfaces_s.ep.rosidl_typesupport_fastrtps_c.c
[0.494s] Listing '/home/abhiniraula/Documents/ROS2_PRACTICE/interfaces/install/interfaces/lib/python3.12/site-packages/interfaces'...
[0.494s] Listing '/home/abhiniraula/Documents/ROS2_PRACTICE/interfaces/install/interfaces/lib/python3.12/site-packages/interfaces/srv'...
[0.501s] -- Up-to-date: /home/abhiniraula/Documents/ROS2_PRACTICE/interfaces/install/interfaces/lib/python3.12/site-packages/interfaces/interfaces_s__rosidl_typesupport_fastrtps_c.so
[0.502s] -- Up-to-date: /home/abhiniraula/Documents/ROS2_PRACTICE/interfaces/install/interfaces/lib/python3.12/site-packages/interfaces/interfaces_s__rosidl_typesupport_introspection_c.so
[0.502s] -- Up-to-date: /home/abhiniraula/Documents/ROS2_PRACTICE/interfaces/install/interfaces/lib/python3.12/site-packages/interfaces/interfaces_s__rosidl_typesupport_c.so
[0.503s] -- Up-to-date: /home/abhiniraula/Documents/ROS2_PRACTICE/interfaces/install/interfaces/lib/libinterfaces_srv__rosidl_generator_py.so
[0.503s] -- Up-to-date: /home/abhiniraula/Documents/ROS2_PRACTICE/interfaces/install/interfaces/share/interfaces/srv/Temperature.idl
[0.503s] -- Up-to-date: /home/abhiniraula/Documents/ROS2_PRACTICE/interfaces/install/interfaces/share/interfaces/srv/Temperature.srv
[0.503s] -- Up-to-date: /home/abhiniraula/Documents/ROS2_PRACTICE/interfaces/install/interfaces/share/ament_index/resource_index/package_run_dependencies/interfaces
[0.503s] -- Up-to-date: /home/abhiniraula/Documents/ROS2_PRACTICE/interfaces/install/interfaces/share/ament_index/resource_index/parent_prefix_path/interfaces
[0.503s] -- Up-to-date: /home/abhiniraula/Documents/ROS2_PRACTICE/interfaces/install/interfaces/share/interfaces/environment/ament_prefix_path.sh
[0.503s] -- Up-to-date: /home/abhiniraula/Documents/ROS2_PRACTICE/interfaces/install/interfaces/share/interfaces/environment/ament_prefix_path.dsv
[0.503s] -- Up-to-date: /home/abhiniraula/Documents/ROS2_PRACTICE/interfaces/install/interfaces/share/interfaces/environment/path.sh
[0.503s] -- Up-to-date: /home/abhiniraula/Documents/ROS2_PRACTICE/interfaces/install/interfaces/share/interfaces/environment/path.dsv
[0.504s] -- Up-to-date: /home/abhiniraula/Documents/ROS2_PRACTICE/interfaces/install/interfaces/share/interfaces/local_setup.bash
[0.504s] -- Up-to-date: /home/abhiniraula/Documents/ROS2_PRACTICE/interfaces/install/interfaces/share/interfaces/local_setup.sh
[0.504s] -- Up-to-date: /home/abhiniraula/Documents/ROS2_PRACTICE/interfaces/install/interfaces/share/interfaces/local_setup.zsh
[0.504s] -- Up-to-date: /home/abhiniraula/Documents/ROS2_PRACTICE/interfaces/install/interfaces/share/interfaces/local_setup.dsv
[0.504s] -- Installing: /home/abhiniraula/Documents/ROS2_PRACTICE/interfaces/install/interfaces/share/interfaces/package.dsv
[0.504s] -- Up-to-date: /home/abhiniraula/Documents/ROS2_PRACTICE/interfaces/install/interfaces/share/ament_index/resource_index/packages/interfaces
[0.504s] -- Up-to-date: /home/abhiniraula/Documents/ROS2_PRACTICE/interfaces/install/interfaces/share/interfaces/cmake/export_interfaces_srv__rosidl_generator_cExport.cmake
[0.504s] -- Up-to-date: /home/abhiniraula/Documents/ROS2_PRACTICE/interfaces/install/interfaces/share/interfaces/cmake/export_interfaces_srv__rosidl_generator_cExport-noconfig.cmake
[0.504s] -- Up-to-date: /home/abhiniraula/Documents/ROS2_PRACTICE/interfaces/install/interfaces/share/interfaces/cmake/export_interfaces_srv__rosidl_typesupport_fastrtps_cExport.cmake
[0.504s] -- Up-to-date: /home/abhiniraula/Documents/ROS2_PRACTICE/interfaces/install/interfaces/share/interfaces/cmake/export_interfaces_srv__rosidl_typesupport_fastrtps_cExport-noconfig.cmake
[0.504s] -- Up-to-date: /home/abhiniraula/Documents/ROS2_PRACTICE/interfaces/install/interfaces/share/interfaces/cmake/export_interfaces_srv__rosidl_generator_cppExport.cmake
[0.504s] -- Up-to-date: /home/abhiniraula/Documents/ROS2_PRACTICE/interfaces/install/interfaces/share/interfaces/cmake/export_interfaces_srv__rosidl_typesupport_fastrtps_cppExport.cmake
[0.504s] -- Up-to-date: /home/abhiniraula/Documents/ROS2_PRACTICE/interfaces/install/interfaces/share/interfaces/cmake/export_interfaces_srv__rosidl_typesupport_fastrtps_cppExport-noconfig.cmake
[0.505s] -- Up-to-date: /home/abhiniraula/Documents/ROS2_PRACTICE/interfaces/install/interfaces/share/interfaces/cmake/interfaces_srv__rosidl_typesupport_introspection_cExport.cmake
[0.505s] -- Up-to-date: /home/abhiniraula/Documents/ROS2_PRACTICE/interfaces/install/interfaces/share/interfaces/cmake/interfaces_srv__rosidl_typesupport_introspection_cExport-noconfig.cmake
[0.505s] -- Up-to-date: /home/abhiniraula/Documents/ROS2_PRACTICE/interfaces/install/interfaces/share/interfaces/cmake/interfaces_srv__rosidl_typesupport_cExport.cmake
[0.505s] -- Up-to-date: /home/abhiniraula/Documents/ROS2_PRACTICE/interfaces/install/interfaces/share/interfaces/cmake/interfaces_srv__rosidl_typesupport_cExport-noconfig.cmake
[0.505s] -- Up-to-date: /home/abhiniraula/Documents/ROS2_PRACTICE/interfaces/install/interfaces/share/interfaces/cmake/interfaces_srv__rosidl_typesupport_introspection_cppExport.cmake
[0.505s] -- Up-to-date: /home/abhiniraula/Documents/ROS2_PRACTICE/interfaces/install/interfaces/share/interfaces/cmake/interfaces_srv__rosidl_typesupport_introspection_cppExport-noconfig.cmake
[0.505s] -- Up-to-date: /home/abhiniraula/Documents/ROS2_PRACTICE/interfaces/install/interfaces/share/interfaces/cmake/interfaces_srv__rosidl_typesupport_cppExport.cmake
[0.505s] -- Up-to-date: /home/abhiniraula/Documents/ROS2_PRACTICE/interfaces/install/interfaces/share/interfaces/cmake/interfaces_srv__rosidl_typesupport_cppExport-noconfig.cmake
[0.506s] -- Up-to-date: /home/abhiniraula/Documents/ROS2_PRACTICE/interfaces/install/interfaces/share/interfaces/cmake/export_interfaces_srv__rosidl_generator_pyExport.cmake
[0.506s] -- Up-to-date: /home/abhiniraula/Documents/ROS2_PRACTICE/interfaces/install/interfaces/share/interfaces/cmake/export_interfaces_srv__rosidl_generator_pyExport-noconfig.cmake
[0.506s] -- Up-to-date: /home/abhiniraula/Documents/ROS2_PRACTICE/interfaces/install/interfaces/share/interfaces/cmake/rosidl_cmake-extras.cmake
[0.506s] -- Up-to-date: /home/abhiniraula/Documents/ROS2_PRACTICE/interfaces/install/interfaces/share/interfaces/cmake/ament_cmake_export_dependencies-extras.cmake
[0.506s] -- Up-to-date: /home/abhiniraula/Documents/ROS2_PRACTICE/interfaces/install/interfaces/share/interfaces/cmake/ament_cmake_export_include_directories-extras.cmake
[0.506s] -- Up-to-date: /home/abhiniraula/Documents/ROS2_PRACTICE/interfaces/install/interfaces/share/interfaces/cmake/ament_cmake_export_libraries-extras.cmake
[0.507s] -- Up-to-date: /home/abhiniraula/Documents/ROS2_PRACTICE/interfaces/install/interfaces/share/interfaces/cmake/ament_cmake_export_targets-extras.cmake
[0.507s] -- Up-to-date: /home/abhiniraula/Documents/ROS2_PRACTICE/interfaces/install/interfaces/share/interfaces/cmake/rosidl_cmake_export_typesupport_targets-extras.cmake
[0.507s] -- Up-to-date: /home/abhiniraula/Documents/ROS2_PRACTICE/interfaces/install/interfaces/share/interfaces/cmake/rosidl_cmake_export_typesupport_libraries-extras.cmake
[0.507s] -- Up-to-date: /home/abhiniraula/Documents/ROS2_PRACTICE/interfaces/install/interfaces/share/interfaces/cmake/interfacesConfig.cmake
[0.507s] -- Up-to-date: /home/abhiniraula/Documents/ROS2_PRACTICE/interfaces/install/interfaces/share/interfaces/cmake/interfacesConfig-version.cmake
[0.507s] -- Up-to-date: /home/abhiniraula/Documents/ROS2_PRACTICE/interfaces/install/interfaces/share/interfaces/package.xml
[0.510s] Invoked command in '/home/abhiniraula/Documents/ROS2_PRACTICE/interfaces/build/interfaces' returned '0': CMAKE_PREFIX_PATH=${CMAKE_PREFIX_PATH}:/home/abhiniraula/Documents/ROS2_PRACTICE/interfaces/install/temperature:/opt/ros/jazzy DEBUGINFOD_URLS=https://debuginfod.ubuntu.com /usr/bin/cmake --install /home/abhiniraula/Documents/ROS2_PRACTICE/interfaces/build/interfaces
