-- The C compiler identification is GNU 13.3.0
-- The CXX compiler identification is GNU 13.3.0
-- Detecting C compiler ABI info
-- Detecting C compiler ABI info - done
-- Check for working C compiler: /usr/bin/cc - skipped
-- Detecting C compile features
-- Detecting C compile features - done
-- Detecting CXX compiler ABI info
-- Detecting CXX compiler ABI info - done
-- Check for working CXX compiler: /usr/bin/c++ - skipped
-- Detecting CXX compile features
-- Detecting CXX compile features - done
-- Found ament_cmake: 2.5.2 (/opt/ros/jazzy/share/ament_cmake/cmake)
-- Found Python3: /usr/bin/python3 (found version "3.12.3") found components: Interpreter 
-- Found ament_lint_auto: 0.17.1 (/opt/ros/jazzy/share/ament_lint_auto/cmake)
-- Added test 'lint_cmake' to check CMake code style
-- Added test 'xmllint' to check XML markup files
-- Found geometry_msgs: 5.3.5 (/opt/ros/jazzy/share/geometry_msgs/cmake)
-- Found rosidl_generator_c: 4.6.4 (/opt/ros/jazzy/share/rosidl_generator_c/cmake)
-- Found rosidl_generator_cpp: 4.6.4 (/opt/ros/jazzy/share/rosidl_generator_cpp/cmake)
-- Using all available rosidl_typesupport_c: rosidl_typesupport_fastrtps_c;rosidl_typesupport_introspection_c
-- Using all available rosidl_typesupport_cpp: rosidl_typesupport_fastrtps_cpp;rosidl_typesupport_introspection_cpp
-- Found rosidl_default_generators: 1.6.0 (/opt/ros/jazzy/share/rosidl_default_generators/cmake)
-- Found rosidl_adapter: 4.6.4 (/opt/ros/jazzy/share/rosidl_adapter/cmake)
-- Configuring done (0.7s)
-- Generating done (0.0s)
-- Build files have been written to: /home/abhiniraula/Documents/ROS2_PRACTICE/interfaces/build/interfaces
-- Install configuration: ""
-- Installing: /home/abhiniraula/Documents/ROS2_PRACTICE/interfaces/install/interfaces/share/ament_index/resource_index/package_run_dependencies/interfaces
-- Installing: /home/abhiniraula/Documents/ROS2_PRACTICE/interfaces/install/interfaces/share/ament_index/resource_index/parent_prefix_path/interfaces
-- Installing: /home/abhiniraula/Documents/ROS2_PRACTICE/interfaces/install/interfaces/share/interfaces/environment/ament_prefix_path.sh
-- Installing: /home/abhiniraula/Documents/ROS2_PRACTICE/interfaces/install/interfaces/share/interfaces/environment/ament_prefix_path.dsv
-- Installing: /home/abhiniraula/Documents/ROS2_PRACTICE/interfaces/install/interfaces/share/interfaces/environment/path.sh
-- Installing: /home/abhiniraula/Documents/ROS2_PRACTICE/interfaces/install/interfaces/share/interfaces/environment/path.dsv
-- Installing: /home/abhiniraula/Documents/ROS2_PRACTICE/interfaces/install/interfaces/share/interfaces/local_setup.bash
-- Installing: /home/abhiniraula/Documents/ROS2_PRACTICE/interfaces/install/interfaces/share/interfaces/local_setup.sh
-- Installing: /home/abhiniraula/Documents/ROS2_PRACTICE/interfaces/install/interfaces/share/interfaces/local_setup.zsh
-- Installing: /home/abhiniraula/Documents/ROS2_PRACTICE/interfaces/install/interfaces/share/interfaces/local_setup.dsv
-- Installing: /home/abhiniraula/Documents/ROS2_PRACTICE/interfaces/install/interfaces/share/interfaces/package.dsv
-- Installing: /home/abhiniraula/Documents/ROS2_PRACTICE/interfaces/install/interfaces/share/ament_index/resource_index/packages/interfaces
-- Installing: /home/abhiniraula/Documents/ROS2_PRACTICE/interfaces/install/interfaces/share/interfaces/cmake/interfacesConfig.cmake
-- Installing: /home/abhiniraula/Documents/ROS2_PRACTICE/interfaces/install/interfaces/share/interfaces/cmake/interfacesConfig-version.cmake
-- Installing: /home/abhiniraula/Documents/ROS2_PRACTICE/interfaces/install/interfaces/share/interfaces/package.xml
-- Installing: /home/abhiniraula/Documents/ROS2_PRACTICE/interfaces/install/interfaces/share/interfaces//msg
-- Installing: /home/abhiniraula/Documents/ROS2_PRACTICE/interfaces/install/interfaces/share/interfaces//msg/Num.msg
-- Installing: /home/abhiniraula/Documents/ROS2_PRACTICE/interfaces/install/interfaces/share/interfaces//msg/Sphere.msg
-- Installing: /home/abhiniraula/Documents/ROS2_PRACTICE/interfaces/install/interfaces/share/interfaces//srv
-- Installing: /home/abhiniraula/Documents/ROS2_PRACTICE/interfaces/install/interfaces/share/interfaces//srv/AddThreeInts.srv
-- Installing: /home/abhiniraula/Documents/ROS2_PRACTICE/interfaces/install/interfaces/share/interfaces//srv/Temperature.srv
