[0.010s] Invoking command in '/home/abhiniraula/Documents/ROS2_PRACTICE/interfaces/build/interfaces': CMAKE_PREFIX_PATH=${CMAKE_PREFIX_PATH}:/home/abhiniraula/Documents/ROS2_PRACTICE/interfaces/install/temperature:/opt/ros/jazzy DEBUGINFOD_URLS=https://debuginfod.ubuntu.com /usr/bin/cmake /home/abhiniraula/Documents/ROS2_PRACTICE/interfaces/src/interfaces -DCMAKE_INSTALL_PREFIX=/home/abhiniraula/Documents/ROS2_PRACTICE/interfaces/install/interfaces
[0.057s] -- The C compiler identification is GNU 13.3.0
[0.114s] -- The CXX compiler identification is GNU 13.3.0
[0.126s] -- Detecting C compiler ABI info
[0.192s] -- Detecting C compiler ABI info - done
[0.200s] -- Check for working C compiler: /usr/bin/cc - skipped
[0.200s] -- Detecting C compile features
[0.200s] -- Detecting C compile features - done
[0.208s] -- Detecting CXX compiler ABI info
[0.293s] -- Detecting CXX compiler ABI info - done
[0.301s] -- Check for working CXX compiler: /usr/bin/c++ - skipped
[0.301s] -- Detecting CXX compile features
[0.301s] -- Detecting CXX compile features - done
[0.303s] -- Found ament_cmake: 2.5.2 (/opt/ros/jazzy/share/ament_cmake/cmake)
[0.428s] -- Found Python3: /usr/bin/python3 (found version "3.12.3") found components: Interpreter 
[0.507s] -- Found ament_lint_auto: 0.17.1 (/opt/ros/jazzy/share/ament_lint_auto/cmake)
[0.601s] -- Added test 'lint_cmake' to check CMake code style
[0.603s] -- Added test 'xmllint' to check XML markup files
[0.607s] -- Found geometry_msgs: 5.3.5 (/opt/ros/jazzy/share/geometry_msgs/cmake)
[0.637s] -- Found rosidl_generator_c: 4.6.4 (/opt/ros/jazzy/share/rosidl_generator_c/cmake)
[0.650s] -- Found rosidl_generator_cpp: 4.6.4 (/opt/ros/jazzy/share/rosidl_generator_cpp/cmake)
[0.661s] -- Using all available rosidl_typesupport_c: rosidl_typesupport_fastrtps_c;rosidl_typesupport_introspection_c
[0.674s] -- Using all available rosidl_typesupport_cpp: rosidl_typesupport_fastrtps_cpp;rosidl_typesupport_introspection_cpp
[0.711s] -- Found rosidl_default_generators: 1.6.0 (/opt/ros/jazzy/share/rosidl_default_generators/cmake)
[0.721s] -- Found rosidl_adapter: 4.6.4 (/opt/ros/jazzy/share/rosidl_adapter/cmake)
[0.723s] -- Configuring done (0.7s)
[0.725s] -- Generating done (0.0s)
[0.727s] -- Build files have been written to: /home/abhiniraula/Documents/ROS2_PRACTICE/interfaces/build/interfaces
[0.732s] Invoked command in '/home/abhiniraula/Documents/ROS2_PRACTICE/interfaces/build/interfaces' returned '0': CMAKE_PREFIX_PATH=${CMAKE_PREFIX_PATH}:/home/abhiniraula/Documents/ROS2_PRACTICE/interfaces/install/temperature:/opt/ros/jazzy DEBUGINFOD_URLS=https://debuginfod.ubuntu.com /usr/bin/cmake /home/abhiniraula/Documents/ROS2_PRACTICE/interfaces/src/interfaces -DCMAKE_INSTALL_PREFIX=/home/abhiniraula/Documents/ROS2_PRACTICE/interfaces/install/interfaces
[0.733s] Invoking command in '/home/abhiniraula/Documents/ROS2_PRACTICE/interfaces/build/interfaces': CMAKE_PREFIX_PATH=${CMAKE_PREFIX_PATH}:/home/abhiniraula/Documents/ROS2_PRACTICE/interfaces/install/temperature:/opt/ros/jazzy DEBUGINFOD_URLS=https://debuginfod.ubuntu.com /usr/bin/cmake --build /home/abhiniraula/Documents/ROS2_PRACTICE/interfaces/build/interfaces -- -j8 -l8
[0.768s] Invoked command in '/home/abhiniraula/Documents/ROS2_PRACTICE/interfaces/build/interfaces' returned '0': CMAKE_PREFIX_PATH=${CMAKE_PREFIX_PATH}:/home/abhiniraula/Documents/ROS2_PRACTICE/interfaces/install/temperature:/opt/ros/jazzy DEBUGINFOD_URLS=https://debuginfod.ubuntu.com /usr/bin/cmake --build /home/abhiniraula/Documents/ROS2_PRACTICE/interfaces/build/interfaces -- -j8 -l8
[0.776s] Invoking command in '/home/abhiniraula/Documents/ROS2_PRACTICE/interfaces/build/interfaces': CMAKE_PREFIX_PATH=${CMAKE_PREFIX_PATH}:/home/abhiniraula/Documents/ROS2_PRACTICE/interfaces/install/temperature:/opt/ros/jazzy DEBUGINFOD_URLS=https://debuginfod.ubuntu.com /usr/bin/cmake --install /home/abhiniraula/Documents/ROS2_PRACTICE/interfaces/build/interfaces
[0.782s] -- Install configuration: ""
[0.783s] -- Installing: /home/abhiniraula/Documents/ROS2_PRACTICE/interfaces/install/interfaces/share/ament_index/resource_index/package_run_dependencies/interfaces
[0.783s] -- Installing: /home/abhiniraula/Documents/ROS2_PRACTICE/interfaces/install/interfaces/share/ament_index/resource_index/parent_prefix_path/interfaces
[0.783s] -- Installing: /home/abhiniraula/Documents/ROS2_PRACTICE/interfaces/install/interfaces/share/interfaces/environment/ament_prefix_path.sh
[0.784s] -- Installing: /home/abhiniraula/Documents/ROS2_PRACTICE/interfaces/install/interfaces/share/interfaces/environment/ament_prefix_path.dsv
[0.784s] -- Installing: /home/abhiniraula/Documents/ROS2_PRACTICE/interfaces/install/interfaces/share/interfaces/environment/path.sh
[0.784s] -- Installing: /home/abhiniraula/Documents/ROS2_PRACTICE/interfaces/install/interfaces/share/interfaces/environment/path.dsv
[0.784s] -- Installing: /home/abhiniraula/Documents/ROS2_PRACTICE/interfaces/install/interfaces/share/interfaces/local_setup.bash
[0.784s] -- Installing: /home/abhiniraula/Documents/ROS2_PRACTICE/interfaces/install/interfaces/share/interfaces/local_setup.sh
[0.784s] -- Installing: /home/abhiniraula/Documents/ROS2_PRACTICE/interfaces/install/interfaces/share/interfaces/local_setup.zsh
[0.784s] -- Installing: /home/abhiniraula/Documents/ROS2_PRACTICE/interfaces/install/interfaces/share/interfaces/local_setup.dsv
[0.784s] -- Installing: /home/abhiniraula/Documents/ROS2_PRACTICE/interfaces/install/interfaces/share/interfaces/package.dsv
[0.785s] -- Installing: /home/abhiniraula/Documents/ROS2_PRACTICE/interfaces/install/interfaces/share/ament_index/resource_index/packages/interfaces
[0.785s] -- Installing: /home/abhiniraula/Documents/ROS2_PRACTICE/interfaces/install/interfaces/share/interfaces/cmake/interfacesConfig.cmake
[0.785s] -- Installing: /home/abhiniraula/Documents/ROS2_PRACTICE/interfaces/install/interfaces/share/interfaces/cmake/interfacesConfig-version.cmake
[0.785s] -- Installing: /home/abhiniraula/Documents/ROS2_PRACTICE/interfaces/install/interfaces/share/interfaces/package.xml
[0.785s] -- Installing: /home/abhiniraula/Documents/ROS2_PRACTICE/interfaces/install/interfaces/share/interfaces//msg
[0.785s] -- Installing: /home/abhiniraula/Documents/ROS2_PRACTICE/interfaces/install/interfaces/share/interfaces//msg/Num.msg
[0.785s] -- Installing: /home/abhiniraula/Documents/ROS2_PRACTICE/interfaces/install/interfaces/share/interfaces//msg/Sphere.msg
[0.785s] -- Installing: /home/abhiniraula/Documents/ROS2_PRACTICE/interfaces/install/interfaces/share/interfaces//srv
[0.785s] -- Installing: /home/abhiniraula/Documents/ROS2_PRACTICE/interfaces/install/interfaces/share/interfaces//srv/AddThreeInts.srv
[0.785s] -- Installing: /home/abhiniraula/Documents/ROS2_PRACTICE/interfaces/install/interfaces/share/interfaces//srv/Temperature.srv
[0.786s] Invoked command in '/home/abhiniraula/Documents/ROS2_PRACTICE/interfaces/build/interfaces' returned '0': CMAKE_PREFIX_PATH=${CMAKE_PREFIX_PATH}:/home/abhiniraula/Documents/ROS2_PRACTICE/interfaces/install/temperature:/opt/ros/jazzy DEBUGINFOD_URLS=https://debuginfod.ubuntu.com /usr/bin/cmake --install /home/abhiniraula/Documents/ROS2_PRACTICE/interfaces/build/interfaces
