[0.088s] DEBUG:colcon:Command line arguments: ['/usr/bin/colcon', 'build']
[0.088s] DEBUG:colcon:Parsed command line arguments: Namespace(log_base=None, log_level=None, verb_name='build', build_base='build', install_base='install', merge_install=False, symlink_install=False, test_result_base=None, continue_on_error=False, executor='parallel', parallel_workers=8, event_handlers=None, ignore_user_meta=False, metas=['./colcon.meta'], base_paths=['.'], packages_ignore=None, packages_ignore_regex=None, paths=None, packages_up_to=None, packages_up_to_regex=None, packages_above=None, packages_above_and_dependencies=None, packages_above_depth=None, packages_select_by_dep=None, packages_skip_by_dep=None, packages_skip_up_to=None, packages_select_build_failed=False, packages_skip_build_finished=False, packages_select_test_failures=False, packages_skip_test_passed=False, packages_select=None, packages_skip=None, packages_select_regex=None, packages_skip_regex=None, packages_start=None, packages_end=None, allow_overriding=[], cmake_args=None, cmake_target=None, cmake_target_skip_unavailable=False, cmake_clean_cache=False, cmake_clean_first=False, cmake_force_configure=False, ament_cmake_args=None, catkin_cmake_args=None, catkin_skip_building_tests=False, mixin_files=None, mixin=None, verb_parser=<colcon_mixin.mixin.mixin_argument.MixinArgumentDecorator object at 0x71dca5a9c740>, verb_extension=<colcon_core.verb.build.BuildVerb object at 0x71dca5a9c3e0>, main=<bound method BuildVerb.main of <colcon_core.verb.build.BuildVerb object at 0x71dca5a9c3e0>>, mixin_verb=('build',))
[0.119s] Level 1:colcon.colcon_core.package_discovery:discover_packages(colcon_meta) check parameters
[0.119s] Level 1:colcon.colcon_core.package_discovery:discover_packages(recursive) check parameters
[0.119s] Level 1:colcon.colcon_core.package_discovery:discover_packages(ignore) check parameters
[0.119s] Level 1:colcon.colcon_core.package_discovery:discover_packages(path) check parameters
[0.119s] Level 1:colcon.colcon_core.package_discovery:discover_packages(colcon_meta) discover
[0.119s] Level 1:colcon.colcon_core.package_discovery:discover_packages(recursive) discover
[0.120s] INFO:colcon.colcon_core.package_discovery:Crawling recursively for packages in '/home/abhiniraula/Documents/ROS2_PRACTICE/interfaces'
[0.120s] Level 1:colcon.colcon_core.package_identification:_identify(.) by extensions ['ignore', 'ignore_ament_install']
[0.120s] Level 1:colcon.colcon_core.package_identification:_identify(.) by extension 'ignore'
[0.120s] Level 1:colcon.colcon_core.package_identification:_identify(.) by extension 'ignore_ament_install'
[0.120s] Level 1:colcon.colcon_core.package_identification:_identify(.) by extensions ['colcon_pkg']
[0.120s] Level 1:colcon.colcon_core.package_identification:_identify(.) by extension 'colcon_pkg'
[0.120s] Level 1:colcon.colcon_core.package_identification:_identify(.) by extensions ['colcon_meta']
[0.120s] Level 1:colcon.colcon_core.package_identification:_identify(.) by extension 'colcon_meta'
[0.120s] Level 1:colcon.colcon_core.package_identification:_identify(.) by extensions ['ros']
[0.120s] Level 1:colcon.colcon_core.package_identification:_identify(.) by extension 'ros'
[0.141s] Level 1:colcon.colcon_core.package_identification:_identify(.) by extensions ['cmake', 'python']
[0.141s] Level 1:colcon.colcon_core.package_identification:_identify(.) by extension 'cmake'
[0.142s] Level 1:colcon.colcon_core.package_identification:_identify(.) by extension 'python'
[0.142s] Level 1:colcon.colcon_core.package_identification:_identify(.) by extensions ['python_setup_py']
[0.142s] Level 1:colcon.colcon_core.package_identification:_identify(.) by extension 'python_setup_py'
[0.142s] Level 1:colcon.colcon_core.package_identification:_identify(build) by extensions ['ignore', 'ignore_ament_install']
[0.142s] Level 1:colcon.colcon_core.package_identification:_identify(build) by extension 'ignore'
[0.142s] Level 1:colcon.colcon_core.package_identification:_identify(build) ignored
[0.142s] Level 1:colcon.colcon_core.package_identification:_identify(install) by extensions ['ignore', 'ignore_ament_install']
[0.142s] Level 1:colcon.colcon_core.package_identification:_identify(install) by extension 'ignore'
[0.142s] Level 1:colcon.colcon_core.package_identification:_identify(install) ignored
[0.142s] Level 1:colcon.colcon_core.package_identification:_identify(log) by extensions ['ignore', 'ignore_ament_install']
[0.142s] Level 1:colcon.colcon_core.package_identification:_identify(log) by extension 'ignore'
[0.142s] Level 1:colcon.colcon_core.package_identification:_identify(log) ignored
[0.142s] Level 1:colcon.colcon_core.package_identification:_identify(src) by extensions ['ignore', 'ignore_ament_install']
[0.142s] Level 1:colcon.colcon_core.package_identification:_identify(src) by extension 'ignore'
[0.142s] Level 1:colcon.colcon_core.package_identification:_identify(src) by extension 'ignore_ament_install'
[0.142s] Level 1:colcon.colcon_core.package_identification:_identify(src) by extensions ['colcon_pkg']
[0.142s] Level 1:colcon.colcon_core.package_identification:_identify(src) by extension 'colcon_pkg'
[0.143s] Level 1:colcon.colcon_core.package_identification:_identify(src) by extensions ['colcon_meta']
[0.143s] Level 1:colcon.colcon_core.package_identification:_identify(src) by extension 'colcon_meta'
[0.143s] Level 1:colcon.colcon_core.package_identification:_identify(src) by extensions ['ros']
[0.143s] Level 1:colcon.colcon_core.package_identification:_identify(src) by extension 'ros'
[0.143s] Level 1:colcon.colcon_core.package_identification:_identify(src) by extensions ['cmake', 'python']
[0.143s] Level 1:colcon.colcon_core.package_identification:_identify(src) by extension 'cmake'
[0.143s] Level 1:colcon.colcon_core.package_identification:_identify(src) by extension 'python'
[0.143s] Level 1:colcon.colcon_core.package_identification:_identify(src) by extensions ['python_setup_py']
[0.143s] Level 1:colcon.colcon_core.package_identification:_identify(src) by extension 'python_setup_py'
[0.143s] Level 1:colcon.colcon_core.package_identification:_identify(src/interfaces) by extensions ['ignore', 'ignore_ament_install']
[0.143s] Level 1:colcon.colcon_core.package_identification:_identify(src/interfaces) by extension 'ignore'
[0.143s] Level 1:colcon.colcon_core.package_identification:_identify(src/interfaces) by extension 'ignore_ament_install'
[0.143s] Level 1:colcon.colcon_core.package_identification:_identify(src/interfaces) by extensions ['colcon_pkg']
[0.143s] Level 1:colcon.colcon_core.package_identification:_identify(src/interfaces) by extension 'colcon_pkg'
[0.144s] Level 1:colcon.colcon_core.package_identification:_identify(src/interfaces) by extensions ['colcon_meta']
[0.144s] Level 1:colcon.colcon_core.package_identification:_identify(src/interfaces) by extension 'colcon_meta'
[0.144s] Level 1:colcon.colcon_core.package_identification:_identify(src/interfaces) by extensions ['ros']
[0.144s] Level 1:colcon.colcon_core.package_identification:_identify(src/interfaces) by extension 'ros'
[0.146s] DEBUG:colcon.colcon_core.package_identification:Package 'src/interfaces' with type 'ros.ament_cmake' and name 'interfaces'
[0.146s] Level 1:colcon.colcon_core.package_identification:_identify(src/temperature) by extensions ['ignore', 'ignore_ament_install']
[0.146s] Level 1:colcon.colcon_core.package_identification:_identify(src/temperature) by extension 'ignore'
[0.146s] Level 1:colcon.colcon_core.package_identification:_identify(src/temperature) by extension 'ignore_ament_install'
[0.146s] Level 1:colcon.colcon_core.package_identification:_identify(src/temperature) by extensions ['colcon_pkg']
[0.146s] Level 1:colcon.colcon_core.package_identification:_identify(src/temperature) by extension 'colcon_pkg'
[0.146s] Level 1:colcon.colcon_core.package_identification:_identify(src/temperature) by extensions ['colcon_meta']
[0.146s] Level 1:colcon.colcon_core.package_identification:_identify(src/temperature) by extension 'colcon_meta'
[0.146s] Level 1:colcon.colcon_core.package_identification:_identify(src/temperature) by extensions ['ros']
[0.146s] Level 1:colcon.colcon_core.package_identification:_identify(src/temperature) by extension 'ros'
[0.147s] DEBUG:colcon.colcon_core.package_identification:Package 'src/temperature' with type 'ros.ament_python' and name 'temperature'
[0.147s] Level 1:colcon.colcon_core.package_discovery:discover_packages(recursive) using defaults
[0.147s] Level 1:colcon.colcon_core.package_discovery:discover_packages(ignore) discover
[0.147s] Level 1:colcon.colcon_core.package_discovery:discover_packages(ignore) using defaults
[0.147s] Level 1:colcon.colcon_core.package_discovery:discover_packages(path) discover
[0.147s] Level 1:colcon.colcon_core.package_discovery:discover_packages(path) using defaults
[0.161s] Level 1:colcon.colcon_core.package_discovery:discover_packages(prefix_path) check parameters
[0.161s] Level 1:colcon.colcon_core.package_discovery:discover_packages(prefix_path) discover
[0.162s] DEBUG:colcon.colcon_installed_package_information.package_discovery:Found 2 installed packages in /home/abhiniraula/Documents/ROS2_PRACTICE/interfaces/install
[0.164s] DEBUG:colcon.colcon_installed_package_information.package_discovery:Found 285 installed packages in /opt/ros/jazzy
[0.164s] Level 1:colcon.colcon_core.package_discovery:discover_packages(prefix_path) using defaults
[0.195s] Level 5:colcon.colcon_core.verb:set package 'interfaces' build argument 'cmake_args' from command line to 'None'
[0.195s] Level 5:colcon.colcon_core.verb:set package 'interfaces' build argument 'cmake_target' from command line to 'None'
[0.195s] Level 5:colcon.colcon_core.verb:set package 'interfaces' build argument 'cmake_target_skip_unavailable' from command line to 'False'
[0.195s] Level 5:colcon.colcon_core.verb:set package 'interfaces' build argument 'cmake_clean_cache' from command line to 'False'
[0.195s] Level 5:colcon.colcon_core.verb:set package 'interfaces' build argument 'cmake_clean_first' from command line to 'False'
[0.195s] Level 5:colcon.colcon_core.verb:set package 'interfaces' build argument 'cmake_force_configure' from command line to 'False'
[0.195s] Level 5:colcon.colcon_core.verb:set package 'interfaces' build argument 'ament_cmake_args' from command line to 'None'
[0.195s] Level 5:colcon.colcon_core.verb:set package 'interfaces' build argument 'catkin_cmake_args' from command line to 'None'
[0.195s] Level 5:colcon.colcon_core.verb:set package 'interfaces' build argument 'catkin_skip_building_tests' from command line to 'False'
[0.195s] DEBUG:colcon.colcon_core.verb:Building package 'interfaces' with the following arguments: {'ament_cmake_args': None, 'build_base': '/home/abhiniraula/Documents/ROS2_PRACTICE/interfaces/build/interfaces', 'catkin_cmake_args': None, 'catkin_skip_building_tests': False, 'cmake_args': None, 'cmake_clean_cache': False, 'cmake_clean_first': False, 'cmake_force_configure': False, 'cmake_target': None, 'cmake_target_skip_unavailable': False, 'install_base': '/home/abhiniraula/Documents/ROS2_PRACTICE/interfaces/install/interfaces', 'merge_install': False, 'path': '/home/abhiniraula/Documents/ROS2_PRACTICE/interfaces/src/interfaces', 'symlink_install': False, 'test_result_base': None}
[0.196s] Level 5:colcon.colcon_core.verb:set package 'temperature' build argument 'cmake_args' from command line to 'None'
[0.196s] Level 5:colcon.colcon_core.verb:set package 'temperature' build argument 'cmake_target' from command line to 'None'
[0.196s] Level 5:colcon.colcon_core.verb:set package 'temperature' build argument 'cmake_target_skip_unavailable' from command line to 'False'
[0.196s] Level 5:colcon.colcon_core.verb:set package 'temperature' build argument 'cmake_clean_cache' from command line to 'False'
[0.196s] Level 5:colcon.colcon_core.verb:set package 'temperature' build argument 'cmake_clean_first' from command line to 'False'
[0.196s] Level 5:colcon.colcon_core.verb:set package 'temperature' build argument 'cmake_force_configure' from command line to 'False'
[0.196s] Level 5:colcon.colcon_core.verb:set package 'temperature' build argument 'ament_cmake_args' from command line to 'None'
[0.196s] Level 5:colcon.colcon_core.verb:set package 'temperature' build argument 'catkin_cmake_args' from command line to 'None'
[0.196s] Level 5:colcon.colcon_core.verb:set package 'temperature' build argument 'catkin_skip_building_tests' from command line to 'False'
[0.196s] DEBUG:colcon.colcon_core.verb:Building package 'temperature' with the following arguments: {'ament_cmake_args': None, 'build_base': '/home/abhiniraula/Documents/ROS2_PRACTICE/interfaces/build/temperature', 'catkin_cmake_args': None, 'catkin_skip_building_tests': False, 'cmake_args': None, 'cmake_clean_cache': False, 'cmake_clean_first': False, 'cmake_force_configure': False, 'cmake_target': None, 'cmake_target_skip_unavailable': False, 'install_base': '/home/abhiniraula/Documents/ROS2_PRACTICE/interfaces/install/temperature', 'merge_install': False, 'path': '/home/abhiniraula/Documents/ROS2_PRACTICE/interfaces/src/temperature', 'symlink_install': False, 'test_result_base': None}
[0.196s] INFO:colcon.colcon_core.executor:Executing jobs using 'parallel' executor
[0.197s] DEBUG:colcon.colcon_parallel_executor.executor.parallel:run_until_complete
[0.197s] INFO:colcon.colcon_ros.task.ament_cmake.build:Building ROS package in '/home/abhiniraula/Documents/ROS2_PRACTICE/interfaces/src/interfaces' with build type 'ament_cmake'
[0.197s] INFO:colcon.colcon_cmake.task.cmake.build:Building CMake package in '/home/abhiniraula/Documents/ROS2_PRACTICE/interfaces/src/interfaces'
[0.199s] INFO:colcon.colcon_core.plugin_system:Skipping extension 'colcon_core.shell.bat': Not used on non-Windows systems
[0.199s] INFO:colcon.colcon_core.shell:Skip shell extension 'powershell' for command environment: Not usable outside of PowerShell
[0.199s] DEBUG:colcon.colcon_core.shell:Skip shell extension 'dsv' for command environment
[0.209s] DEBUG:colcon.colcon_core.event_handler.log_command:Invoking command in '/home/abhiniraula/Documents/ROS2_PRACTICE/interfaces/build/interfaces': CMAKE_PREFIX_PATH=${CMAKE_PREFIX_PATH}:/home/abhiniraula/Documents/ROS2_PRACTICE/interfaces/install/temperature:/opt/ros/jazzy DEBUGINFOD_URLS=https://debuginfod.ubuntu.com /usr/bin/cmake --build /home/abhiniraula/Documents/ROS2_PRACTICE/interfaces/build/interfaces -- -j8 -l8
[4.491s] DEBUG:colcon.colcon_core.event_handler.log_command:Invoked command in '/home/abhiniraula/Documents/ROS2_PRACTICE/interfaces/build/interfaces' returned '2': CMAKE_PREFIX_PATH=${CMAKE_PREFIX_PATH}:/home/abhiniraula/Documents/ROS2_PRACTICE/interfaces/install/temperature:/opt/ros/jazzy DEBUGINFOD_URLS=https://debuginfod.ubuntu.com /usr/bin/cmake --build /home/abhiniraula/Documents/ROS2_PRACTICE/interfaces/build/interfaces -- -j8 -l8
[4.491s] Level 1:colcon.colcon_core.environment:create_environment_scripts_only(interfaces)
[4.493s] Level 1:colcon.colcon_core.environment:checking '/home/abhiniraula/Documents/ROS2_PRACTICE/interfaces/install/interfaces' for CMake module files
[4.493s] Level 1:colcon.colcon_core.environment:checking '/home/abhiniraula/Documents/ROS2_PRACTICE/interfaces/install/interfaces' for CMake config files
[4.494s] Level 1:colcon.colcon_core.shell:create_environment_hook('interfaces', 'cmake_prefix_path')
[4.494s] INFO:colcon.colcon_core.shell:Creating environment hook '/home/abhiniraula/Documents/ROS2_PRACTICE/interfaces/install/interfaces/share/interfaces/hook/cmake_prefix_path.ps1'
[4.494s] INFO:colcon.colcon_core.shell:Creating environment descriptor '/home/abhiniraula/Documents/ROS2_PRACTICE/interfaces/install/interfaces/share/interfaces/hook/cmake_prefix_path.dsv'
[4.495s] INFO:colcon.colcon_core.shell:Creating environment hook '/home/abhiniraula/Documents/ROS2_PRACTICE/interfaces/install/interfaces/share/interfaces/hook/cmake_prefix_path.sh'
[4.495s] Level 1:colcon.colcon_core.environment:checking '/home/abhiniraula/Documents/ROS2_PRACTICE/interfaces/install/interfaces/bin'
[4.495s] Level 1:colcon.colcon_core.environment:checking '/home/abhiniraula/Documents/ROS2_PRACTICE/interfaces/install/interfaces/lib/pkgconfig/interfaces.pc'
[4.495s] Level 1:colcon.colcon_core.environment:checking '/home/abhiniraula/Documents/ROS2_PRACTICE/interfaces/install/interfaces/lib/python3.12/site-packages'
[4.496s] Level 1:colcon.colcon_core.environment:checking '/home/abhiniraula/Documents/ROS2_PRACTICE/interfaces/install/interfaces/bin'
[4.496s] INFO:colcon.colcon_core.shell:Creating package script '/home/abhiniraula/Documents/ROS2_PRACTICE/interfaces/install/interfaces/share/interfaces/package.ps1'
[4.496s] INFO:colcon.colcon_core.shell:Creating package descriptor '/home/abhiniraula/Documents/ROS2_PRACTICE/interfaces/install/interfaces/share/interfaces/package.dsv'
[4.497s] INFO:colcon.colcon_core.shell:Creating package script '/home/abhiniraula/Documents/ROS2_PRACTICE/interfaces/install/interfaces/share/interfaces/package.sh'
[4.497s] INFO:colcon.colcon_core.shell:Creating package script '/home/abhiniraula/Documents/ROS2_PRACTICE/interfaces/install/interfaces/share/interfaces/package.bash'
[4.498s] INFO:colcon.colcon_core.shell:Creating package script '/home/abhiniraula/Documents/ROS2_PRACTICE/interfaces/install/interfaces/share/interfaces/package.zsh'
[4.498s] Level 1:colcon.colcon_core.environment:create_file_with_runtime_dependencies(/home/abhiniraula/Documents/ROS2_PRACTICE/interfaces/install/interfaces/share/colcon-core/packages/interfaces)
[4.509s] DEBUG:colcon.colcon_parallel_executor.executor.parallel:closing loop
[4.509s] DEBUG:colcon.colcon_parallel_executor.executor.parallel:loop closed
[4.509s] DEBUG:colcon.colcon_parallel_executor.executor.parallel:run_until_complete finished with '2'
[4.509s] DEBUG:colcon.colcon_core.event_reactor:joining thread
[4.515s] INFO:colcon.colcon_core.plugin_system:Skipping extension 'colcon_notification.desktop_notification.terminal_notifier': Not used on non-Darwin systems
[4.515s] INFO:colcon.colcon_core.plugin_system:Skipping extension 'colcon_notification.desktop_notification.win32': Not used on non-Windows systems
[4.515s] INFO:colcon.colcon_notification.desktop_notification:Sending desktop notification using 'notify2'
[4.532s] DEBUG:colcon.colcon_core.event_reactor:joined thread
[4.532s] INFO:colcon.colcon_core.shell:Creating prefix script '/home/abhiniraula/Documents/ROS2_PRACTICE/interfaces/install/local_setup.ps1'
[4.534s] INFO:colcon.colcon_core.shell:Creating prefix util module '/home/abhiniraula/Documents/ROS2_PRACTICE/interfaces/install/_local_setup_util_ps1.py'
[4.535s] INFO:colcon.colcon_core.shell:Creating prefix chain script '/home/abhiniraula/Documents/ROS2_PRACTICE/interfaces/install/setup.ps1'
[4.537s] INFO:colcon.colcon_core.shell:Creating prefix script '/home/abhiniraula/Documents/ROS2_PRACTICE/interfaces/install/local_setup.sh'
[4.538s] INFO:colcon.colcon_core.shell:Creating prefix util module '/home/abhiniraula/Documents/ROS2_PRACTICE/interfaces/install/_local_setup_util_sh.py'
[4.538s] INFO:colcon.colcon_core.shell:Creating prefix chain script '/home/abhiniraula/Documents/ROS2_PRACTICE/interfaces/install/setup.sh'
[4.539s] INFO:colcon.colcon_core.shell:Creating prefix script '/home/abhiniraula/Documents/ROS2_PRACTICE/interfaces/install/local_setup.bash'
[4.539s] INFO:colcon.colcon_core.shell:Creating prefix chain script '/home/abhiniraula/Documents/ROS2_PRACTICE/interfaces/install/setup.bash'
[4.540s] INFO:colcon.colcon_core.shell:Creating prefix script '/home/abhiniraula/Documents/ROS2_PRACTICE/interfaces/install/local_setup.zsh'
[4.540s] INFO:colcon.colcon_core.shell:Creating prefix chain script '/home/abhiniraula/Documents/ROS2_PRACTICE/interfaces/install/setup.zsh'
