[0.011s] Invoking command in '/home/abhiniraula/Documents/ROS2_PRACTICE/interfaces/build/interfaces': CMAKE_PREFIX_PATH=${CMAKE_PREFIX_PATH}:/home/abhiniraula/Documents/ROS2_PRACTICE/interfaces/install/temperature:/opt/ros/jazzy DEBUGINFOD_URLS=https://debuginfod.ubuntu.com /usr/bin/cmake --build /home/abhiniraula/Documents/ROS2_PRACTICE/interfaces/build/interfaces -- -j8 -l8
[0.031s] -- Found ament_cmake: 2.5.2 (/opt/ros/jazzy/share/ament_cmake/cmake)
[0.125s] -- Found ament_lint_auto: 0.17.1 (/opt/ros/jazzy/share/ament_lint_auto/cmake)
[0.206s] -- Found geometry_msgs: 5.3.5 (/opt/ros/jazzy/share/geometry_msgs/cmake)
[0.229s] -- Found rosidl_generator_c: 4.6.4 (/opt/ros/jazzy/share/rosidl_generator_c/cmake)
[0.237s] -- Found rosidl_generator_cpp: 4.6.4 (/opt/ros/jazzy/share/rosidl_generator_cpp/cmake)
[0.245s] -- Using all available rosidl_typesupport_c: rosidl_typesupport_fastrtps_c;rosidl_typesupport_introspection_c
[0.257s] -- Using all available rosidl_typesupport_cpp: rosidl_typesupport_fastrtps_cpp;rosidl_typesupport_introspection_cpp
[0.288s] -- Found rosidl_default_generators: 1.6.0 (/opt/ros/jazzy/share/rosidl_default_generators/cmake)
[0.294s] -- Found rosidl_adapter: 4.6.4 (/opt/ros/jazzy/share/rosidl_adapter/cmake)
[0.442s] -- Found ament_cmake_ros: 0.12.0 (/opt/ros/jazzy/share/ament_cmake_ros/cmake)
[0.578s] -- Using all available rosidl_typesupport_c: rosidl_typesupport_fastrtps_c;rosidl_typesupport_introspection_c
[0.634s] -- Using all available rosidl_typesupport_cpp: rosidl_typesupport_fastrtps_cpp;rosidl_typesupport_introspection_cpp
[0.635s] -- Found python_cmake_module: 0.11.1 (/opt/ros/jazzy/share/python_cmake_module/cmake)
[0.874s] -- Found Python3: /usr/bin/python3 (found version "3.12.3") found components: Interpreter Development NumPy Development.Module Development.Embed 
[0.885s] -- Added test 'lint_cmake' to check CMake code style
[0.885s] -- Added test 'xmllint' to check XML markup files
[0.888s] -- Configuring done (0.9s)
[0.918s] -- Generating done (0.0s)
[0.929s] -- Build files have been written to: /home/abhiniraula/Documents/ROS2_PRACTICE/interfaces/build/interfaces
[0.959s] [  2%] [34m[1mGenerating type hashes for ROS interfaces[0m
[0.965s] [  2%] Built target ament_cmake_python_copy_interfaces
[1.186s] running egg_info
[1.210s] writing interfaces.egg-info/PKG-INFO
[1.211s] writing dependency_links to interfaces.egg-info/dependency_links.txt
[1.211s] writing top-level names to interfaces.egg-info/top_level.txt
[1.262s] reading manifest file 'interfaces.egg-info/SOURCES.txt'
[1.263s] writing manifest file 'interfaces.egg-info/SOURCES.txt'
[1.292s] [  2%] Built target ament_cmake_python_build_interfaces_egg
[3.112s] Traceback (most recent call last):
[3.112s]   File "/opt/ros/jazzy/lib/rosidl_generator_type_description/rosidl_generator_type_description", line 50, in <module>
[3.112s]     sys.exit(main())
[3.112s]              ^^^^^^
[3.112s]   File "/opt/ros/jazzy/lib/rosidl_generator_type_description/rosidl_generator_type_description", line 46, in main
[3.113s]     generate_type_hash(args.generator_arguments_file)
[3.113s]   File "/opt/ros/jazzy/lib/python3.12/site-packages/rosidl_generator_type_description/__init__.py", line 162, in generate_type_hash
[3.113s]     with include_path.open('r') as include_file:
[3.113s]          ^^^^^^^^^^^^^^^^^^^^^^
[3.113s]   File "/usr/lib/python3.12/pathlib.py", line 1015, in open
[3.113s]     return io.open(self, mode, buffering, encoding, errors, newline)
[3.113s]            ^^^^^^^^^^^^^^^^^^^^^^^^^^^^^^^^^^^^^^^^^^^^^^^^^^^^^^^^^
[3.113s] FileNotFoundError: [Errno 2] No such file or directory: '/home/abhiniraula/Documents/ROS2_PRACTICE/interfaces/build/interfaces/rosidl_generator_type_description/interfaces/msg/String.json'
[3.150s] gmake[2]: *** [CMakeFiles/interfaces_srv__rosidl_generator_type_description.dir/build.make:75: rosidl_generator_type_description/interfaces/srv/Temperature.json] Error 1
[3.150s] gmake[1]: *** [CMakeFiles/Makefile2:215: CMakeFiles/interfaces_srv__rosidl_generator_type_description.dir/all] Error 2
[3.151s] gmake: *** [Makefile:146: all] Error 2
[3.152s] Invoked command in '/home/abhiniraula/Documents/ROS2_PRACTICE/interfaces/build/interfaces' returned '2': CMAKE_PREFIX_PATH=${CMAKE_PREFIX_PATH}:/home/abhiniraula/Documents/ROS2_PRACTICE/interfaces/install/temperature:/opt/ros/jazzy DEBUGINFOD_URLS=https://debuginfod.ubuntu.com /usr/bin/cmake --build /home/abhiniraula/Documents/ROS2_PRACTICE/interfaces/build/interfaces -- -j8 -l8
