[0.094s] DEBUG:colcon:Command line arguments: ['/usr/bin/colcon', 'build']
[0.094s] DEBUG:colcon:Parsed command line arguments: Namespace(log_base=None, log_level=None, verb_name='build', build_base='build', install_base='install', merge_install=False, symlink_install=False, test_result_base=None, continue_on_error=False, executor='parallel', parallel_workers=8, event_handlers=None, ignore_user_meta=False, metas=['./colcon.meta'], base_paths=['.'], packages_ignore=None, packages_ignore_regex=None, paths=None, packages_up_to=None, packages_up_to_regex=None, packages_above=None, packages_above_and_dependencies=None, packages_above_depth=None, packages_select_by_dep=None, packages_skip_by_dep=None, packages_skip_up_to=None, packages_select_build_failed=False, packages_skip_build_finished=False, packages_select_test_failures=False, packages_skip_test_passed=False, packages_select=None, packages_skip=None, packages_select_regex=None, packages_skip_regex=None, packages_start=None, packages_end=None, allow_overriding=[], cmake_args=None, cmake_target=None, cmake_target_skip_unavailable=False, cmake_clean_cache=False, cmake_clean_first=False, cmake_force_configure=False, ament_cmake_args=None, catkin_cmake_args=None, catkin_skip_building_tests=False, mixin_files=None, mixin=None, verb_parser=<colcon_mixin.mixin.mixin_argument.MixinArgumentDecorator object at 0x7f9ec1c94a10>, verb_extension=<colcon_core.verb.build.BuildVerb object at 0x7f9ec1dacb60>, main=<bound method BuildVerb.main of <colcon_core.verb.build.BuildVerb object at 0x7f9ec1dacb60>>, mixin_verb=('build',))
[0.125s] Level 1:colcon.colcon_core.package_discovery:discover_packages(colcon_meta) check parameters
[0.125s] Level 1:colcon.colcon_core.package_discovery:discover_packages(recursive) check parameters
[0.125s] Level 1:colcon.colcon_core.package_discovery:discover_packages(ignore) check parameters
[0.125s] Level 1:colcon.colcon_core.package_discovery:discover_packages(path) check parameters
[0.125s] Level 1:colcon.colcon_core.package_discovery:discover_packages(colcon_meta) discover
[0.125s] Level 1:colcon.colcon_core.package_discovery:discover_packages(recursive) discover
[0.125s] INFO:colcon.colcon_core.package_discovery:Crawling recursively for packages in '/home/abhiniraula/Documents/ROS2_PRACTICE/interfaces'
[0.125s] Level 1:colcon.colcon_core.package_identification:_identify(.) by extensions ['ignore', 'ignore_ament_install']
[0.125s] Level 1:colcon.colcon_core.package_identification:_identify(.) by extension 'ignore'
[0.125s] Level 1:colcon.colcon_core.package_identification:_identify(.) by extension 'ignore_ament_install'
[0.126s] Level 1:colcon.colcon_core.package_identification:_identify(.) by extensions ['colcon_pkg']
[0.126s] Level 1:colcon.colcon_core.package_identification:_identify(.) by extension 'colcon_pkg'
[0.126s] Level 1:colcon.colcon_core.package_identification:_identify(.) by extensions ['colcon_meta']
[0.126s] Level 1:colcon.colcon_core.package_identification:_identify(.) by extension 'colcon_meta'
[0.126s] Level 1:colcon.colcon_core.package_identification:_identify(.) by extensions ['ros']
[0.126s] Level 1:colcon.colcon_core.package_identification:_identify(.) by extension 'ros'
[0.148s] Level 1:colcon.colcon_core.package_identification:_identify(.) by extensions ['cmake', 'python']
[0.148s] Level 1:colcon.colcon_core.package_identification:_identify(.) by extension 'cmake'
[0.148s] Level 1:colcon.colcon_core.package_identification:_identify(.) by extension 'python'
[0.148s] Level 1:colcon.colcon_core.package_identification:_identify(.) by extensions ['python_setup_py']
[0.148s] Level 1:colcon.colcon_core.package_identification:_identify(.) by extension 'python_setup_py'
[0.148s] Level 1:colcon.colcon_core.package_identification:_identify(build) by extensions ['ignore', 'ignore_ament_install']
[0.148s] Level 1:colcon.colcon_core.package_identification:_identify(build) by extension 'ignore'
[0.148s] Level 1:colcon.colcon_core.package_identification:_identify(build) ignored
[0.148s] Level 1:colcon.colcon_core.package_identification:_identify(install) by extensions ['ignore', 'ignore_ament_install']
[0.148s] Level 1:colcon.colcon_core.package_identification:_identify(install) by extension 'ignore'
[0.148s] Level 1:colcon.colcon_core.package_identification:_identify(install) ignored
[0.148s] Level 1:colcon.colcon_core.package_identification:_identify(log) by extensions ['ignore', 'ignore_ament_install']
[0.149s] Level 1:colcon.colcon_core.package_identification:_identify(log) by extension 'ignore'
[0.149s] Level 1:colcon.colcon_core.package_identification:_identify(log) ignored
[0.149s] Level 1:colcon.colcon_core.package_identification:_identify(src) by extensions ['ignore', 'ignore_ament_install']
[0.149s] Level 1:colcon.colcon_core.package_identification:_identify(src) by extension 'ignore'
[0.149s] Level 1:colcon.colcon_core.package_identification:_identify(src) by extension 'ignore_ament_install'
[0.149s] Level 1:colcon.colcon_core.package_identification:_identify(src) by extensions ['colcon_pkg']
[0.149s] Level 1:colcon.colcon_core.package_identification:_identify(src) by extension 'colcon_pkg'
[0.149s] Level 1:colcon.colcon_core.package_identification:_identify(src) by extensions ['colcon_meta']
[0.149s] Level 1:colcon.colcon_core.package_identification:_identify(src) by extension 'colcon_meta'
[0.149s] Level 1:colcon.colcon_core.package_identification:_identify(src) by extensions ['ros']
[0.149s] Level 1:colcon.colcon_core.package_identification:_identify(src) by extension 'ros'
[0.149s] Level 1:colcon.colcon_core.package_identification:_identify(src) by extensions ['cmake', 'python']
[0.149s] Level 1:colcon.colcon_core.package_identification:_identify(src) by extension 'cmake'
[0.149s] Level 1:colcon.colcon_core.package_identification:_identify(src) by extension 'python'
[0.149s] Level 1:colcon.colcon_core.package_identification:_identify(src) by extensions ['python_setup_py']
[0.149s] Level 1:colcon.colcon_core.package_identification:_identify(src) by extension 'python_setup_py'
[0.149s] Level 1:colcon.colcon_core.package_identification:_identify(src/interfaces) by extensions ['ignore', 'ignore_ament_install']
[0.150s] Level 1:colcon.colcon_core.package_identification:_identify(src/interfaces) by extension 'ignore'
[0.150s] Level 1:colcon.colcon_core.package_identification:_identify(src/interfaces) by extension 'ignore_ament_install'
[0.150s] Level 1:colcon.colcon_core.package_identification:_identify(src/interfaces) by extensions ['colcon_pkg']
[0.150s] Level 1:colcon.colcon_core.package_identification:_identify(src/interfaces) by extension 'colcon_pkg'
[0.150s] Level 1:colcon.colcon_core.package_identification:_identify(src/interfaces) by extensions ['colcon_meta']
[0.150s] Level 1:colcon.colcon_core.package_identification:_identify(src/interfaces) by extension 'colcon_meta'
[0.150s] Level 1:colcon.colcon_core.package_identification:_identify(src/interfaces) by extensions ['ros']
[0.150s] Level 1:colcon.colcon_core.package_identification:_identify(src/interfaces) by extension 'ros'
[0.152s] DEBUG:colcon.colcon_core.package_identification:Package 'src/interfaces' with type 'ros.ament_cmake' and name 'interfaces'
[0.152s] Level 1:colcon.colcon_core.package_identification:_identify(src/temperature) by extensions ['ignore', 'ignore_ament_install']
[0.152s] Level 1:colcon.colcon_core.package_identification:_identify(src/temperature) by extension 'ignore'
[0.152s] Level 1:colcon.colcon_core.package_identification:_identify(src/temperature) by extension 'ignore_ament_install'
[0.152s] Level 1:colcon.colcon_core.package_identification:_identify(src/temperature) by extensions ['colcon_pkg']
[0.152s] Level 1:colcon.colcon_core.package_identification:_identify(src/temperature) by extension 'colcon_pkg'
[0.152s] Level 1:colcon.colcon_core.package_identification:_identify(src/temperature) by extensions ['colcon_meta']
[0.152s] Level 1:colcon.colcon_core.package_identification:_identify(src/temperature) by extension 'colcon_meta'
[0.152s] Level 1:colcon.colcon_core.package_identification:_identify(src/temperature) by extensions ['ros']
[0.153s] Level 1:colcon.colcon_core.package_identification:_identify(src/temperature) by extension 'ros'
[0.153s] DEBUG:colcon.colcon_core.package_identification:Package 'src/temperature' with type 'ros.ament_python' and name 'temperature'
[0.153s] Level 1:colcon.colcon_core.package_discovery:discover_packages(recursive) using defaults
[0.153s] Level 1:colcon.colcon_core.package_discovery:discover_packages(ignore) discover
[0.153s] Level 1:colcon.colcon_core.package_discovery:discover_packages(ignore) using defaults
[0.153s] Level 1:colcon.colcon_core.package_discovery:discover_packages(path) discover
[0.153s] Level 1:colcon.colcon_core.package_discovery:discover_packages(path) using defaults
[0.168s] Level 1:colcon.colcon_core.package_discovery:discover_packages(prefix_path) check parameters
[0.169s] Level 1:colcon.colcon_core.package_discovery:discover_packages(prefix_path) discover
[0.170s] DEBUG:colcon.colcon_installed_package_information.package_discovery:Found 2 installed packages in /home/abhiniraula/Documents/ROS2_PRACTICE/interfaces/install
[0.172s] DEBUG:colcon.colcon_installed_package_information.package_discovery:Found 285 installed packages in /opt/ros/jazzy
[0.172s] Level 1:colcon.colcon_core.package_discovery:discover_packages(prefix_path) using defaults
[0.204s] Level 5:colcon.colcon_core.verb:set package 'interfaces' build argument 'cmake_args' from command line to 'None'
[0.204s] Level 5:colcon.colcon_core.verb:set package 'interfaces' build argument 'cmake_target' from command line to 'None'
[0.204s] Level 5:colcon.colcon_core.verb:set package 'interfaces' build argument 'cmake_target_skip_unavailable' from command line to 'False'
[0.204s] Level 5:colcon.colcon_core.verb:set package 'interfaces' build argument 'cmake_clean_cache' from command line to 'False'
[0.204s] Level 5:colcon.colcon_core.verb:set package 'interfaces' build argument 'cmake_clean_first' from command line to 'False'
[0.204s] Level 5:colcon.colcon_core.verb:set package 'interfaces' build argument 'cmake_force_configure' from command line to 'False'
[0.204s] Level 5:colcon.colcon_core.verb:set package 'interfaces' build argument 'ament_cmake_args' from command line to 'None'
[0.204s] Level 5:colcon.colcon_core.verb:set package 'interfaces' build argument 'catkin_cmake_args' from command line to 'None'
[0.204s] Level 5:colcon.colcon_core.verb:set package 'interfaces' build argument 'catkin_skip_building_tests' from command line to 'False'
[0.204s] DEBUG:colcon.colcon_core.verb:Building package 'interfaces' with the following arguments: {'ament_cmake_args': None, 'build_base': '/home/abhiniraula/Documents/ROS2_PRACTICE/interfaces/build/interfaces', 'catkin_cmake_args': None, 'catkin_skip_building_tests': False, 'cmake_args': None, 'cmake_clean_cache': False, 'cmake_clean_first': False, 'cmake_force_configure': False, 'cmake_target': None, 'cmake_target_skip_unavailable': False, 'install_base': '/home/abhiniraula/Documents/ROS2_PRACTICE/interfaces/install/interfaces', 'merge_install': False, 'path': '/home/abhiniraula/Documents/ROS2_PRACTICE/interfaces/src/interfaces', 'symlink_install': False, 'test_result_base': None}
[0.204s] Level 5:colcon.colcon_core.verb:set package 'temperature' build argument 'cmake_args' from command line to 'None'
[0.204s] Level 5:colcon.colcon_core.verb:set package 'temperature' build argument 'cmake_target' from command line to 'None'
[0.204s] Level 5:colcon.colcon_core.verb:set package 'temperature' build argument 'cmake_target_skip_unavailable' from command line to 'False'
[0.204s] Level 5:colcon.colcon_core.verb:set package 'temperature' build argument 'cmake_clean_cache' from command line to 'False'
[0.204s] Level 5:colcon.colcon_core.verb:set package 'temperature' build argument 'cmake_clean_first' from command line to 'False'
[0.204s] Level 5:colcon.colcon_core.verb:set package 'temperature' build argument 'cmake_force_configure' from command line to 'False'
[0.204s] Level 5:colcon.colcon_core.verb:set package 'temperature' build argument 'ament_cmake_args' from command line to 'None'
[0.204s] Level 5:colcon.colcon_core.verb:set package 'temperature' build argument 'catkin_cmake_args' from command line to 'None'
[0.204s] Level 5:colcon.colcon_core.verb:set package 'temperature' build argument 'catkin_skip_building_tests' from command line to 'False'
[0.205s] DEBUG:colcon.colcon_core.verb:Building package 'temperature' with the following arguments: {'ament_cmake_args': None, 'build_base': '/home/abhiniraula/Documents/ROS2_PRACTICE/interfaces/build/temperature', 'catkin_cmake_args': None, 'catkin_skip_building_tests': False, 'cmake_args': None, 'cmake_clean_cache': False, 'cmake_clean_first': False, 'cmake_force_configure': False, 'cmake_target': None, 'cmake_target_skip_unavailable': False, 'install_base': '/home/abhiniraula/Documents/ROS2_PRACTICE/interfaces/install/temperature', 'merge_install': False, 'path': '/home/abhiniraula/Documents/ROS2_PRACTICE/interfaces/src/temperature', 'symlink_install': False, 'test_result_base': None}
[0.205s] INFO:colcon.colcon_core.executor:Executing jobs using 'parallel' executor
[0.205s] DEBUG:colcon.colcon_parallel_executor.executor.parallel:run_until_complete
[0.205s] INFO:colcon.colcon_ros.task.ament_cmake.build:Building ROS package in '/home/abhiniraula/Documents/ROS2_PRACTICE/interfaces/src/interfaces' with build type 'ament_cmake'
[0.206s] INFO:colcon.colcon_cmake.task.cmake.build:Building CMake package in '/home/abhiniraula/Documents/ROS2_PRACTICE/interfaces/src/interfaces'
[0.207s] INFO:colcon.colcon_core.plugin_system:Skipping extension 'colcon_core.shell.bat': Not used on non-Windows systems
[0.208s] INFO:colcon.colcon_core.shell:Skip shell extension 'powershell' for command environment: Not usable outside of PowerShell
[0.208s] DEBUG:colcon.colcon_core.shell:Skip shell extension 'dsv' for command environment
[0.218s] DEBUG:colcon.colcon_core.event_handler.log_command:Invoking command in '/home/abhiniraula/Documents/ROS2_PRACTICE/interfaces/build/interfaces': CMAKE_PREFIX_PATH=${CMAKE_PREFIX_PATH}:/home/abhiniraula/Documents/ROS2_PRACTICE/interfaces/install/temperature:/opt/ros/jazzy DEBUGINFOD_URLS=https://debuginfod.ubuntu.com /usr/bin/cmake --build /home/abhiniraula/Documents/ROS2_PRACTICE/interfaces/build/interfaces -- -j8 -l8
[3.788s] DEBUG:colcon.colcon_core.event_handler.log_command:Invoked command in '/home/abhiniraula/Documents/ROS2_PRACTICE/interfaces/build/interfaces' returned '0': CMAKE_PREFIX_PATH=${CMAKE_PREFIX_PATH}:/home/abhiniraula/Documents/ROS2_PRACTICE/interfaces/install/temperature:/opt/ros/jazzy DEBUGINFOD_URLS=https://debuginfod.ubuntu.com /usr/bin/cmake --build /home/abhiniraula/Documents/ROS2_PRACTICE/interfaces/build/interfaces -- -j8 -l8
[3.796s] DEBUG:colcon.colcon_core.event_handler.log_command:Invoking command in '/home/abhiniraula/Documents/ROS2_PRACTICE/interfaces/build/interfaces': CMAKE_PREFIX_PATH=${CMAKE_PREFIX_PATH}:/home/abhiniraula/Documents/ROS2_PRACTICE/interfaces/install/temperature:/opt/ros/jazzy DEBUGINFOD_URLS=https://debuginfod.ubuntu.com /usr/bin/cmake --install /home/abhiniraula/Documents/ROS2_PRACTICE/interfaces/build/interfaces
[3.869s] Level 1:colcon.colcon_core.environment:create_environment_scripts_only(interfaces)
[3.873s] Level 1:colcon.colcon_core.environment:checking '/home/abhiniraula/Documents/ROS2_PRACTICE/interfaces/install/interfaces' for CMake module files
[3.874s] Level 1:colcon.colcon_core.environment:checking '/home/abhiniraula/Documents/ROS2_PRACTICE/interfaces/install/interfaces' for CMake config files
[3.874s] Level 1:colcon.colcon_core.shell:create_environment_hook('interfaces', 'cmake_prefix_path')
[3.874s] INFO:colcon.colcon_core.shell:Creating environment hook '/home/abhiniraula/Documents/ROS2_PRACTICE/interfaces/install/interfaces/share/interfaces/hook/cmake_prefix_path.ps1'
[3.875s] INFO:colcon.colcon_core.shell:Creating environment descriptor '/home/abhiniraula/Documents/ROS2_PRACTICE/interfaces/install/interfaces/share/interfaces/hook/cmake_prefix_path.dsv'
[3.876s] INFO:colcon.colcon_core.shell:Creating environment hook '/home/abhiniraula/Documents/ROS2_PRACTICE/interfaces/install/interfaces/share/interfaces/hook/cmake_prefix_path.sh'
[3.877s] DEBUG:colcon.colcon_core.event_handler.log_command:Invoked command in '/home/abhiniraula/Documents/ROS2_PRACTICE/interfaces/build/interfaces' returned '0': CMAKE_PREFIX_PATH=${CMAKE_PREFIX_PATH}:/home/abhiniraula/Documents/ROS2_PRACTICE/interfaces/install/temperature:/opt/ros/jazzy DEBUGINFOD_URLS=https://debuginfod.ubuntu.com /usr/bin/cmake --install /home/abhiniraula/Documents/ROS2_PRACTICE/interfaces/build/interfaces
[3.877s] Level 1:colcon.colcon_core.environment:checking '/home/abhiniraula/Documents/ROS2_PRACTICE/interfaces/install/interfaces/lib'
[3.877s] Level 1:colcon.colcon_core.shell:create_environment_hook('interfaces', 'ld_library_path_lib')
[3.878s] INFO:colcon.colcon_core.shell:Creating environment hook '/home/abhiniraula/Documents/ROS2_PRACTICE/interfaces/install/interfaces/share/interfaces/hook/ld_library_path_lib.ps1'
[3.878s] INFO:colcon.colcon_core.shell:Creating environment descriptor '/home/abhiniraula/Documents/ROS2_PRACTICE/interfaces/install/interfaces/share/interfaces/hook/ld_library_path_lib.dsv'
[3.878s] INFO:colcon.colcon_core.shell:Creating environment hook '/home/abhiniraula/Documents/ROS2_PRACTICE/interfaces/install/interfaces/share/interfaces/hook/ld_library_path_lib.sh'
[3.879s] Level 1:colcon.colcon_core.environment:checking '/home/abhiniraula/Documents/ROS2_PRACTICE/interfaces/install/interfaces/bin'
[3.879s] Level 1:colcon.colcon_core.environment:checking '/home/abhiniraula/Documents/ROS2_PRACTICE/interfaces/install/interfaces/lib/pkgconfig/interfaces.pc'
[3.880s] Level 1:colcon.colcon_core.environment:checking '/home/abhiniraula/Documents/ROS2_PRACTICE/interfaces/install/interfaces/lib/python3.12/site-packages'
[3.880s] Level 1:colcon.colcon_core.shell:create_environment_hook('interfaces', 'pythonpath')
[3.880s] INFO:colcon.colcon_core.shell:Creating environment hook '/home/abhiniraula/Documents/ROS2_PRACTICE/interfaces/install/interfaces/share/interfaces/hook/pythonpath.ps1'
[3.881s] INFO:colcon.colcon_core.shell:Creating environment descriptor '/home/abhiniraula/Documents/ROS2_PRACTICE/interfaces/install/interfaces/share/interfaces/hook/pythonpath.dsv'
[3.881s] INFO:colcon.colcon_core.shell:Creating environment hook '/home/abhiniraula/Documents/ROS2_PRACTICE/interfaces/install/interfaces/share/interfaces/hook/pythonpath.sh'
[3.882s] Level 1:colcon.colcon_core.environment:checking '/home/abhiniraula/Documents/ROS2_PRACTICE/interfaces/install/interfaces/bin'
[3.882s] INFO:colcon.colcon_core.shell:Creating package script '/home/abhiniraula/Documents/ROS2_PRACTICE/interfaces/install/interfaces/share/interfaces/package.ps1'
[3.883s] INFO:colcon.colcon_core.shell:Creating package descriptor '/home/abhiniraula/Documents/ROS2_PRACTICE/interfaces/install/interfaces/share/interfaces/package.dsv'
[3.883s] INFO:colcon.colcon_core.shell:Creating package script '/home/abhiniraula/Documents/ROS2_PRACTICE/interfaces/install/interfaces/share/interfaces/package.sh'
[3.884s] INFO:colcon.colcon_core.shell:Creating package script '/home/abhiniraula/Documents/ROS2_PRACTICE/interfaces/install/interfaces/share/interfaces/package.bash'
[3.885s] INFO:colcon.colcon_core.shell:Creating package script '/home/abhiniraula/Documents/ROS2_PRACTICE/interfaces/install/interfaces/share/interfaces/package.zsh'
[3.886s] Level 1:colcon.colcon_core.environment:create_file_with_runtime_dependencies(/home/abhiniraula/Documents/ROS2_PRACTICE/interfaces/install/interfaces/share/colcon-core/packages/interfaces)
[3.886s] Level 1:colcon.colcon_core.environment:create_environment_scripts_only(interfaces)
[3.886s] Level 1:colcon.colcon_core.environment:checking '/home/abhiniraula/Documents/ROS2_PRACTICE/interfaces/install/interfaces' for CMake module files
[3.887s] Level 1:colcon.colcon_core.environment:checking '/home/abhiniraula/Documents/ROS2_PRACTICE/interfaces/install/interfaces' for CMake config files
[3.888s] Level 1:colcon.colcon_core.shell:create_environment_hook('interfaces', 'cmake_prefix_path')
[3.888s] INFO:colcon.colcon_core.shell:Creating environment hook '/home/abhiniraula/Documents/ROS2_PRACTICE/interfaces/install/interfaces/share/interfaces/hook/cmake_prefix_path.ps1'
[3.888s] INFO:colcon.colcon_core.shell:Creating environment descriptor '/home/abhiniraula/Documents/ROS2_PRACTICE/interfaces/install/interfaces/share/interfaces/hook/cmake_prefix_path.dsv'
[3.889s] INFO:colcon.colcon_core.shell:Creating environment hook '/home/abhiniraula/Documents/ROS2_PRACTICE/interfaces/install/interfaces/share/interfaces/hook/cmake_prefix_path.sh'
[3.889s] Level 1:colcon.colcon_core.environment:checking '/home/abhiniraula/Documents/ROS2_PRACTICE/interfaces/install/interfaces/lib'
[3.889s] Level 1:colcon.colcon_core.shell:create_environment_hook('interfaces', 'ld_library_path_lib')
[3.890s] INFO:colcon.colcon_core.shell:Creating environment hook '/home/abhiniraula/Documents/ROS2_PRACTICE/interfaces/install/interfaces/share/interfaces/hook/ld_library_path_lib.ps1'
[3.890s] INFO:colcon.colcon_core.shell:Creating environment descriptor '/home/abhiniraula/Documents/ROS2_PRACTICE/interfaces/install/interfaces/share/interfaces/hook/ld_library_path_lib.dsv'
[3.891s] INFO:colcon.colcon_core.shell:Creating environment hook '/home/abhiniraula/Documents/ROS2_PRACTICE/interfaces/install/interfaces/share/interfaces/hook/ld_library_path_lib.sh'
[3.891s] Level 1:colcon.colcon_core.environment:checking '/home/abhiniraula/Documents/ROS2_PRACTICE/interfaces/install/interfaces/bin'
[3.891s] Level 1:colcon.colcon_core.environment:checking '/home/abhiniraula/Documents/ROS2_PRACTICE/interfaces/install/interfaces/lib/pkgconfig/interfaces.pc'
[3.891s] Level 1:colcon.colcon_core.environment:checking '/home/abhiniraula/Documents/ROS2_PRACTICE/interfaces/install/interfaces/lib/python3.12/site-packages'
[3.891s] Level 1:colcon.colcon_core.shell:create_environment_hook('interfaces', 'pythonpath')
[3.892s] INFO:colcon.colcon_core.shell:Creating environment hook '/home/abhiniraula/Documents/ROS2_PRACTICE/interfaces/install/interfaces/share/interfaces/hook/pythonpath.ps1'
[3.892s] INFO:colcon.colcon_core.shell:Creating environment descriptor '/home/abhiniraula/Documents/ROS2_PRACTICE/interfaces/install/interfaces/share/interfaces/hook/pythonpath.dsv'
[3.892s] INFO:colcon.colcon_core.shell:Creating environment hook '/home/abhiniraula/Documents/ROS2_PRACTICE/interfaces/install/interfaces/share/interfaces/hook/pythonpath.sh'
[3.893s] Level 1:colcon.colcon_core.environment:checking '/home/abhiniraula/Documents/ROS2_PRACTICE/interfaces/install/interfaces/bin'
[3.893s] INFO:colcon.colcon_core.shell:Creating package script '/home/abhiniraula/Documents/ROS2_PRACTICE/interfaces/install/interfaces/share/interfaces/package.ps1'
[3.894s] INFO:colcon.colcon_core.shell:Creating package descriptor '/home/abhiniraula/Documents/ROS2_PRACTICE/interfaces/install/interfaces/share/interfaces/package.dsv'
[3.894s] INFO:colcon.colcon_core.shell:Creating package script '/home/abhiniraula/Documents/ROS2_PRACTICE/interfaces/install/interfaces/share/interfaces/package.sh'
[3.895s] INFO:colcon.colcon_core.shell:Creating package script '/home/abhiniraula/Documents/ROS2_PRACTICE/interfaces/install/interfaces/share/interfaces/package.bash'
[3.895s] INFO:colcon.colcon_core.shell:Creating package script '/home/abhiniraula/Documents/ROS2_PRACTICE/interfaces/install/interfaces/share/interfaces/package.zsh'
[3.895s] Level 1:colcon.colcon_core.environment:create_file_with_runtime_dependencies(/home/abhiniraula/Documents/ROS2_PRACTICE/interfaces/install/interfaces/share/colcon-core/packages/interfaces)
[3.895s] INFO:colcon.colcon_ros.task.ament_python.build:Building ROS package in '/home/abhiniraula/Documents/ROS2_PRACTICE/interfaces/src/temperature' with build type 'ament_python'
[3.896s] Level 1:colcon.colcon_core.shell:create_environment_hook('temperature', 'ament_prefix_path')
[3.896s] INFO:colcon.colcon_core.shell:Creating environment hook '/home/abhiniraula/Documents/ROS2_PRACTICE/interfaces/install/temperature/share/temperature/hook/ament_prefix_path.ps1'
[3.896s] INFO:colcon.colcon_core.shell:Creating environment descriptor '/home/abhiniraula/Documents/ROS2_PRACTICE/interfaces/install/temperature/share/temperature/hook/ament_prefix_path.dsv'
[3.897s] INFO:colcon.colcon_core.shell:Creating environment hook '/home/abhiniraula/Documents/ROS2_PRACTICE/interfaces/install/temperature/share/temperature/hook/ament_prefix_path.sh'
[3.897s] INFO:colcon.colcon_core.shell:Skip shell extension 'powershell' for command environment: Not usable outside of PowerShell
[3.897s] DEBUG:colcon.colcon_core.shell:Skip shell extension 'dsv' for command environment
[4.113s] INFO:colcon.colcon_core.task.python.build:Building Python package in '/home/abhiniraula/Documents/ROS2_PRACTICE/interfaces/src/temperature'
[4.113s] INFO:colcon.colcon_core.shell:Skip shell extension 'powershell' for command environment: Not usable outside of PowerShell
[4.113s] DEBUG:colcon.colcon_core.shell:Skip shell extension 'dsv' for command environment
[4.642s] DEBUG:colcon.colcon_core.event_handler.log_command:Invoking command in '/home/abhiniraula/Documents/ROS2_PRACTICE/interfaces/src/temperature': DEBUGINFOD_URLS=https://debuginfod.ubuntu.com PYTHONPATH=/home/abhiniraula/Documents/ROS2_PRACTICE/interfaces/build/temperature/prefix_override:/usr/lib/python3/dist-packages/colcon_core/task/python/colcon_distutils_commands:/home/abhiniraula/Documents/ROS2_PRACTICE/interfaces/install/temperature/lib/python3.12/site-packages:${PYTHONPATH} /usr/bin/python3 -W ignore:setup.py install is deprecated -W ignore:easy_install command is deprecated setup.py egg_info --egg-base ../../build/temperature build --build-base /home/abhiniraula/Documents/ROS2_PRACTICE/interfaces/build/temperature/build install --record /home/abhiniraula/Documents/ROS2_PRACTICE/interfaces/build/temperature/install.log --single-version-externally-managed install_data
[5.146s] Level 1:colcon.colcon_core.environment:checking '/home/abhiniraula/Documents/ROS2_PRACTICE/interfaces/install/temperature' for CMake module files
[5.147s] DEBUG:colcon.colcon_core.event_handler.log_command:Invoked command in '/home/abhiniraula/Documents/ROS2_PRACTICE/interfaces/src/temperature' returned '0': DEBUGINFOD_URLS=https://debuginfod.ubuntu.com PYTHONPATH=/home/abhiniraula/Documents/ROS2_PRACTICE/interfaces/build/temperature/prefix_override:/usr/lib/python3/dist-packages/colcon_core/task/python/colcon_distutils_commands:/home/abhiniraula/Documents/ROS2_PRACTICE/interfaces/install/temperature/lib/python3.12/site-packages:${PYTHONPATH} /usr/bin/python3 -W ignore:setup.py install is deprecated -W ignore:easy_install command is deprecated setup.py egg_info --egg-base ../../build/temperature build --build-base /home/abhiniraula/Documents/ROS2_PRACTICE/interfaces/build/temperature/build install --record /home/abhiniraula/Documents/ROS2_PRACTICE/interfaces/build/temperature/install.log --single-version-externally-managed install_data
[5.147s] Level 1:colcon.colcon_core.environment:checking '/home/abhiniraula/Documents/ROS2_PRACTICE/interfaces/install/temperature' for CMake config files
[5.147s] Level 1:colcon.colcon_core.environment:checking '/home/abhiniraula/Documents/ROS2_PRACTICE/interfaces/install/temperature/lib'
[5.147s] Level 1:colcon.colcon_core.environment:checking '/home/abhiniraula/Documents/ROS2_PRACTICE/interfaces/install/temperature/bin'
[5.147s] Level 1:colcon.colcon_core.environment:checking '/home/abhiniraula/Documents/ROS2_PRACTICE/interfaces/install/temperature/lib/pkgconfig/temperature.pc'
[5.147s] Level 1:colcon.colcon_core.environment:checking '/home/abhiniraula/Documents/ROS2_PRACTICE/interfaces/install/temperature/lib/python3.12/site-packages'
[5.148s] Level 1:colcon.colcon_core.shell:create_environment_hook('temperature', 'pythonpath')
[5.148s] INFO:colcon.colcon_core.shell:Creating environment hook '/home/abhiniraula/Documents/ROS2_PRACTICE/interfaces/install/temperature/share/temperature/hook/pythonpath.ps1'
[5.148s] INFO:colcon.colcon_core.shell:Creating environment descriptor '/home/abhiniraula/Documents/ROS2_PRACTICE/interfaces/install/temperature/share/temperature/hook/pythonpath.dsv'
[5.148s] INFO:colcon.colcon_core.shell:Creating environment hook '/home/abhiniraula/Documents/ROS2_PRACTICE/interfaces/install/temperature/share/temperature/hook/pythonpath.sh'
[5.149s] Level 1:colcon.colcon_core.environment:checking '/home/abhiniraula/Documents/ROS2_PRACTICE/interfaces/install/temperature/bin'
[5.149s] Level 1:colcon.colcon_core.environment:create_environment_scripts_only(temperature)
[5.149s] INFO:colcon.colcon_core.shell:Creating package script '/home/abhiniraula/Documents/ROS2_PRACTICE/interfaces/install/temperature/share/temperature/package.ps1'
[5.149s] INFO:colcon.colcon_core.shell:Creating package descriptor '/home/abhiniraula/Documents/ROS2_PRACTICE/interfaces/install/temperature/share/temperature/package.dsv'
[5.150s] INFO:colcon.colcon_core.shell:Creating package script '/home/abhiniraula/Documents/ROS2_PRACTICE/interfaces/install/temperature/share/temperature/package.sh'
[5.150s] INFO:colcon.colcon_core.shell:Creating package script '/home/abhiniraula/Documents/ROS2_PRACTICE/interfaces/install/temperature/share/temperature/package.bash'
[5.151s] INFO:colcon.colcon_core.shell:Creating package script '/home/abhiniraula/Documents/ROS2_PRACTICE/interfaces/install/temperature/share/temperature/package.zsh'
[5.151s] Level 1:colcon.colcon_core.environment:create_file_with_runtime_dependencies(/home/abhiniraula/Documents/ROS2_PRACTICE/interfaces/install/temperature/share/colcon-core/packages/temperature)
[5.152s] DEBUG:colcon.colcon_parallel_executor.executor.parallel:closing loop
[5.152s] DEBUG:colcon.colcon_parallel_executor.executor.parallel:loop closed
[5.152s] DEBUG:colcon.colcon_parallel_executor.executor.parallel:run_until_complete finished with '0'
[5.152s] DEBUG:colcon.colcon_core.event_reactor:joining thread
[5.158s] INFO:colcon.colcon_core.plugin_system:Skipping extension 'colcon_notification.desktop_notification.terminal_notifier': Not used on non-Darwin systems
[5.158s] INFO:colcon.colcon_core.plugin_system:Skipping extension 'colcon_notification.desktop_notification.win32': Not used on non-Windows systems
[5.158s] INFO:colcon.colcon_notification.desktop_notification:Sending desktop notification using 'notify2'
[5.170s] DEBUG:colcon.colcon_core.event_reactor:joined thread
[5.170s] INFO:colcon.colcon_core.shell:Creating prefix script '/home/abhiniraula/Documents/ROS2_PRACTICE/interfaces/install/local_setup.ps1'
[5.171s] INFO:colcon.colcon_core.shell:Creating prefix util module '/home/abhiniraula/Documents/ROS2_PRACTICE/interfaces/install/_local_setup_util_ps1.py'
[5.172s] INFO:colcon.colcon_core.shell:Creating prefix chain script '/home/abhiniraula/Documents/ROS2_PRACTICE/interfaces/install/setup.ps1'
[5.173s] INFO:colcon.colcon_core.shell:Creating prefix script '/home/abhiniraula/Documents/ROS2_PRACTICE/interfaces/install/local_setup.sh'
[5.173s] INFO:colcon.colcon_core.shell:Creating prefix util module '/home/abhiniraula/Documents/ROS2_PRACTICE/interfaces/install/_local_setup_util_sh.py'
[5.174s] INFO:colcon.colcon_core.shell:Creating prefix chain script '/home/abhiniraula/Documents/ROS2_PRACTICE/interfaces/install/setup.sh'
[5.174s] INFO:colcon.colcon_core.shell:Creating prefix script '/home/abhiniraula/Documents/ROS2_PRACTICE/interfaces/install/local_setup.bash'
[5.175s] INFO:colcon.colcon_core.shell:Creating prefix chain script '/home/abhiniraula/Documents/ROS2_PRACTICE/interfaces/install/setup.bash'
[5.175s] INFO:colcon.colcon_core.shell:Creating prefix script '/home/abhiniraula/Documents/ROS2_PRACTICE/interfaces/install/local_setup.zsh'
[5.176s] INFO:colcon.colcon_core.shell:Creating prefix chain script '/home/abhiniraula/Documents/ROS2_PRACTICE/interfaces/install/setup.zsh'
