[0.010s] Invoking command in '/home/abhiniraula/Documents/ROS2_PRACTICE/interfaces/build/interfaces': CMAKE_PREFIX_PATH=${CMAKE_PREFIX_PATH}:/home/abhiniraula/Documents/ROS2_PRACTICE/interfaces/install/temperature:/opt/ros/jazzy DEBUGINFOD_URLS=https://debuginfod.ubuntu.com /usr/bin/cmake --build /home/abhiniraula/Documents/ROS2_PRACTICE/interfaces/build/interfaces -- -j8 -l8
[0.031s] -- Found ament_cmake: 2.5.2 (/opt/ros/jazzy/share/ament_cmake/cmake)
[0.224s] -- Found ament_lint_auto: 0.17.1 (/opt/ros/jazzy/share/ament_lint_auto/cmake)
[0.304s] -- Added test 'lint_cmake' to check CMake code style
[0.305s] -- Added test 'xmllint' to check XML markup files
[0.305s] -- Found geometry_msgs: 5.3.5 (/opt/ros/jazzy/share/geometry_msgs/cmake)
[0.327s] -- Found rosidl_generator_c: 4.6.4 (/opt/ros/jazzy/share/rosidl_generator_c/cmake)
[0.334s] -- Found rosidl_generator_cpp: 4.6.4 (/opt/ros/jazzy/share/rosidl_generator_cpp/cmake)
[0.344s] -- Using all available rosidl_typesupport_c: rosidl_typesupport_fastrtps_c;rosidl_typesupport_introspection_c
[0.354s] -- Using all available rosidl_typesupport_cpp: rosidl_typesupport_fastrtps_cpp;rosidl_typesupport_introspection_cpp
[0.390s] -- Found rosidl_default_generators: 1.6.0 (/opt/ros/jazzy/share/rosidl_default_generators/cmake)
[0.396s] -- Found rosidl_adapter: 4.6.4 (/opt/ros/jazzy/share/rosidl_adapter/cmake)
[0.397s] [31mCMake Error at /opt/ros/jazzy/share/rosidl_cmake/cmake/rosidl_generate_interfaces.cmake:64 (message):
[0.397s]   rosidl_generate_interfaces() must be called before ament_package()
[0.397s] Call Stack (most recent call first):
[0.397s]   CMakeLists.txt:36 (rosidl_generate_interfaces)
[0.398s] 
[0.398s] [0m
[0.398s] -- Configuring incomplete, errors occurred!
[0.402s] gmake: *** [Makefile:226: cmake_check_build_system] Error 1
[0.404s] Invoked command in '/home/abhiniraula/Documents/ROS2_PRACTICE/interfaces/build/interfaces' returned '2': CMAKE_PREFIX_PATH=${CMAKE_PREFIX_PATH}:/home/abhiniraula/Documents/ROS2_PRACTICE/interfaces/install/temperature:/opt/ros/jazzy DEBUGINFOD_URLS=https://debuginfod.ubuntu.com /usr/bin/cmake --build /home/abhiniraula/Documents/ROS2_PRACTICE/interfaces/build/interfaces -- -j8 -l8
