[0.010s] Invoking command in '/home/abhiniraula/Documents/ROS2_PRACTICE/interfaces/build/interfaces': CMAKE_PREFIX_PATH=${CMAKE_PREFIX_PATH}:/home/abhiniraula/Documents/ROS2_PRACTICE/interfaces/install/temperature:/opt/ros/jazzy DEBUGINFOD_URLS=https://debuginfod.ubuntu.com /usr/bin/cmake --build /home/abhiniraula/Documents/ROS2_PRACTICE/interfaces/build/interfaces -- -j8 -l8
[0.040s] -- Found ament_cmake: 2.5.2 (/opt/ros/jazzy/share/ament_cmake/cmake)
[0.065s] -- Found Python3: /usr/bin/python3 (found version "3.12.3") found components: Interpreter 
[0.131s] -- Found ament_lint_auto: 0.17.1 (/opt/ros/jazzy/share/ament_lint_auto/cmake)
[0.208s] -- Found geometry_msgs: 5.3.5 (/opt/ros/jazzy/share/geometry_msgs/cmake)
[0.233s] -- Found rosidl_generator_c: 4.6.4 (/opt/ros/jazzy/share/rosidl_generator_c/cmake)
[0.239s] -- Found rosidl_generator_cpp: 4.6.4 (/opt/ros/jazzy/share/rosidl_generator_cpp/cmake)
[0.248s] -- Using all available rosidl_typesupport_c: rosidl_typesupport_fastrtps_c;rosidl_typesupport_introspection_c
[0.259s] -- Using all available rosidl_typesupport_cpp: rosidl_typesupport_fastrtps_cpp;rosidl_typesupport_introspection_cpp
[0.288s] -- Found rosidl_default_generators: 1.6.0 (/opt/ros/jazzy/share/rosidl_default_generators/cmake)
[0.294s] -- Found rosidl_adapter: 4.6.4 (/opt/ros/jazzy/share/rosidl_adapter/cmake)
[0.433s] -- Found ament_cmake_ros: 0.12.0 (/opt/ros/jazzy/share/ament_cmake_ros/cmake)
[0.567s] -- Using all available rosidl_typesupport_c: rosidl_typesupport_fastrtps_c;rosidl_typesupport_introspection_c
[0.617s] -- Using all available rosidl_typesupport_cpp: rosidl_typesupport_fastrtps_cpp;rosidl_typesupport_introspection_cpp
[0.617s] -- Found python_cmake_module: 0.11.1 (/opt/ros/jazzy/share/python_cmake_module/cmake)
[0.838s] -- Found Python3: /usr/bin/python3 (found version "3.12.3") found components: Interpreter Development NumPy Development.Module Development.Embed 
[0.848s] -- Added test 'lint_cmake' to check CMake code style
[0.849s] -- Added test 'xmllint' to check XML markup files
[0.851s] -- Configuring done (0.8s)
[0.875s] -- Generating done (0.0s)
[0.884s] -- Build files have been written to: /home/abhiniraula/Documents/ROS2_PRACTICE/interfaces/build/interfaces
[0.912s] [  2%] [34m[1mGenerating type hashes for ROS interfaces[0m
[0.920s] [  2%] Built target ament_cmake_python_copy_interfaces
[1.067s] [  2%] Built target interfaces_srv__rosidl_generator_type_description
[1.075s] [  5%] [34m[1mGenerating C code for ROS interfaces[0m
[1.082s] [  8%] [34m[1mGenerating C++ code for ROS interfaces[0m
[1.102s] running egg_info
[1.129s] writing interfaces.egg-info/PKG-INFO
[1.130s] writing dependency_links to interfaces.egg-info/dependency_links.txt
[1.130s] writing top-level names to interfaces.egg-info/top_level.txt
[1.176s] reading manifest file 'interfaces.egg-info/SOURCES.txt'
[1.177s] writing manifest file 'interfaces.egg-info/SOURCES.txt'
[1.201s] [  8%] Built target ament_cmake_python_build_interfaces_egg
[1.334s] [ 11%] [32mBuilding C object CMakeFiles/interfaces_srv__rosidl_generator_c.dir/rosidl_generator_c/interfaces/srv/detail/temperature__description.c.o[0m
[1.334s] [ 14%] [32mBuilding C object CMakeFiles/interfaces_srv__rosidl_generator_c.dir/rosidl_generator_c/interfaces/srv/detail/temperature__functions.c.o[0m
[1.337s] [ 17%] [32mBuilding C object CMakeFiles/interfaces_srv__rosidl_generator_c.dir/rosidl_generator_c/interfaces/srv/detail/temperature__type_support.c.o[0m
[1.346s] [ 17%] Built target interfaces_srv__cpp
[1.391s] [ 20%] [32m[1mLinking C shared library libinterfaces__rosidl_generator_c.so[0m
[1.419s] [ 20%] Built target interfaces_srv__rosidl_generator_c
[1.428s] [ 23%] [34m[1mGenerating C introspection for ROS interfaces[0m
[1.430s] [ 38%] [34m[1mGenerating C type support for eProsima Fast-RTPS[0m
[1.430s] [ 38%] [34m[1mGenerating C++ introspection for ROS interfaces[0m
[1.430s] [ 38%] [34m[1mGenerating C++ type support for eProsima Fast-RTPS[0m
[1.430s] [ 38%] [34m[1mGenerating C++ type support dispatch for ROS interfaces[0m
[1.431s] [ 38%] [34m[1mGenerating C type support dispatch for ROS interfaces[0m
[1.659s] [ 41%] [32mBuilding CXX object CMakeFiles/interfaces_srv__rosidl_typesupport_c.dir/rosidl_typesupport_c/interfaces/srv/temperature__type_support.cpp.o[0m
[1.715s] [ 44%] [32m[1mLinking CXX shared library libinterfaces__rosidl_typesupport_c.so[0m
[1.761s] [ 44%] Built target interfaces_srv__rosidl_typesupport_c
[1.772s] [ 47%] [32mBuilding CXX object CMakeFiles/interfaces_srv__rosidl_typesupport_cpp.dir/rosidl_typesupport_cpp/interfaces/srv/temperature__type_support.cpp.o[0m
[1.776s] [ 50%] [32mBuilding CXX object CMakeFiles/interfaces_srv__rosidl_typesupport_fastrtps_c.dir/rosidl_typesupport_fastrtps_c/interfaces/srv/detail/temperature__type_support_c.cpp.o[0m
[1.797s] [ 52%] [32mBuilding CXX object CMakeFiles/interfaces_srv__rosidl_typesupport_introspection_cpp.dir/rosidl_typesupport_introspection_cpp/interfaces/srv/detail/temperature__type_support.cpp.o[0m
[1.809s] [ 55%] [32mBuilding C object CMakeFiles/interfaces_srv__rosidl_typesupport_introspection_c.dir/rosidl_typesupport_introspection_c/interfaces/srv/detail/temperature__type_support.c.o[0m
[1.851s] [ 58%] [32mBuilding CXX object CMakeFiles/interfaces_srv__rosidl_typesupport_fastrtps_cpp.dir/rosidl_typesupport_fastrtps_cpp/interfaces/srv/detail/dds_fastrtps/temperature__type_support.cpp.o[0m
[1.855s] [ 61%] [32m[1mLinking C shared library libinterfaces__rosidl_typesupport_introspection_c.so[0m
[1.890s] [ 61%] Built target interfaces_srv__rosidl_typesupport_introspection_c
[2.119s] [ 64%] [32m[1mLinking CXX shared library libinterfaces__rosidl_typesupport_cpp.so[0m
[2.188s] [ 64%] Built target interfaces_srv__rosidl_typesupport_cpp
[2.298s] [ 67%] [32m[1mLinking CXX shared library libinterfaces__rosidl_typesupport_introspection_cpp.so[0m
[2.348s] [ 70%] [32m[1mLinking CXX shared library libinterfaces__rosidl_typesupport_fastrtps_c.so[0m
[2.356s] [ 73%] [32m[1mLinking CXX shared library libinterfaces__rosidl_typesupport_fastrtps_cpp.so[0m
[2.371s] [ 73%] Built target interfaces_srv__rosidl_typesupport_introspection_cpp
[2.429s] [ 73%] Built target interfaces_srv__rosidl_typesupport_fastrtps_cpp
[2.435s] [ 73%] Built target interfaces_srv__rosidl_typesupport_fastrtps_c
[2.450s] [ 73%] Built target interfaces_srv
[2.466s] [ 76%] [34m[1mGenerating Python code for ROS interfaces[0m
[2.738s] [ 76%] Built target interfaces_srv__py
[2.758s] [ 79%] [32mBuilding C object CMakeFiles/interfaces_srv__rosidl_generator_py.dir/rosidl_generator_py/interfaces/srv/_temperature_s.c.o[0m
[2.864s] [ 82%] [32m[1mLinking C shared library libinterfaces_srv__rosidl_generator_py.so[0m
[2.896s] [ 82%] Built target interfaces_srv__rosidl_generator_py
[2.918s] [ 85%] [32mBuilding C object CMakeFiles/interfaces_s__rosidl_typesupport_c.dir/rosidl_generator_py/interfaces/_interfaces_s.ep.rosidl_typesupport_c.c.o[0m
[2.919s] [ 91%] [32mBuilding C object CMakeFiles/interfaces_s__rosidl_typesupport_fastrtps_c.dir/rosidl_generator_py/interfaces/_interfaces_s.ep.rosidl_typesupport_fastrtps_c.c.o[0m
[2.919s] [ 91%] [32mBuilding C object CMakeFiles/interfaces_s__rosidl_typesupport_introspection_c.dir/rosidl_generator_py/interfaces/_interfaces_s.ep.rosidl_typesupport_introspection_c.c.o[0m
[3.011s] [ 94%] [32m[1mLinking C shared module rosidl_generator_py/interfaces/interfaces_s__rosidl_typesupport_fastrtps_c.so[0m
[3.011s] [ 97%] [32m[1mLinking C shared module rosidl_generator_py/interfaces/interfaces_s__rosidl_typesupport_introspection_c.so[0m
[3.038s] [ 97%] Built target interfaces_s__rosidl_typesupport_fastrtps_c
[3.041s] [ 97%] Built target interfaces_s__rosidl_typesupport_introspection_c
[3.050s] [100%] [32m[1mLinking C shared module rosidl_generator_py/interfaces/interfaces_s__rosidl_typesupport_c.so[0m
[3.074s] [100%] Built target interfaces_s__rosidl_typesupport_c
[3.084s] Invoked command in '/home/abhiniraula/Documents/ROS2_PRACTICE/interfaces/build/interfaces' returned '0': CMAKE_PREFIX_PATH=${CMAKE_PREFIX_PATH}:/home/abhiniraula/Documents/ROS2_PRACTICE/interfaces/install/temperature:/opt/ros/jazzy DEBUGINFOD_URLS=https://debuginfod.ubuntu.com /usr/bin/cmake --build /home/abhiniraula/Documents/ROS2_PRACTICE/interfaces/build/interfaces -- -j8 -l8
[3.092s] Invoking command in '/home/abhiniraula/Documents/ROS2_PRACTICE/interfaces/build/interfaces': CMAKE_PREFIX_PATH=${CMAKE_PREFIX_PATH}:/home/abhiniraula/Documents/ROS2_PRACTICE/interfaces/install/temperature:/opt/ros/jazzy DEBUGINFOD_URLS=https://debuginfod.ubuntu.com /usr/bin/cmake --install /home/abhiniraula/Documents/ROS2_PRACTICE/interfaces/build/interfaces
[3.098s] -- Install configuration: ""
[3.098s] -- Up-to-date: /home/abhiniraula/Documents/ROS2_PRACTICE/interfaces/install/interfaces/share/ament_index/resource_index/rosidl_interfaces/interfaces
[3.098s] -- Installing: /home/abhiniraula/Documents/ROS2_PRACTICE/interfaces/install/interfaces/share/interfaces/srv/Temperature.json
[3.098s] -- Up-to-date: /home/abhiniraula/Documents/ROS2_PRACTICE/interfaces/install/interfaces/include/interfaces/interfaces
[3.098s] -- Up-to-date: /home/abhiniraula/Documents/ROS2_PRACTICE/interfaces/install/interfaces/include/interfaces/interfaces/msg
[3.098s] -- Up-to-date: /home/abhiniraula/Documents/ROS2_PRACTICE/interfaces/install/interfaces/include/interfaces/interfaces/msg/rosidl_generator_c__visibility_control.h
[3.098s] -- Up-to-date: /home/abhiniraula/Documents/ROS2_PRACTICE/interfaces/install/interfaces/include/interfaces/interfaces/srv
[3.098s] -- Up-to-date: /home/abhiniraula/Documents/ROS2_PRACTICE/interfaces/install/interfaces/include/interfaces/interfaces/srv/detail
[3.098s] -- Installing: /home/abhiniraula/Documents/ROS2_PRACTICE/interfaces/install/interfaces/include/interfaces/interfaces/srv/detail/temperature__type_support.h
[3.099s] -- Installing: /home/abhiniraula/Documents/ROS2_PRACTICE/interfaces/install/interfaces/include/interfaces/interfaces/srv/detail/temperature__functions.h
[3.099s] -- Installing: /home/abhiniraula/Documents/ROS2_PRACTICE/interfaces/install/interfaces/include/interfaces/interfaces/srv/detail/temperature__type_support.c
[3.099s] -- Installing: /home/abhiniraula/Documents/ROS2_PRACTICE/interfaces/install/interfaces/include/interfaces/interfaces/srv/detail/temperature__struct.h
[3.099s] -- Installing: /home/abhiniraula/Documents/ROS2_PRACTICE/interfaces/install/interfaces/include/interfaces/interfaces/srv/detail/temperature__functions.c
[3.100s] -- Installing: /home/abhiniraula/Documents/ROS2_PRACTICE/interfaces/install/interfaces/include/interfaces/interfaces/srv/detail/temperature__description.c
[3.100s] -- Installing: /home/abhiniraula/Documents/ROS2_PRACTICE/interfaces/install/interfaces/include/interfaces/interfaces/srv/temperature.h
[3.100s] -- Up-to-date: /home/abhiniraula/Documents/ROS2_PRACTICE/interfaces/install/interfaces/share/interfaces/environment/library_path.sh
[3.100s] -- Up-to-date: /home/abhiniraula/Documents/ROS2_PRACTICE/interfaces/install/interfaces/share/interfaces/environment/library_path.dsv
[3.100s] -- Installing: /home/abhiniraula/Documents/ROS2_PRACTICE/interfaces/install/interfaces/lib/libinterfaces__rosidl_generator_c.so
[3.100s] -- Set non-toolchain portion of runtime path of "/home/abhiniraula/Documents/ROS2_PRACTICE/interfaces/install/interfaces/lib/libinterfaces__rosidl_generator_c.so" to ""
[3.100s] -- Up-to-date: /home/abhiniraula/Documents/ROS2_PRACTICE/interfaces/install/interfaces/include/interfaces/interfaces
[3.100s] -- Up-to-date: /home/abhiniraula/Documents/ROS2_PRACTICE/interfaces/install/interfaces/include/interfaces/interfaces/msg
[3.101s] -- Up-to-date: /home/abhiniraula/Documents/ROS2_PRACTICE/interfaces/install/interfaces/include/interfaces/interfaces/msg/rosidl_typesupport_fastrtps_c__visibility_control.h
[3.101s] -- Up-to-date: /home/abhiniraula/Documents/ROS2_PRACTICE/interfaces/install/interfaces/include/interfaces/interfaces/srv
[3.101s] -- Up-to-date: /home/abhiniraula/Documents/ROS2_PRACTICE/interfaces/install/interfaces/include/interfaces/interfaces/srv/detail
[3.101s] -- Installing: /home/abhiniraula/Documents/ROS2_PRACTICE/interfaces/install/interfaces/include/interfaces/interfaces/srv/detail/temperature__rosidl_typesupport_fastrtps_c.h
[3.101s] -- Installing: /home/abhiniraula/Documents/ROS2_PRACTICE/interfaces/install/interfaces/lib/libinterfaces__rosidl_typesupport_fastrtps_c.so
[3.101s] -- Set non-toolchain portion of runtime path of "/home/abhiniraula/Documents/ROS2_PRACTICE/interfaces/install/interfaces/lib/libinterfaces__rosidl_typesupport_fastrtps_c.so" to ""
[3.101s] -- Up-to-date: /home/abhiniraula/Documents/ROS2_PRACTICE/interfaces/install/interfaces/include/interfaces/interfaces
[3.101s] -- Up-to-date: /home/abhiniraula/Documents/ROS2_PRACTICE/interfaces/install/interfaces/include/interfaces/interfaces/msg
[3.101s] -- Installing: /home/abhiniraula/Documents/ROS2_PRACTICE/interfaces/install/interfaces/include/interfaces/interfaces/msg/rosidl_generator_cpp__visibility_control.hpp
[3.101s] -- Up-to-date: /home/abhiniraula/Documents/ROS2_PRACTICE/interfaces/install/interfaces/include/interfaces/interfaces/srv
[3.106s] -- Installing: /home/abhiniraula/Documents/ROS2_PRACTICE/interfaces/install/interfaces/include/interfaces/interfaces/srv/temperature.hpp
[3.106s] -- Up-to-date: /home/abhiniraula/Documents/ROS2_PRACTICE/interfaces/install/interfaces/include/interfaces/interfaces/srv/detail
[3.106s] -- Installing: /home/abhiniraula/Documents/ROS2_PRACTICE/interfaces/install/interfaces/include/interfaces/interfaces/srv/detail/temperature__struct.hpp
[3.106s] -- Installing: /home/abhiniraula/Documents/ROS2_PRACTICE/interfaces/install/interfaces/include/interfaces/interfaces/srv/detail/temperature__type_support.hpp
[3.106s] -- Installing: /home/abhiniraula/Documents/ROS2_PRACTICE/interfaces/install/interfaces/include/interfaces/interfaces/srv/detail/temperature__traits.hpp
[3.106s] -- Installing: /home/abhiniraula/Documents/ROS2_PRACTICE/interfaces/install/interfaces/include/interfaces/interfaces/srv/detail/temperature__builder.hpp
[3.106s] -- Up-to-date: /home/abhiniraula/Documents/ROS2_PRACTICE/interfaces/install/interfaces/include/interfaces/interfaces
[3.106s] -- Up-to-date: /home/abhiniraula/Documents/ROS2_PRACTICE/interfaces/install/interfaces/include/interfaces/interfaces/msg
[3.106s] -- Up-to-date: /home/abhiniraula/Documents/ROS2_PRACTICE/interfaces/install/interfaces/include/interfaces/interfaces/msg/rosidl_typesupport_fastrtps_cpp__visibility_control.h
[3.108s] -- Up-to-date: /home/abhiniraula/Documents/ROS2_PRACTICE/interfaces/install/interfaces/include/interfaces/interfaces/srv
[3.108s] -- Up-to-date: /home/abhiniraula/Documents/ROS2_PRACTICE/interfaces/install/interfaces/include/interfaces/interfaces/srv/detail
[3.108s] -- Installing: /home/abhiniraula/Documents/ROS2_PRACTICE/interfaces/install/interfaces/include/interfaces/interfaces/srv/detail/temperature__rosidl_typesupport_fastrtps_cpp.hpp
[3.108s] -- Up-to-date: /home/abhiniraula/Documents/ROS2_PRACTICE/interfaces/install/interfaces/include/interfaces/interfaces/srv/detail/dds_fastrtps
[3.108s] -- Installing: /home/abhiniraula/Documents/ROS2_PRACTICE/interfaces/install/interfaces/lib/libinterfaces__rosidl_typesupport_fastrtps_cpp.so
[3.108s] -- Set non-toolchain portion of runtime path of "/home/abhiniraula/Documents/ROS2_PRACTICE/interfaces/install/interfaces/lib/libinterfaces__rosidl_typesupport_fastrtps_cpp.so" to ""
[3.109s] -- Up-to-date: /home/abhiniraula/Documents/ROS2_PRACTICE/interfaces/install/interfaces/include/interfaces/interfaces
[3.109s] -- Up-to-date: /home/abhiniraula/Documents/ROS2_PRACTICE/interfaces/install/interfaces/include/interfaces/interfaces/msg
[3.109s] -- Up-to-date: /home/abhiniraula/Documents/ROS2_PRACTICE/interfaces/install/interfaces/include/interfaces/interfaces/msg/rosidl_typesupport_introspection_c__visibility_control.h
[3.109s] -- Up-to-date: /home/abhiniraula/Documents/ROS2_PRACTICE/interfaces/install/interfaces/include/interfaces/interfaces/srv
[3.109s] -- Up-to-date: /home/abhiniraula/Documents/ROS2_PRACTICE/interfaces/install/interfaces/include/interfaces/interfaces/srv/detail
[3.109s] -- Installing: /home/abhiniraula/Documents/ROS2_PRACTICE/interfaces/install/interfaces/include/interfaces/interfaces/srv/detail/temperature__type_support.c
[3.109s] -- Installing: /home/abhiniraula/Documents/ROS2_PRACTICE/interfaces/install/interfaces/include/interfaces/interfaces/srv/detail/temperature__rosidl_typesupport_introspection_c.h
[3.109s] -- Installing: /home/abhiniraula/Documents/ROS2_PRACTICE/interfaces/install/interfaces/lib/libinterfaces__rosidl_typesupport_introspection_c.so
[3.109s] -- Set non-toolchain portion of runtime path of "/home/abhiniraula/Documents/ROS2_PRACTICE/interfaces/install/interfaces/lib/libinterfaces__rosidl_typesupport_introspection_c.so" to ""
[3.109s] -- Installing: /home/abhiniraula/Documents/ROS2_PRACTICE/interfaces/install/interfaces/lib/libinterfaces__rosidl_typesupport_c.so
[3.109s] -- Set non-toolchain portion of runtime path of "/home/abhiniraula/Documents/ROS2_PRACTICE/interfaces/install/interfaces/lib/libinterfaces__rosidl_typesupport_c.so" to ""
[3.109s] -- Up-to-date: /home/abhiniraula/Documents/ROS2_PRACTICE/interfaces/install/interfaces/include/interfaces/interfaces
[3.109s] -- Up-to-date: /home/abhiniraula/Documents/ROS2_PRACTICE/interfaces/install/interfaces/include/interfaces/interfaces/srv
[3.110s] -- Up-to-date: /home/abhiniraula/Documents/ROS2_PRACTICE/interfaces/install/interfaces/include/interfaces/interfaces/srv/detail
[3.110s] -- Installing: /home/abhiniraula/Documents/ROS2_PRACTICE/interfaces/install/interfaces/include/interfaces/interfaces/srv/detail/temperature__type_support.cpp
[3.110s] -- Installing: /home/abhiniraula/Documents/ROS2_PRACTICE/interfaces/install/interfaces/include/interfaces/interfaces/srv/detail/temperature__rosidl_typesupport_introspection_cpp.hpp
[3.110s] -- Installing: /home/abhiniraula/Documents/ROS2_PRACTICE/interfaces/install/interfaces/lib/libinterfaces__rosidl_typesupport_introspection_cpp.so
[3.110s] -- Set non-toolchain portion of runtime path of "/home/abhiniraula/Documents/ROS2_PRACTICE/interfaces/install/interfaces/lib/libinterfaces__rosidl_typesupport_introspection_cpp.so" to ""
[3.110s] -- Installing: /home/abhiniraula/Documents/ROS2_PRACTICE/interfaces/install/interfaces/lib/libinterfaces__rosidl_typesupport_cpp.so
[3.110s] -- Set non-toolchain portion of runtime path of "/home/abhiniraula/Documents/ROS2_PRACTICE/interfaces/install/interfaces/lib/libinterfaces__rosidl_typesupport_cpp.so" to ""
[3.110s] -- Up-to-date: /home/abhiniraula/Documents/ROS2_PRACTICE/interfaces/install/interfaces/share/interfaces/environment/pythonpath.sh
[3.110s] -- Up-to-date: /home/abhiniraula/Documents/ROS2_PRACTICE/interfaces/install/interfaces/share/interfaces/environment/pythonpath.dsv
[3.110s] -- Up-to-date: /home/abhiniraula/Documents/ROS2_PRACTICE/interfaces/install/interfaces/lib/python3.12/site-packages/interfaces-0.0.0-py3.12.egg-info
[3.110s] -- Installing: /home/abhiniraula/Documents/ROS2_PRACTICE/interfaces/install/interfaces/lib/python3.12/site-packages/interfaces-0.0.0-py3.12.egg-info/dependency_links.txt
[3.110s] -- Installing: /home/abhiniraula/Documents/ROS2_PRACTICE/interfaces/install/interfaces/lib/python3.12/site-packages/interfaces-0.0.0-py3.12.egg-info/SOURCES.txt
[3.111s] -- Installing: /home/abhiniraula/Documents/ROS2_PRACTICE/interfaces/install/interfaces/lib/python3.12/site-packages/interfaces-0.0.0-py3.12.egg-info/top_level.txt
[3.111s] -- Installing: /home/abhiniraula/Documents/ROS2_PRACTICE/interfaces/install/interfaces/lib/python3.12/site-packages/interfaces-0.0.0-py3.12.egg-info/PKG-INFO
[3.111s] -- Up-to-date: /home/abhiniraula/Documents/ROS2_PRACTICE/interfaces/install/interfaces/lib/python3.12/site-packages/interfaces
[3.111s] -- Installing: /home/abhiniraula/Documents/ROS2_PRACTICE/interfaces/install/interfaces/lib/python3.12/site-packages/interfaces/_interfaces_s.ep.rosidl_typesupport_introspection_c.c
[3.111s] -- Installing: /home/abhiniraula/Documents/ROS2_PRACTICE/interfaces/install/interfaces/lib/python3.12/site-packages/interfaces/interfaces_s__rosidl_typesupport_introspection_c.so
[3.111s] -- Up-to-date: /home/abhiniraula/Documents/ROS2_PRACTICE/interfaces/install/interfaces/lib/python3.12/site-packages/interfaces/srv
[3.111s] -- Installing: /home/abhiniraula/Documents/ROS2_PRACTICE/interfaces/install/interfaces/lib/python3.12/site-packages/interfaces/srv/_temperature.py
[3.111s] -- Installing: /home/abhiniraula/Documents/ROS2_PRACTICE/interfaces/install/interfaces/lib/python3.12/site-packages/interfaces/srv/_temperature_s.c
[3.112s] -- Installing: /home/abhiniraula/Documents/ROS2_PRACTICE/interfaces/install/interfaces/lib/python3.12/site-packages/interfaces/srv/__init__.py
[3.112s] -- Installing: /home/abhiniraula/Documents/ROS2_PRACTICE/interfaces/install/interfaces/lib/python3.12/site-packages/interfaces/__init__.py
[3.112s] -- Installing: /home/abhiniraula/Documents/ROS2_PRACTICE/interfaces/install/interfaces/lib/python3.12/site-packages/interfaces/_interfaces_s.ep.rosidl_typesupport_c.c
[3.112s] -- Installing: /home/abhiniraula/Documents/ROS2_PRACTICE/interfaces/install/interfaces/lib/python3.12/site-packages/interfaces/interfaces_s__rosidl_typesupport_fastrtps_c.so
[3.112s] -- Installing: /home/abhiniraula/Documents/ROS2_PRACTICE/interfaces/install/interfaces/lib/python3.12/site-packages/interfaces/interfaces_s__rosidl_typesupport_c.so
[3.112s] -- Installing: /home/abhiniraula/Documents/ROS2_PRACTICE/interfaces/install/interfaces/lib/python3.12/site-packages/interfaces/_interfaces_s.ep.rosidl_typesupport_fastrtps_c.c
[3.148s] Listing '/home/abhiniraula/Documents/ROS2_PRACTICE/interfaces/install/interfaces/lib/python3.12/site-packages/interfaces'...
[3.148s] Compiling '/home/abhiniraula/Documents/ROS2_PRACTICE/interfaces/install/interfaces/lib/python3.12/site-packages/interfaces/__init__.py'...
[3.148s] Listing '/home/abhiniraula/Documents/ROS2_PRACTICE/interfaces/install/interfaces/lib/python3.12/site-packages/interfaces/srv'...
[3.148s] Compiling '/home/abhiniraula/Documents/ROS2_PRACTICE/interfaces/install/interfaces/lib/python3.12/site-packages/interfaces/srv/__init__.py'...
[3.148s] Compiling '/home/abhiniraula/Documents/ROS2_PRACTICE/interfaces/install/interfaces/lib/python3.12/site-packages/interfaces/srv/_temperature.py'...
[3.150s] -- Installing: /home/abhiniraula/Documents/ROS2_PRACTICE/interfaces/install/interfaces/lib/python3.12/site-packages/interfaces/interfaces_s__rosidl_typesupport_fastrtps_c.so
[3.151s] -- Set non-toolchain portion of runtime path of "/home/abhiniraula/Documents/ROS2_PRACTICE/interfaces/install/interfaces/lib/python3.12/site-packages/interfaces/interfaces_s__rosidl_typesupport_fastrtps_c.so" to ""
[3.151s] -- Installing: /home/abhiniraula/Documents/ROS2_PRACTICE/interfaces/install/interfaces/lib/python3.12/site-packages/interfaces/interfaces_s__rosidl_typesupport_introspection_c.so
[3.151s] -- Set non-toolchain portion of runtime path of "/home/abhiniraula/Documents/ROS2_PRACTICE/interfaces/install/interfaces/lib/python3.12/site-packages/interfaces/interfaces_s__rosidl_typesupport_introspection_c.so" to ""
[3.151s] -- Installing: /home/abhiniraula/Documents/ROS2_PRACTICE/interfaces/install/interfaces/lib/python3.12/site-packages/interfaces/interfaces_s__rosidl_typesupport_c.so
[3.151s] -- Set non-toolchain portion of runtime path of "/home/abhiniraula/Documents/ROS2_PRACTICE/interfaces/install/interfaces/lib/python3.12/site-packages/interfaces/interfaces_s__rosidl_typesupport_c.so" to ""
[3.151s] -- Installing: /home/abhiniraula/Documents/ROS2_PRACTICE/interfaces/install/interfaces/lib/libinterfaces_srv__rosidl_generator_py.so
[3.152s] -- Set non-toolchain portion of runtime path of "/home/abhiniraula/Documents/ROS2_PRACTICE/interfaces/install/interfaces/lib/libinterfaces_srv__rosidl_generator_py.so" to ""
[3.152s] -- Installing: /home/abhiniraula/Documents/ROS2_PRACTICE/interfaces/install/interfaces/share/interfaces/srv/Temperature.idl
[3.152s] -- Installing: /home/abhiniraula/Documents/ROS2_PRACTICE/interfaces/install/interfaces/share/interfaces/srv/Temperature.srv
[3.152s] -- Up-to-date: /home/abhiniraula/Documents/ROS2_PRACTICE/interfaces/install/interfaces/share/ament_index/resource_index/package_run_dependencies/interfaces
[3.152s] -- Up-to-date: /home/abhiniraula/Documents/ROS2_PRACTICE/interfaces/install/interfaces/share/ament_index/resource_index/parent_prefix_path/interfaces
[3.152s] -- Up-to-date: /home/abhiniraula/Documents/ROS2_PRACTICE/interfaces/install/interfaces/share/interfaces/environment/ament_prefix_path.sh
[3.152s] -- Up-to-date: /home/abhiniraula/Documents/ROS2_PRACTICE/interfaces/install/interfaces/share/interfaces/environment/ament_prefix_path.dsv
[3.152s] -- Up-to-date: /home/abhiniraula/Documents/ROS2_PRACTICE/interfaces/install/interfaces/share/interfaces/environment/path.sh
[3.152s] -- Up-to-date: /home/abhiniraula/Documents/ROS2_PRACTICE/interfaces/install/interfaces/share/interfaces/environment/path.dsv
[3.152s] -- Up-to-date: /home/abhiniraula/Documents/ROS2_PRACTICE/interfaces/install/interfaces/share/interfaces/local_setup.bash
[3.153s] -- Up-to-date: /home/abhiniraula/Documents/ROS2_PRACTICE/interfaces/install/interfaces/share/interfaces/local_setup.sh
[3.153s] -- Up-to-date: /home/abhiniraula/Documents/ROS2_PRACTICE/interfaces/install/interfaces/share/interfaces/local_setup.zsh
[3.153s] -- Up-to-date: /home/abhiniraula/Documents/ROS2_PRACTICE/interfaces/install/interfaces/share/interfaces/local_setup.dsv
[3.153s] -- Installing: /home/abhiniraula/Documents/ROS2_PRACTICE/interfaces/install/interfaces/share/interfaces/package.dsv
[3.153s] -- Up-to-date: /home/abhiniraula/Documents/ROS2_PRACTICE/interfaces/install/interfaces/share/ament_index/resource_index/packages/interfaces
[3.153s] -- Up-to-date: /home/abhiniraula/Documents/ROS2_PRACTICE/interfaces/install/interfaces/share/interfaces/cmake/export_interfaces_srv__rosidl_generator_cExport.cmake
[3.153s] -- Up-to-date: /home/abhiniraula/Documents/ROS2_PRACTICE/interfaces/install/interfaces/share/interfaces/cmake/export_interfaces_srv__rosidl_generator_cExport-noconfig.cmake
[3.153s] -- Up-to-date: /home/abhiniraula/Documents/ROS2_PRACTICE/interfaces/install/interfaces/share/interfaces/cmake/export_interfaces_srv__rosidl_typesupport_fastrtps_cExport.cmake
[3.153s] -- Up-to-date: /home/abhiniraula/Documents/ROS2_PRACTICE/interfaces/install/interfaces/share/interfaces/cmake/export_interfaces_srv__rosidl_typesupport_fastrtps_cExport-noconfig.cmake
[3.153s] -- Up-to-date: /home/abhiniraula/Documents/ROS2_PRACTICE/interfaces/install/interfaces/share/interfaces/cmake/export_interfaces_srv__rosidl_generator_cppExport.cmake
[3.153s] -- Up-to-date: /home/abhiniraula/Documents/ROS2_PRACTICE/interfaces/install/interfaces/share/interfaces/cmake/export_interfaces_srv__rosidl_typesupport_fastrtps_cppExport.cmake
[3.153s] -- Up-to-date: /home/abhiniraula/Documents/ROS2_PRACTICE/interfaces/install/interfaces/share/interfaces/cmake/export_interfaces_srv__rosidl_typesupport_fastrtps_cppExport-noconfig.cmake
[3.153s] -- Up-to-date: /home/abhiniraula/Documents/ROS2_PRACTICE/interfaces/install/interfaces/share/interfaces/cmake/interfaces_srv__rosidl_typesupport_introspection_cExport.cmake
[3.153s] -- Up-to-date: /home/abhiniraula/Documents/ROS2_PRACTICE/interfaces/install/interfaces/share/interfaces/cmake/interfaces_srv__rosidl_typesupport_introspection_cExport-noconfig.cmake
[3.154s] -- Up-to-date: /home/abhiniraula/Documents/ROS2_PRACTICE/interfaces/install/interfaces/share/interfaces/cmake/interfaces_srv__rosidl_typesupport_cExport.cmake
[3.154s] -- Up-to-date: /home/abhiniraula/Documents/ROS2_PRACTICE/interfaces/install/interfaces/share/interfaces/cmake/interfaces_srv__rosidl_typesupport_cExport-noconfig.cmake
[3.154s] -- Up-to-date: /home/abhiniraula/Documents/ROS2_PRACTICE/interfaces/install/interfaces/share/interfaces/cmake/interfaces_srv__rosidl_typesupport_introspection_cppExport.cmake
[3.154s] -- Up-to-date: /home/abhiniraula/Documents/ROS2_PRACTICE/interfaces/install/interfaces/share/interfaces/cmake/interfaces_srv__rosidl_typesupport_introspection_cppExport-noconfig.cmake
[3.154s] -- Up-to-date: /home/abhiniraula/Documents/ROS2_PRACTICE/interfaces/install/interfaces/share/interfaces/cmake/interfaces_srv__rosidl_typesupport_cppExport.cmake
[3.154s] -- Up-to-date: /home/abhiniraula/Documents/ROS2_PRACTICE/interfaces/install/interfaces/share/interfaces/cmake/interfaces_srv__rosidl_typesupport_cppExport-noconfig.cmake
[3.154s] -- Up-to-date: /home/abhiniraula/Documents/ROS2_PRACTICE/interfaces/install/interfaces/share/interfaces/cmake/export_interfaces_srv__rosidl_generator_pyExport.cmake
[3.154s] -- Up-to-date: /home/abhiniraula/Documents/ROS2_PRACTICE/interfaces/install/interfaces/share/interfaces/cmake/export_interfaces_srv__rosidl_generator_pyExport-noconfig.cmake
[3.154s] -- Up-to-date: /home/abhiniraula/Documents/ROS2_PRACTICE/interfaces/install/interfaces/share/interfaces/cmake/rosidl_cmake-extras.cmake
[3.154s] -- Up-to-date: /home/abhiniraula/Documents/ROS2_PRACTICE/interfaces/install/interfaces/share/interfaces/cmake/ament_cmake_export_dependencies-extras.cmake
[3.154s] -- Up-to-date: /home/abhiniraula/Documents/ROS2_PRACTICE/interfaces/install/interfaces/share/interfaces/cmake/ament_cmake_export_include_directories-extras.cmake
[3.154s] -- Up-to-date: /home/abhiniraula/Documents/ROS2_PRACTICE/interfaces/install/interfaces/share/interfaces/cmake/ament_cmake_export_libraries-extras.cmake
[3.154s] -- Up-to-date: /home/abhiniraula/Documents/ROS2_PRACTICE/interfaces/install/interfaces/share/interfaces/cmake/ament_cmake_export_targets-extras.cmake
[3.154s] -- Up-to-date: /home/abhiniraula/Documents/ROS2_PRACTICE/interfaces/install/interfaces/share/interfaces/cmake/rosidl_cmake_export_typesupport_targets-extras.cmake
[3.155s] -- Up-to-date: /home/abhiniraula/Documents/ROS2_PRACTICE/interfaces/install/interfaces/share/interfaces/cmake/rosidl_cmake_export_typesupport_libraries-extras.cmake
[3.155s] -- Up-to-date: /home/abhiniraula/Documents/ROS2_PRACTICE/interfaces/install/interfaces/share/interfaces/cmake/interfacesConfig.cmake
[3.155s] -- Up-to-date: /home/abhiniraula/Documents/ROS2_PRACTICE/interfaces/install/interfaces/share/interfaces/cmake/interfacesConfig-version.cmake
[3.155s] -- Up-to-date: /home/abhiniraula/Documents/ROS2_PRACTICE/interfaces/install/interfaces/share/interfaces/package.xml
[3.157s] Invoked command in '/home/abhiniraula/Documents/ROS2_PRACTICE/interfaces/build/interfaces' returned '0': CMAKE_PREFIX_PATH=${CMAKE_PREFIX_PATH}:/home/abhiniraula/Documents/ROS2_PRACTICE/interfaces/install/temperature:/opt/ros/jazzy DEBUGINFOD_URLS=https://debuginfod.ubuntu.com /usr/bin/cmake --install /home/abhiniraula/Documents/ROS2_PRACTICE/interfaces/build/interfaces
