[0.012s] Invoking command in '/home/abhiniraula/Documents/ROS2_PRACTICE/interfaces/build/interfaces': CMAKE_PREFIX_PATH=${CMAKE_PREFIX_PATH}:/home/abhiniraula/Documents/ROS2_PRACTICE/interfaces/install/temperature:/opt/ros/jazzy DEBUGINFOD_URLS=https://debuginfod.ubuntu.com /usr/bin/cmake --build /home/abhiniraula/Documents/ROS2_PRACTICE/interfaces/build/interfaces -- -j8 -l8
[0.033s] -- Found ament_cmake: 2.5.2 (/opt/ros/jazzy/share/ament_cmake/cmake)
[0.223s] -- Found rosidl_default_generators: 1.6.0 (/opt/ros/jazzy/share/rosidl_default_generators/cmake)
[0.225s] -- Using all available rosidl_typesupport_c: rosidl_typesupport_fastrtps_c;rosidl_typesupport_introspection_c
[0.253s] -- Using all available rosidl_typesupport_cpp: rosidl_typesupport_fastrtps_cpp;rosidl_typesupport_introspection_cpp
[0.276s] -- Found rosidl_adapter: 4.6.4 (/opt/ros/jazzy/share/rosidl_adapter/cmake)
[0.277s] -- Found ament_lint_auto: 0.17.1 (/opt/ros/jazzy/share/ament_lint_auto/cmake)
[0.827s] -- Found ament_cmake_ros: 0.12.0 (/opt/ros/jazzy/share/ament_cmake_ros/cmake)
[1.191s] -- Using all available rosidl_typesupport_c: rosidl_typesupport_fastrtps_c;rosidl_typesupport_introspection_c
[1.666s] -- Using all available rosidl_typesupport_cpp: rosidl_typesupport_fastrtps_cpp;rosidl_typesupport_introspection_cpp
[1.668s] -- Found python_cmake_module: 0.11.1 (/opt/ros/jazzy/share/python_cmake_module/cmake)
[1.777s] -- Found PythonExtra: /usr/bin/python3  
[2.143s] -- Found Python3: /usr/bin/python3 (found version "3.12.3") found components: Interpreter Development NumPy Development.Module Development.Embed 
[2.183s] -- Added test 'lint_cmake' to check CMake code style
[2.184s] -- Added test 'xmllint' to check XML markup files
[2.190s] -- Found geometry_msgs: 5.3.5 (/opt/ros/jazzy/share/geometry_msgs/cmake)
[2.217s] -- Configuring done (2.2s)
[2.242s] -- Generating done (0.0s)
[2.251s] -- Build files have been written to: /home/abhiniraula/Documents/ROS2_PRACTICE/interfaces/build/interfaces
[2.277s] [  2%] [34m[1mGenerating type hashes for ROS interfaces[0m
[2.285s] [  2%] Built target ament_cmake_python_copy_interfaces
[2.500s] running egg_info
[2.501s] creating interfaces.egg-info
[2.517s] writing interfaces.egg-info/PKG-INFO
[2.518s] writing dependency_links to interfaces.egg-info/dependency_links.txt
[2.518s] writing top-level names to interfaces.egg-info/top_level.txt
[2.518s] writing manifest file 'interfaces.egg-info/SOURCES.txt'
[2.580s] reading manifest file 'interfaces.egg-info/SOURCES.txt'
[2.580s] writing manifest file 'interfaces.egg-info/SOURCES.txt'
[2.606s] [  2%] Built target ament_cmake_python_build_interfaces_egg
[4.249s] Traceback (most recent call last):
[4.249s]   File "/opt/ros/jazzy/lib/rosidl_generator_type_description/rosidl_generator_type_description", line 50, in <module>
[4.249s]     sys.exit(main())
[4.250s]              ^^^^^^
[4.250s]   File "/opt/ros/jazzy/lib/rosidl_generator_type_description/rosidl_generator_type_description", line 46, in main
[4.250s]     generate_type_hash(args.generator_arguments_file)
[4.250s]   File "/opt/ros/jazzy/lib/python3.12/site-packages/rosidl_generator_type_description/__init__.py", line 162, in generate_type_hash
[4.250s]     with include_path.open('r') as include_file:
[4.250s]          ^^^^^^^^^^^^^^^^^^^^^^
[4.250s]   File "/usr/lib/python3.12/pathlib.py", line 1015, in open
[4.250s]     return io.open(self, mode, buffering, encoding, errors, newline)
[4.250s]            ^^^^^^^^^^^^^^^^^^^^^^^^^^^^^^^^^^^^^^^^^^^^^^^^^^^^^^^^^
[4.250s] FileNotFoundError: [Errno 2] No such file or directory: '/home/abhiniraula/Documents/ROS2_PRACTICE/interfaces/build/interfaces/rosidl_generator_type_description/interfaces/msg/String.json'
[4.291s] gmake[2]: *** [CMakeFiles/interfaces_srv__rosidl_generator_type_description.dir/build.make:75: rosidl_generator_type_description/interfaces/srv/Temperature.json] Error 1
[4.291s] gmake[1]: *** [CMakeFiles/Makefile2:215: CMakeFiles/interfaces_srv__rosidl_generator_type_description.dir/all] Error 2
[4.292s] gmake: *** [Makefile:146: all] Error 2
[4.293s] Invoked command in '/home/abhiniraula/Documents/ROS2_PRACTICE/interfaces/build/interfaces' returned '2': CMAKE_PREFIX_PATH=${CMAKE_PREFIX_PATH}:/home/abhiniraula/Documents/ROS2_PRACTICE/interfaces/install/temperature:/opt/ros/jazzy DEBUGINFOD_URLS=https://debuginfod.ubuntu.com /usr/bin/cmake --build /home/abhiniraula/Documents/ROS2_PRACTICE/interfaces/build/interfaces -- -j8 -l8
